[2024-11-19 16:08:19,948] [DEBUG] [Blockchain] Initialized reputation_tokens with random values: {'node_5009': 70, 'node_5000': 82, 'node_5001': 86, 'node_5002': 66, 'node_5003': 86, 'node_5004': 71, 'node_5005': 71, 'node_5006': 82, 'node_5007': 84, 'node_5008': 83}
[2024-11-19 16:08:19,948] [INFO] [Blockchain] Creating genesis block.
[2024-11-19 16:08:19,948] [DEBUG] [Blockchain] Genesis block created: {
    "user_id": "genesis",
    "previous_hash": "0",
    "transaction": "Genesis Block",
    "commitment": "genesis_commitment",
    "timestamp": 1,
    "nonce": "nonce",
    "hash": "45c01128a000954fabe165f58e7f58c70fa5860f007c8f70eade6a8ac39a3b66"
}
[2024-11-19 16:08:19,948] [DEBUG] [Blockchain] Retrieving peer nodes for 'node_5009'.
[2024-11-19 16:08:19,949] [DEBUG] [Blockchain] Peer nodes from file: ['127.0.0.1:5000', '127.0.0.1:5001', '127.0.0.1:5002', '127.0.0.1:5003', '127.0.0.1:5004', '127.0.0.1:5005', '127.0.0.1:5006', '127.0.0.1:5007', '127.0.0.1:5008']
[2024-11-19 16:08:19,949] [DEBUG] [Blockchain] Loading consensus algorithm: HRBC
[2024-11-19 16:08:19,950] [DEBUG] [HRBC] Node properties initialized: {'node_5009': {'uptime': 0.9285144516494331, 'network_proximity': 0.9810948081395179}, 'node_5000': {'uptime': 0.9740223189015316, 'network_proximity': 0.4368338142569933}, 'node_5001': {'uptime': 0.9720663382405108, 'network_proximity': 0.2031659965667153}, 'node_5002': {'uptime': 0.9879722966515567, 'network_proximity': 0.5127895522344451}, 'node_5003': {'uptime': 0.9855599514720775, 'network_proximity': 0.8705605335924761}, 'node_5004': {'uptime': 0.933587428649771, 'network_proximity': 0.7637684764343998}, 'node_5005': {'uptime': 0.9441859216084945, 'network_proximity': 0.0439755374020836}, 'node_5006': {'uptime': 0.9045726639168366, 'network_proximity': 0.33081966295920284}, 'node_5007': {'uptime': 0.9038523694175629, 'network_proximity': 0.623276600965319}, 'node_5008': {'uptime': 0.999748408414262, 'network_proximity': 0.8746145175061215}}
[2024-11-19 16:08:19,950] [DEBUG] [HRBC] Clusters formed based on network proximity: {0: ['node_5005', 'node_5001', 'node_5006'], 1: ['node_5000', 'node_5002', 'node_5007'], 2: ['node_5004', 'node_5003', 'node_5008', 'node_5009']}
[2024-11-19 16:08:19,950] [DEBUG] [HRBC] Cluster leaders elected: {0: 'node_5001', 1: 'node_5007', 2: 'node_5003'}
[2024-11-19 16:08:19,950] [DEBUG] [HRBC] Super node elected: node_5001
[2024-11-19 16:08:19,950] [DEBUG] [Blockchain] Initialized with node_id: node_5009, data_dir: node_data\node_node_5009
[2024-11-19 16:08:19,950] [DEBUG] [Blockchain] Peer nodes: ['127.0.0.1:5000', '127.0.0.1:5001', '127.0.0.1:5002', '127.0.0.1:5003', '127.0.0.1:5004', '127.0.0.1:5005', '127.0.0.1:5006', '127.0.0.1:5007', '127.0.0.1:5008']
[2024-11-19 16:08:19,950] [DEBUG] [Blockchain] Consensus algorithm: HRBC
[2024-11-19 16:08:19,953] [INFO] Starting Flask server on port 5009
 * Serving Flask app 'app'
 * Debug mode: on
[2024-11-19 16:08:19,977] [INFO] [31m[1mWARNING: This is a development server. Do not use it in a production deployment. Use a production WSGI server instead.[0m
 * Running on http://127.0.0.1:5009
[2024-11-19 16:08:19,977] [INFO] [33mPress CTRL+C to quit[0m
[2024-11-19 16:08:25,020] [DEBUG] Entered /register endpoint
[2024-11-19 16:08:25,021] [DEBUG] Received registration data: {'userId': '9046513', 'hashedPassword': 6779112}
[2024-11-19 16:08:25,021] [INFO] User 9046513 registered successfully.
[2024-11-19 16:08:25,021] [DEBUG] [Blockchain] Last block retrieved: {
    "user_id": "genesis",
    "previous_hash": "0",
    "transaction": "Genesis Block",
    "commitment": "genesis_commitment",
    "timestamp": 1,
    "nonce": "nonce",
    "hash": "45c01128a000954fabe165f58e7f58c70fa5860f007c8f70eade6a8ac39a3b66"
}
[2024-11-19 16:08:25,021] [DEBUG] [HRBC] initiate_consensus called: node_id=node_5009, cluster_id=2, transactions={'action': 'register'}
[2024-11-19 16:08:25,021] [WARNING] [Blockchain] Consensus failed or block creation failed.
[2024-11-19 16:08:25,021] [DEBUG] None
[2024-11-19 16:08:25,021] [ERROR] Failed to add registration block.
[2024-11-19 16:08:25,022] [INFO] 127.0.0.1 - - [19/Nov/2024 16:08:25] "[35m[1mPOST /register HTTP/1.1[0m" 500 -
[2024-11-19 16:08:25,047] [DEBUG] [HRBC] Node node_5009 voted NO on block b0f91b70c53061f586322bdbd68ac214d669e0b291c3aac4addf999c0ce4defe
[2024-11-19 16:08:25,047] [DEBUG] Vote requested for block: b0f91b70c53061f586322bdbd68ac214d669e0b291c3aac4addf999c0ce4defe, Vote: False
[2024-11-19 16:08:25,047] [INFO] 127.0.0.1 - - [19/Nov/2024 16:08:25] "POST /vote_on_block HTTP/1.1" 200 -
[2024-11-19 16:08:25,129] [DEBUG] Entered /receive_block endpoint
[2024-11-19 16:08:25,130] [DEBUG] Received block data: {'user_id': '9046513', 'previous_hash': '45c01128a000954fabe165f58e7f58c70fa5860f007c8f70eade6a8ac39a3b66', 'transaction': {'action': 'register'}, 'nonce': 0, 'commitment': None, 'timestamp': 1732012705.0085354, 'consensus_node': 'node_5000'}
[2024-11-19 16:08:25,130] [DEBUG] Constructed new block: {
    "user_id": "9046513",
    "previous_hash": "45c01128a000954fabe165f58e7f58c70fa5860f007c8f70eade6a8ac39a3b66",
    "transaction": {
        "action": "register"
    },
    "commitment": null,
    "timestamp": 1732012705.0085354,
    "nonce": 0,
    "hash": "36cdd76db9e71fc12df1430acee37bccf3a663b0a26046be0f7f63c84a6789ec"
}
[2024-11-19 16:08:25,130] [DEBUG] [Blockchain] Last block retrieved: {
    "user_id": "genesis",
    "previous_hash": "0",
    "transaction": "Genesis Block",
    "commitment": "genesis_commitment",
    "timestamp": 1,
    "nonce": "nonce",
    "hash": "45c01128a000954fabe165f58e7f58c70fa5860f007c8f70eade6a8ac39a3b66"
}
[2024-11-19 16:08:25,130] [DEBUG] [HRBC] Cluster leaders elected: {0: 'node_5001', 1: 'node_5007', 2: 'node_5003'}
[2024-11-19 16:08:25,130] [DEBUG] [HRBC] Super node elected: node_5001
[2024-11-19 16:08:25,130] [ERROR] Invalid block received.
[2024-11-19 16:08:25,131] [INFO] 127.0.0.1 - - [19/Nov/2024 16:08:25] "[31m[1mPOST /receive_block HTTP/1.1[0m" 400 -
[2024-11-19 16:08:25,141] [DEBUG] Entered /receive_block endpoint
[2024-11-19 16:08:25,141] [DEBUG] Received block data: {'user_id': '9046513', 'previous_hash': '45c01128a000954fabe165f58e7f58c70fa5860f007c8f70eade6a8ac39a3b66', 'transaction': {'action': 'register'}, 'nonce': 0, 'commitment': None, 'timestamp': 1732012705.009533, 'consensus_node': 'node_5001'}
[2024-11-19 16:08:25,141] [DEBUG] Constructed new block: {
    "user_id": "9046513",
    "previous_hash": "45c01128a000954fabe165f58e7f58c70fa5860f007c8f70eade6a8ac39a3b66",
    "transaction": {
        "action": "register"
    },
    "commitment": null,
    "timestamp": 1732012705.009533,
    "nonce": 0,
    "hash": "0155cc01153525f569f72e96a702e3cfa43052ccd690ffe6009b5df3dc9f9ddc"
}
[2024-11-19 16:08:25,142] [DEBUG] [Blockchain] Last block retrieved: {
    "user_id": "genesis",
    "previous_hash": "0",
    "transaction": "Genesis Block",
    "commitment": "genesis_commitment",
    "timestamp": 1,
    "nonce": "nonce",
    "hash": "45c01128a000954fabe165f58e7f58c70fa5860f007c8f70eade6a8ac39a3b66"
}
[2024-11-19 16:08:25,142] [DEBUG] Entered /receive_block endpoint
[2024-11-19 16:08:25,142] [DEBUG] [HRBC] Cluster leaders elected: {0: 'node_5006', 1: 'node_5007', 2: 'node_5003'}
[2024-11-19 16:08:25,143] [DEBUG] Received block data: {'user_id': '9046513', 'previous_hash': '45c01128a000954fabe165f58e7f58c70fa5860f007c8f70eade6a8ac39a3b66', 'transaction': {'action': 'register'}, 'nonce': 0, 'commitment': None, 'timestamp': 1732012705.0105338, 'consensus_node': 'node_5002'}
[2024-11-19 16:08:25,143] [DEBUG] [HRBC] Super node elected: node_5003
[2024-11-19 16:08:25,143] [ERROR] Invalid block received.
[2024-11-19 16:08:25,143] [DEBUG] Constructed new block: {
    "user_id": "9046513",
    "previous_hash": "45c01128a000954fabe165f58e7f58c70fa5860f007c8f70eade6a8ac39a3b66",
    "transaction": {
        "action": "register"
    },
    "commitment": null,
    "timestamp": 1732012705.0105338,
    "nonce": 0,
    "hash": "89537ea4cb18e73b58a94256e6de21910218908f182d11afa8fafd295c18a098"
}
[2024-11-19 16:08:25,144] [INFO] 127.0.0.1 - - [19/Nov/2024 16:08:25] "[31m[1mPOST /receive_block HTTP/1.1[0m" 400 -
[2024-11-19 16:08:25,144] [DEBUG] [Blockchain] Last block retrieved: {
    "user_id": "genesis",
    "previous_hash": "0",
    "transaction": "Genesis Block",
    "commitment": "genesis_commitment",
    "timestamp": 1,
    "nonce": "nonce",
    "hash": "45c01128a000954fabe165f58e7f58c70fa5860f007c8f70eade6a8ac39a3b66"
}
[2024-11-19 16:08:25,144] [DEBUG] [HRBC] Cluster leaders elected: {0: 'node_5006', 1: 'node_5007', 2: 'node_5003'}
[2024-11-19 16:08:25,145] [DEBUG] [HRBC] Super node elected: node_5003
[2024-11-19 16:08:25,145] [ERROR] Invalid block received.
[2024-11-19 16:08:25,145] [INFO] 127.0.0.1 - - [19/Nov/2024 16:08:25] "[31m[1mPOST /receive_block HTTP/1.1[0m" 400 -
[2024-11-19 16:08:25,161] [DEBUG] Entered /receive_block endpoint
[2024-11-19 16:08:25,161] [DEBUG] Received block data: {'user_id': '9046513', 'previous_hash': '45c01128a000954fabe165f58e7f58c70fa5860f007c8f70eade6a8ac39a3b66', 'transaction': {'action': 'register'}, 'nonce': 0, 'commitment': None, 'timestamp': 1732012705.035536, 'consensus_node': 'node_5006'}
[2024-11-19 16:08:25,161] [DEBUG] Constructed new block: {
    "user_id": "9046513",
    "previous_hash": "45c01128a000954fabe165f58e7f58c70fa5860f007c8f70eade6a8ac39a3b66",
    "transaction": {
        "action": "register"
    },
    "commitment": null,
    "timestamp": 1732012705.035536,
    "nonce": 0,
    "hash": "7e647d904c968882c3c604dbe6dd037a7a001008280805923bde22451909be5c"
}
[2024-11-19 16:08:25,161] [DEBUG] [Blockchain] Last block retrieved: {
    "user_id": "genesis",
    "previous_hash": "0",
    "transaction": "Genesis Block",
    "commitment": "genesis_commitment",
    "timestamp": 1,
    "nonce": "nonce",
    "hash": "45c01128a000954fabe165f58e7f58c70fa5860f007c8f70eade6a8ac39a3b66"
}
[2024-11-19 16:08:25,162] [DEBUG] Entered /receive_block endpoint
[2024-11-19 16:08:25,162] [DEBUG] [HRBC] Cluster leaders elected: {0: 'node_5005', 1: 'node_5007', 2: 'node_5003'}
[2024-11-19 16:08:25,162] [DEBUG] Received block data: {'user_id': '9046513', 'previous_hash': '45c01128a000954fabe165f58e7f58c70fa5860f007c8f70eade6a8ac39a3b66', 'transaction': {'action': 'register'}, 'nonce': 0, 'commitment': None, 'timestamp': 1732012705.028533, 'consensus_node': 'node_5007'}
[2024-11-19 16:08:25,162] [DEBUG] [HRBC] Super node elected: node_5003
[2024-11-19 16:08:25,163] [DEBUG] Constructed new block: {
    "user_id": "9046513",
    "previous_hash": "45c01128a000954fabe165f58e7f58c70fa5860f007c8f70eade6a8ac39a3b66",
    "transaction": {
        "action": "register"
    },
    "commitment": null,
    "timestamp": 1732012705.028533,
    "nonce": 0,
    "hash": "b0f91b70c53061f586322bdbd68ac214d669e0b291c3aac4addf999c0ce4defe"
}
[2024-11-19 16:08:25,163] [ERROR] Invalid block received.
[2024-11-19 16:08:25,163] [DEBUG] [Blockchain] Last block retrieved: {
    "user_id": "genesis",
    "previous_hash": "0",
    "transaction": "Genesis Block",
    "commitment": "genesis_commitment",
    "timestamp": 1,
    "nonce": "nonce",
    "hash": "45c01128a000954fabe165f58e7f58c70fa5860f007c8f70eade6a8ac39a3b66"
}
[2024-11-19 16:08:25,163] [INFO] 127.0.0.1 - - [19/Nov/2024 16:08:25] "[31m[1mPOST /receive_block HTTP/1.1[0m" 400 -
[2024-11-19 16:08:25,164] [DEBUG] [HRBC] Cluster leaders elected: {0: 'node_5005', 1: 'node_5007', 2: 'node_5003'}
[2024-11-19 16:08:25,164] [DEBUG] [HRBC] Super node elected: node_5003
[2024-11-19 16:08:25,164] [ERROR] Invalid block received.
[2024-11-19 16:08:25,164] [INFO] 127.0.0.1 - - [19/Nov/2024 16:08:25] "[31m[1mPOST /receive_block HTTP/1.1[0m" 400 -
[2024-11-19 16:08:25,202] [DEBUG] Entered /initiate_zkp endpoint
[2024-11-19 16:08:25,204] [DEBUG] Received initiate_zkp data: {'userId': '9046513', 'T': 28}
[2024-11-19 16:08:25,204] [INFO] Commitment T stored for user 9046513.
[2024-11-19 16:08:25,205] [INFO] 127.0.0.1 - - [19/Nov/2024 16:08:25] "POST /initiate_zkp HTTP/1.1" 200 -
[2024-11-19 16:08:25,239] [DEBUG] Entered /verify_zkp endpoint
[2024-11-19 16:08:25,239] [DEBUG] Received verify_zkp data: {'userId': '9046513', 's': 3, 'challenge': 6}
[2024-11-19 16:08:25,239] [INFO] ZKP verified for user 9046513. Token issued: {'user_id': '9046513', 'node_id': '127.0.0.1:5009', 'exp': datetime.datetime(2024, 11, 19, 10, 43, 25, 239533)}
[2024-11-19 16:08:25,240] [INFO] 127.0.0.1 - - [19/Nov/2024 16:08:25] "POST /verify_zkp HTTP/1.1" 200 -
[2024-11-19 16:09:32,716] [DEBUG] Entered /register endpoint
[2024-11-19 16:09:32,716] [DEBUG] Received registration data: {'userId': '4550692', 'hashedPassword': 3746812}
[2024-11-19 16:09:32,717] [INFO] User 4550692 registered successfully.
[2024-11-19 16:09:32,717] [DEBUG] [Blockchain] Last block retrieved: {
    "user_id": "genesis",
    "previous_hash": "0",
    "transaction": "Genesis Block",
    "commitment": "genesis_commitment",
    "timestamp": 1,
    "nonce": "nonce",
    "hash": "45c01128a000954fabe165f58e7f58c70fa5860f007c8f70eade6a8ac39a3b66"
}
[2024-11-19 16:09:32,717] [DEBUG] [HRBC] initiate_consensus called: node_id=node_5009, cluster_id=2, transactions={'action': 'register'}
[2024-11-19 16:09:32,717] [WARNING] [Blockchain] Consensus failed or block creation failed.
[2024-11-19 16:09:32,717] [DEBUG] None
[2024-11-19 16:09:32,717] [ERROR] Failed to add registration block.
[2024-11-19 16:09:32,717] [INFO] 127.0.0.1 - - [19/Nov/2024 16:09:32] "[35m[1mPOST /register HTTP/1.1[0m" 500 -
[2024-11-19 16:09:32,722] [DEBUG] [HRBC] Node node_5009 voted NO on block cc656f2edb330258fb9aacf9a8a966f63769eae020ab57493668ef4aca5ceccf
[2024-11-19 16:09:32,722] [DEBUG] Vote requested for block: cc656f2edb330258fb9aacf9a8a966f63769eae020ab57493668ef4aca5ceccf, Vote: False
[2024-11-19 16:09:32,722] [INFO] 127.0.0.1 - - [19/Nov/2024 16:09:32] "POST /vote_on_block HTTP/1.1" 200 -
[2024-11-19 16:09:32,741] [DEBUG] [HRBC] Node node_5009 voted NO on block 6be55a15c76955f1a14eaa059de7ed0cf36063ab2fa4c11daeae1b002515afa3
[2024-11-19 16:09:32,741] [DEBUG] Vote requested for block: 6be55a15c76955f1a14eaa059de7ed0cf36063ab2fa4c11daeae1b002515afa3, Vote: False
[2024-11-19 16:09:32,741] [INFO] 127.0.0.1 - - [19/Nov/2024 16:09:32] "POST /vote_on_block HTTP/1.1" 200 -
[2024-11-19 16:09:32,801] [DEBUG] Entered /receive_block endpoint
[2024-11-19 16:09:32,801] [DEBUG] Received block data: {'user_id': '4550692', 'previous_hash': '89537ea4cb18e73b58a94256e6de21910218908f182d11afa8fafd295c18a098', 'transaction': {'action': 'register'}, 'nonce': 0, 'commitment': None, 'timestamp': 1732012772.718238, 'consensus_node': 'node_5002'}
[2024-11-19 16:09:32,802] [DEBUG] Constructed new block: {
    "user_id": "4550692",
    "previous_hash": "89537ea4cb18e73b58a94256e6de21910218908f182d11afa8fafd295c18a098",
    "transaction": {
        "action": "register"
    },
    "commitment": null,
    "timestamp": 1732012772.718238,
    "nonce": 0,
    "hash": "c00ac4a60b92e26d19299fa2351c601479dd41029f7825e7fc36a4ca32a04c52"
}
[2024-11-19 16:09:32,802] [DEBUG] [Blockchain] Last block retrieved: {
    "user_id": "genesis",
    "previous_hash": "0",
    "transaction": "Genesis Block",
    "commitment": "genesis_commitment",
    "timestamp": 1,
    "nonce": "nonce",
    "hash": "45c01128a000954fabe165f58e7f58c70fa5860f007c8f70eade6a8ac39a3b66"
}
[2024-11-19 16:09:32,802] [DEBUG] [HRBC] Cluster leaders elected: {0: 'node_5005', 1: 'node_5007', 2: 'node_5003'}
[2024-11-19 16:09:32,802] [DEBUG] [HRBC] Super node elected: node_5003
[2024-11-19 16:09:32,802] [ERROR] Invalid block received.
[2024-11-19 16:09:32,802] [INFO] 127.0.0.1 - - [19/Nov/2024 16:09:32] "[31m[1mPOST /receive_block HTTP/1.1[0m" 400 -
[2024-11-19 16:09:32,834] [DEBUG] Entered /receive_block endpoint
[2024-11-19 16:09:32,835] [DEBUG] Received block data: {'user_id': '4550692', 'previous_hash': '0155cc01153525f569f72e96a702e3cfa43052ccd690ffe6009b5df3dc9f9ddc', 'transaction': {'action': 'register'}, 'nonce': 0, 'commitment': None, 'timestamp': 1732012772.7162378, 'consensus_node': 'node_5001'}
[2024-11-19 16:09:32,835] [DEBUG] Constructed new block: {
    "user_id": "4550692",
    "previous_hash": "0155cc01153525f569f72e96a702e3cfa43052ccd690ffe6009b5df3dc9f9ddc",
    "transaction": {
        "action": "register"
    },
    "commitment": null,
    "timestamp": 1732012772.7162378,
    "nonce": 0,
    "hash": "269dce6739a60f55cc81f868352e898391fae6281053a8c68685fdf810e94741"
}
[2024-11-19 16:09:32,835] [DEBUG] [Blockchain] Last block retrieved: {
    "user_id": "genesis",
    "previous_hash": "0",
    "transaction": "Genesis Block",
    "commitment": "genesis_commitment",
    "timestamp": 1,
    "nonce": "nonce",
    "hash": "45c01128a000954fabe165f58e7f58c70fa5860f007c8f70eade6a8ac39a3b66"
}
[2024-11-19 16:09:32,835] [DEBUG] [HRBC] Cluster leaders elected: {0: 'node_5005', 1: 'node_5007', 2: 'node_5003'}
[2024-11-19 16:09:32,835] [DEBUG] [HRBC] Super node elected: node_5003
[2024-11-19 16:09:32,835] [ERROR] Invalid block received.
[2024-11-19 16:09:32,835] [INFO] 127.0.0.1 - - [19/Nov/2024 16:09:32] "[31m[1mPOST /receive_block HTTP/1.1[0m" 400 -
[2024-11-19 16:09:32,836] [DEBUG] Entered /receive_block endpoint
[2024-11-19 16:09:32,837] [DEBUG] Received block data: {'user_id': '4550692', 'previous_hash': '45c01128a000954fabe165f58e7f58c70fa5860f007c8f70eade6a8ac39a3b66', 'transaction': {'action': 'register'}, 'nonce': 0, 'commitment': None, 'timestamp': 1732012772.718238, 'consensus_node': 'node_5004'}
[2024-11-19 16:09:32,837] [DEBUG] Constructed new block: {
    "user_id": "4550692",
    "previous_hash": "45c01128a000954fabe165f58e7f58c70fa5860f007c8f70eade6a8ac39a3b66",
    "transaction": {
        "action": "register"
    },
    "commitment": null,
    "timestamp": 1732012772.718238,
    "nonce": 0,
    "hash": "a0d3f91a3ba4af9bd226415015d693456e6baff8802307e40b9b2b87493bcb18"
}
[2024-11-19 16:09:32,837] [DEBUG] [Blockchain] Last block retrieved: {
    "user_id": "genesis",
    "previous_hash": "0",
    "transaction": "Genesis Block",
    "commitment": "genesis_commitment",
    "timestamp": 1,
    "nonce": "nonce",
    "hash": "45c01128a000954fabe165f58e7f58c70fa5860f007c8f70eade6a8ac39a3b66"
}
[2024-11-19 16:09:32,837] [DEBUG] [HRBC] Cluster leaders elected: {0: 'node_5005', 1: 'node_5007', 2: 'node_5003'}
[2024-11-19 16:09:32,837] [DEBUG] [HRBC] Super node elected: node_5003
[2024-11-19 16:09:32,837] [ERROR] Invalid block received.
[2024-11-19 16:09:32,840] [INFO] 127.0.0.1 - - [19/Nov/2024 16:09:32] "[31m[1mPOST /receive_block HTTP/1.1[0m" 400 -
[2024-11-19 16:09:32,846] [DEBUG] Entered /receive_block endpoint
[2024-11-19 16:09:32,847] [DEBUG] Received block data: {'user_id': '4550692', 'previous_hash': '7e647d904c968882c3c604dbe6dd037a7a001008280805923bde22451909be5c', 'transaction': {'action': 'register'}, 'nonce': 0, 'commitment': None, 'timestamp': 1732012772.718238, 'consensus_node': 'node_5006'}
[2024-11-19 16:09:32,847] [DEBUG] Constructed new block: {
    "user_id": "4550692",
    "previous_hash": "7e647d904c968882c3c604dbe6dd037a7a001008280805923bde22451909be5c",
    "transaction": {
        "action": "register"
    },
    "commitment": null,
    "timestamp": 1732012772.718238,
    "nonce": 0,
    "hash": "cc656f2edb330258fb9aacf9a8a966f63769eae020ab57493668ef4aca5ceccf"
}
[2024-11-19 16:09:32,847] [DEBUG] [Blockchain] Last block retrieved: {
    "user_id": "genesis",
    "previous_hash": "0",
    "transaction": "Genesis Block",
    "commitment": "genesis_commitment",
    "timestamp": 1,
    "nonce": "nonce",
    "hash": "45c01128a000954fabe165f58e7f58c70fa5860f007c8f70eade6a8ac39a3b66"
}
[2024-11-19 16:09:32,847] [DEBUG] [HRBC] Cluster leaders elected: {0: 'node_5005', 1: 'node_5007', 2: 'node_5003'}
[2024-11-19 16:09:32,847] [DEBUG] [HRBC] Super node elected: node_5003
[2024-11-19 16:09:32,847] [ERROR] Invalid block received.
[2024-11-19 16:09:32,847] [INFO] 127.0.0.1 - - [19/Nov/2024 16:09:32] "[31m[1mPOST /receive_block HTTP/1.1[0m" 400 -
[2024-11-19 16:09:32,851] [DEBUG] Entered /receive_block endpoint
[2024-11-19 16:09:32,852] [DEBUG] Received block data: {'user_id': '4550692', 'previous_hash': 'b0f91b70c53061f586322bdbd68ac214d669e0b291c3aac4addf999c0ce4defe', 'transaction': {'action': 'register'}, 'nonce': 0, 'commitment': None, 'timestamp': 1732012772.713237, 'consensus_node': 'node_5007'}
[2024-11-19 16:09:32,852] [DEBUG] Constructed new block: {
    "user_id": "4550692",
    "previous_hash": "b0f91b70c53061f586322bdbd68ac214d669e0b291c3aac4addf999c0ce4defe",
    "transaction": {
        "action": "register"
    },
    "commitment": null,
    "timestamp": 1732012772.713237,
    "nonce": 0,
    "hash": "6be55a15c76955f1a14eaa059de7ed0cf36063ab2fa4c11daeae1b002515afa3"
}
[2024-11-19 16:09:32,852] [DEBUG] [Blockchain] Last block retrieved: {
    "user_id": "genesis",
    "previous_hash": "0",
    "transaction": "Genesis Block",
    "commitment": "genesis_commitment",
    "timestamp": 1,
    "nonce": "nonce",
    "hash": "45c01128a000954fabe165f58e7f58c70fa5860f007c8f70eade6a8ac39a3b66"
}
[2024-11-19 16:09:32,852] [DEBUG] [HRBC] Cluster leaders elected: {0: 'node_5005', 1: 'node_5000', 2: 'node_5003'}
[2024-11-19 16:09:32,852] [DEBUG] [HRBC] Super node elected: node_5003
[2024-11-19 16:09:32,852] [ERROR] Invalid block received.
[2024-11-19 16:09:32,853] [INFO] 127.0.0.1 - - [19/Nov/2024 16:09:32] "[31m[1mPOST /receive_block HTTP/1.1[0m" 400 -
[2024-11-19 16:09:32,875] [DEBUG] Entered /receive_block endpoint
[2024-11-19 16:09:32,875] [DEBUG] Entered /receive_block endpoint
[2024-11-19 16:09:32,876] [DEBUG] Received block data: {'user_id': '4550692', 'previous_hash': '45c01128a000954fabe165f58e7f58c70fa5860f007c8f70eade6a8ac39a3b66', 'transaction': {'action': 'register'}, 'nonce': 0, 'commitment': None, 'timestamp': 1732012772.717239, 'consensus_node': 'node_5003'}
[2024-11-19 16:09:32,876] [DEBUG] Received block data: {'user_id': '4550692', 'previous_hash': '36cdd76db9e71fc12df1430acee37bccf3a663b0a26046be0f7f63c84a6789ec', 'transaction': {'action': 'register'}, 'nonce': 0, 'commitment': None, 'timestamp': 1732012772.713237, 'consensus_node': 'node_5000'}
[2024-11-19 16:09:32,876] [DEBUG] Constructed new block: {
    "user_id": "4550692",
    "previous_hash": "45c01128a000954fabe165f58e7f58c70fa5860f007c8f70eade6a8ac39a3b66",
    "transaction": {
        "action": "register"
    },
    "commitment": null,
    "timestamp": 1732012772.717239,
    "nonce": 0,
    "hash": "0a2b32a3937b8309e47a765371deeb99402051c62d5bc88efa0371e1dd3ed5b9"
}
[2024-11-19 16:09:32,876] [DEBUG] Constructed new block: {
    "user_id": "4550692",
    "previous_hash": "36cdd76db9e71fc12df1430acee37bccf3a663b0a26046be0f7f63c84a6789ec",
    "transaction": {
        "action": "register"
    },
    "commitment": null,
    "timestamp": 1732012772.713237,
    "nonce": 0,
    "hash": "6e582b9420a17f808a631f55d9a877f2fbb857c7e8df3ff8883dc0bcf7a91dc7"
}
[2024-11-19 16:09:32,876] [DEBUG] [Blockchain] Last block retrieved: {
    "user_id": "genesis",
    "previous_hash": "0",
    "transaction": "Genesis Block",
    "commitment": "genesis_commitment",
    "timestamp": 1,
    "nonce": "nonce",
    "hash": "45c01128a000954fabe165f58e7f58c70fa5860f007c8f70eade6a8ac39a3b66"
}
[2024-11-19 16:09:32,876] [DEBUG] [Blockchain] Last block retrieved: {
    "user_id": "genesis",
    "previous_hash": "0",
    "transaction": "Genesis Block",
    "commitment": "genesis_commitment",
    "timestamp": 1,
    "nonce": "nonce",
    "hash": "45c01128a000954fabe165f58e7f58c70fa5860f007c8f70eade6a8ac39a3b66"
}
[2024-11-19 16:09:32,876] [DEBUG] [HRBC] Cluster leaders elected: {0: 'node_5005', 1: 'node_5000', 2: 'node_5008'}
[2024-11-19 16:09:32,876] [DEBUG] [HRBC] Cluster leaders elected: {0: 'node_5005', 1: 'node_5007', 2: 'node_5008'}
[2024-11-19 16:09:32,876] [DEBUG] [HRBC] Super node elected: node_5008
[2024-11-19 16:09:32,876] [DEBUG] [HRBC] Super node elected: node_5008
[2024-11-19 16:09:32,876] [ERROR] Invalid block received.
[2024-11-19 16:09:32,877] [ERROR] Invalid block received.
[2024-11-19 16:09:32,877] [INFO] 127.0.0.1 - - [19/Nov/2024 16:09:32] "[31m[1mPOST /receive_block HTTP/1.1[0m" 400 -
[2024-11-19 16:09:32,877] [INFO] 127.0.0.1 - - [19/Nov/2024 16:09:32] "[31m[1mPOST /receive_block HTTP/1.1[0m" 400 -
[2024-11-19 16:09:32,898] [DEBUG] Entered /initiate_zkp endpoint
[2024-11-19 16:09:32,898] [DEBUG] Received initiate_zkp data: {'userId': '4550692', 'T': 5}
[2024-11-19 16:09:32,898] [INFO] Commitment T stored for user 4550692.
[2024-11-19 16:09:32,899] [INFO] 127.0.0.1 - - [19/Nov/2024 16:09:32] "POST /initiate_zkp HTTP/1.1" 200 -
[2024-11-19 16:09:32,920] [DEBUG] Entered /verify_zkp endpoint
[2024-11-19 16:09:32,920] [DEBUG] Received verify_zkp data: {'userId': '4550692', 's': 5, 'challenge': 10}
[2024-11-19 16:09:32,921] [INFO] ZKP verified for user 4550692. Token issued: {'user_id': '4550692', 'node_id': '127.0.0.1:5009', 'exp': datetime.datetime(2024, 11, 19, 10, 44, 32, 921238)}
[2024-11-19 16:09:32,921] [INFO] 127.0.0.1 - - [19/Nov/2024 16:09:32] "POST /verify_zkp HTTP/1.1" 200 -
[2024-11-19 16:11:49,666] [DEBUG] Entered /register endpoint
[2024-11-19 16:11:49,666] [DEBUG] Received registration data: {'userId': '8374846', 'hashedPassword': 6585755}
[2024-11-19 16:11:49,667] [INFO] User 8374846 registered successfully.
[2024-11-19 16:11:49,667] [DEBUG] [Blockchain] Last block retrieved: {
    "user_id": "genesis",
    "previous_hash": "0",
    "transaction": "Genesis Block",
    "commitment": "genesis_commitment",
    "timestamp": 1,
    "nonce": "nonce",
    "hash": "45c01128a000954fabe165f58e7f58c70fa5860f007c8f70eade6a8ac39a3b66"
}
[2024-11-19 16:11:49,667] [DEBUG] [HRBC] initiate_consensus called: node_id=node_5009, cluster_id=2, transactions={'action': 'register'}
[2024-11-19 16:11:49,667] [WARNING] [Blockchain] Consensus failed or block creation failed.
[2024-11-19 16:11:49,667] [DEBUG] None
[2024-11-19 16:11:49,667] [ERROR] Failed to add registration block.
[2024-11-19 16:11:49,667] [INFO] 127.0.0.1 - - [19/Nov/2024 16:11:49] "[35m[1mPOST /register HTTP/1.1[0m" 500 -
[2024-11-19 16:11:49,669] [DEBUG] [HRBC] Node node_5009 voted NO on block fb0a727a0eb0ccc56b85b1adabfaccea19906be2f853b2074db3c017d556a320
[2024-11-19 16:11:49,669] [DEBUG] Vote requested for block: fb0a727a0eb0ccc56b85b1adabfaccea19906be2f853b2074db3c017d556a320, Vote: False
[2024-11-19 16:11:49,670] [INFO] 127.0.0.1 - - [19/Nov/2024 16:11:49] "POST /vote_on_block HTTP/1.1" 200 -
[2024-11-19 16:11:49,679] [DEBUG] [HRBC] Node node_5009 voted YES on block f81b8c262aa0dba6a974e63096ed9abb4a616fefe24605b17590fc6e08767289
[2024-11-19 16:11:49,679] [DEBUG] Vote requested for block: f81b8c262aa0dba6a974e63096ed9abb4a616fefe24605b17590fc6e08767289, Vote: True
[2024-11-19 16:11:49,679] [INFO] 127.0.0.1 - - [19/Nov/2024 16:11:49] "POST /vote_on_block HTTP/1.1" 200 -
[2024-11-19 16:11:49,680] [DEBUG] [HRBC] Node node_5009 voted YES on block d72bcd3b72724a71ebe7d76637c31b172f032a71736a81ba6842e97e77a5f0a7
[2024-11-19 16:11:49,681] [DEBUG] Vote requested for block: d72bcd3b72724a71ebe7d76637c31b172f032a71736a81ba6842e97e77a5f0a7, Vote: True
[2024-11-19 16:11:49,681] [INFO] 127.0.0.1 - - [19/Nov/2024 16:11:49] "POST /vote_on_block HTTP/1.1" 200 -
[2024-11-19 16:11:49,686] [DEBUG] [HRBC] Node node_5009 voted YES on block 61435c546885e6254b36587d18e716c8d619065d066a67fe84c2dd3c9b0070d3
[2024-11-19 16:11:49,686] [DEBUG] Vote requested for block: 61435c546885e6254b36587d18e716c8d619065d066a67fe84c2dd3c9b0070d3, Vote: True
[2024-11-19 16:11:49,688] [INFO] 127.0.0.1 - - [19/Nov/2024 16:11:49] "POST /vote_on_block HTTP/1.1" 200 -
[2024-11-19 16:11:49,706] [DEBUG] [HRBC] Node node_5009 voted YES on block 0430d0f37678ca32cd971a75994d13cffbfbe08de1014fcc79b70cd1bcd010f6
[2024-11-19 16:11:49,707] [DEBUG] Vote requested for block: 0430d0f37678ca32cd971a75994d13cffbfbe08de1014fcc79b70cd1bcd010f6, Vote: True
[2024-11-19 16:11:49,707] [INFO] 127.0.0.1 - - [19/Nov/2024 16:11:49] "POST /vote_on_block HTTP/1.1" 200 -
[2024-11-19 16:11:49,755] [DEBUG] Entered /receive_block endpoint
[2024-11-19 16:11:49,755] [DEBUG] Received block data: {'user_id': '8374846', 'previous_hash': '45c01128a000954fabe165f58e7f58c70fa5860f007c8f70eade6a8ac39a3b66', 'transaction': {'action': 'register'}, 'nonce': 0, 'commitment': None, 'timestamp': 1732012909.6677077, 'consensus_node': 'node_5005'}
[2024-11-19 16:11:49,756] [DEBUG] Constructed new block: {
    "user_id": "8374846",
    "previous_hash": "45c01128a000954fabe165f58e7f58c70fa5860f007c8f70eade6a8ac39a3b66",
    "transaction": {
        "action": "register"
    },
    "commitment": null,
    "timestamp": 1732012909.6677077,
    "nonce": 0,
    "hash": "61435c546885e6254b36587d18e716c8d619065d066a67fe84c2dd3c9b0070d3"
}
[2024-11-19 16:11:49,756] [DEBUG] [Blockchain] Last block retrieved: {
    "user_id": "genesis",
    "previous_hash": "0",
    "transaction": "Genesis Block",
    "commitment": "genesis_commitment",
    "timestamp": 1,
    "nonce": "nonce",
    "hash": "45c01128a000954fabe165f58e7f58c70fa5860f007c8f70eade6a8ac39a3b66"
}
[2024-11-19 16:11:49,756] [DEBUG] [HRBC] Cluster leaders elected: {0: 'node_5005', 1: 'node_5007', 2: 'node_5008'}
[2024-11-19 16:11:49,756] [DEBUG] [HRBC] Super node elected: node_5008
[2024-11-19 16:11:49,756] [ERROR] Invalid block received.
[2024-11-19 16:11:49,756] [INFO] 127.0.0.1 - - [19/Nov/2024 16:11:49] "[31m[1mPOST /receive_block HTTP/1.1[0m" 400 -
[2024-11-19 16:11:49,764] [DEBUG] Entered /receive_block endpoint
[2024-11-19 16:11:49,764] [DEBUG] Received block data: {'user_id': '8374846', 'previous_hash': '6e582b9420a17f808a631f55d9a877f2fbb857c7e8df3ff8883dc0bcf7a91dc7', 'transaction': {'action': 'register'}, 'nonce': 0, 'commitment': None, 'timestamp': 1732012909.6607087, 'consensus_node': 'node_5000'}
[2024-11-19 16:11:49,764] [DEBUG] Constructed new block: {
    "user_id": "8374846",
    "previous_hash": "6e582b9420a17f808a631f55d9a877f2fbb857c7e8df3ff8883dc0bcf7a91dc7",
    "transaction": {
        "action": "register"
    },
    "commitment": null,
    "timestamp": 1732012909.6607087,
    "nonce": 0,
    "hash": "40058b6b2dca3f61281fdfbbfa50e1569380a61e79bc4daa017534a97ab7c4a0"
}
[2024-11-19 16:11:49,764] [DEBUG] [Blockchain] Last block retrieved: {
    "user_id": "genesis",
    "previous_hash": "0",
    "transaction": "Genesis Block",
    "commitment": "genesis_commitment",
    "timestamp": 1,
    "nonce": "nonce",
    "hash": "45c01128a000954fabe165f58e7f58c70fa5860f007c8f70eade6a8ac39a3b66"
}
[2024-11-19 16:11:49,764] [DEBUG] [HRBC] Cluster leaders elected: {0: 'node_5005', 1: 'node_5007', 2: 'node_5008'}
[2024-11-19 16:11:49,764] [DEBUG] [HRBC] Super node elected: node_5008
[2024-11-19 16:11:49,765] [ERROR] Invalid block received.
[2024-11-19 16:11:49,765] [INFO] 127.0.0.1 - - [19/Nov/2024 16:11:49] "[31m[1mPOST /receive_block HTTP/1.1[0m" 400 -
[2024-11-19 16:11:49,784] [DEBUG] Entered /receive_block endpoint
[2024-11-19 16:11:49,784] [DEBUG] Received block data: {'user_id': '8374846', 'previous_hash': '6be55a15c76955f1a14eaa059de7ed0cf36063ab2fa4c11daeae1b002515afa3', 'transaction': {'action': 'register'}, 'nonce': 0, 'commitment': None, 'timestamp': 1732012909.6677077, 'consensus_node': 'node_5007'}
[2024-11-19 16:11:49,785] [DEBUG] Constructed new block: {
    "user_id": "8374846",
    "previous_hash": "6be55a15c76955f1a14eaa059de7ed0cf36063ab2fa4c11daeae1b002515afa3",
    "transaction": {
        "action": "register"
    },
    "commitment": null,
    "timestamp": 1732012909.6677077,
    "nonce": 0,
    "hash": "d72bcd3b72724a71ebe7d76637c31b172f032a71736a81ba6842e97e77a5f0a7"
}
[2024-11-19 16:11:49,785] [DEBUG] [Blockchain] Last block retrieved: {
    "user_id": "genesis",
    "previous_hash": "0",
    "transaction": "Genesis Block",
    "commitment": "genesis_commitment",
    "timestamp": 1,
    "nonce": "nonce",
    "hash": "45c01128a000954fabe165f58e7f58c70fa5860f007c8f70eade6a8ac39a3b66"
}
[2024-11-19 16:11:49,785] [DEBUG] Entered /receive_block endpoint
[2024-11-19 16:11:49,785] [DEBUG] [HRBC] Cluster leaders elected: {0: 'node_5005', 1: 'node_5002', 2: 'node_5008'}
[2024-11-19 16:11:49,785] [DEBUG] Received block data: {'user_id': '8374846', 'previous_hash': 'c00ac4a60b92e26d19299fa2351c601479dd41029f7825e7fc36a4ca32a04c52', 'transaction': {'action': 'register'}, 'nonce': 0, 'commitment': None, 'timestamp': 1732012909.6657073, 'consensus_node': 'node_5002'}
[2024-11-19 16:11:49,786] [DEBUG] [HRBC] Super node elected: node_5008
[2024-11-19 16:11:49,786] [DEBUG] Constructed new block: {
    "user_id": "8374846",
    "previous_hash": "c00ac4a60b92e26d19299fa2351c601479dd41029f7825e7fc36a4ca32a04c52",
    "transaction": {
        "action": "register"
    },
    "commitment": null,
    "timestamp": 1732012909.6657073,
    "nonce": 0,
    "hash": "acb5f8c4f1eff61a1d66975a1e046ec6d8a74d0732ded110af95c3e02fb074e6"
}
[2024-11-19 16:11:49,786] [ERROR] Invalid block received.
[2024-11-19 16:11:49,786] [DEBUG] [Blockchain] Last block retrieved: {
    "user_id": "genesis",
    "previous_hash": "0",
    "transaction": "Genesis Block",
    "commitment": "genesis_commitment",
    "timestamp": 1,
    "nonce": "nonce",
    "hash": "45c01128a000954fabe165f58e7f58c70fa5860f007c8f70eade6a8ac39a3b66"
}
[2024-11-19 16:11:49,786] [INFO] 127.0.0.1 - - [19/Nov/2024 16:11:49] "[31m[1mPOST /receive_block HTTP/1.1[0m" 400 -
[2024-11-19 16:11:49,786] [DEBUG] [HRBC] Cluster leaders elected: {0: 'node_5005', 1: 'node_5007', 2: 'node_5008'}
[2024-11-19 16:11:49,787] [DEBUG] [HRBC] Super node elected: node_5008
[2024-11-19 16:11:49,787] [ERROR] Invalid block received.
[2024-11-19 16:11:49,787] [INFO] 127.0.0.1 - - [19/Nov/2024 16:11:49] "[31m[1mPOST /receive_block HTTP/1.1[0m" 400 -
[2024-11-19 16:11:49,793] [DEBUG] Entered /receive_block endpoint
[2024-11-19 16:11:49,793] [DEBUG] Received block data: {'user_id': '8374846', 'previous_hash': '269dce6739a60f55cc81f868352e898391fae6281053a8c68685fdf810e94741', 'transaction': {'action': 'register'}, 'nonce': 0, 'commitment': None, 'timestamp': 1732012909.6657073, 'consensus_node': 'node_5001'}
[2024-11-19 16:11:49,794] [DEBUG] Constructed new block: {
    "user_id": "8374846",
    "previous_hash": "269dce6739a60f55cc81f868352e898391fae6281053a8c68685fdf810e94741",
    "transaction": {
        "action": "register"
    },
    "commitment": null,
    "timestamp": 1732012909.6657073,
    "nonce": 0,
    "hash": "46b7a600cb159a31d400cd230920368b1c46b89741e9aa11de9175e1f3b46429"
}
[2024-11-19 16:11:49,794] [DEBUG] [Blockchain] Last block retrieved: {
    "user_id": "genesis",
    "previous_hash": "0",
    "transaction": "Genesis Block",
    "commitment": "genesis_commitment",
    "timestamp": 1,
    "nonce": "nonce",
    "hash": "45c01128a000954fabe165f58e7f58c70fa5860f007c8f70eade6a8ac39a3b66"
}
[2024-11-19 16:11:49,794] [DEBUG] [HRBC] Cluster leaders elected: {0: 'node_5005', 1: 'node_5007', 2: 'node_5008'}
[2024-11-19 16:11:49,794] [DEBUG] [HRBC] Super node elected: node_5008
[2024-11-19 16:11:49,794] [ERROR] Invalid block received.
[2024-11-19 16:11:49,794] [INFO] 127.0.0.1 - - [19/Nov/2024 16:11:49] "[31m[1mPOST /receive_block HTTP/1.1[0m" 400 -
[2024-11-19 16:11:49,802] [DEBUG] Entered /receive_block endpoint
[2024-11-19 16:11:49,802] [DEBUG] Received block data: {'user_id': '8374846', 'previous_hash': 'a0d3f91a3ba4af9bd226415015d693456e6baff8802307e40b9b2b87493bcb18', 'transaction': {'action': 'register'}, 'nonce': 0, 'commitment': None, 'timestamp': 1732012909.6677077, 'consensus_node': 'node_5004'}
[2024-11-19 16:11:49,802] [DEBUG] Constructed new block: {
    "user_id": "8374846",
    "previous_hash": "a0d3f91a3ba4af9bd226415015d693456e6baff8802307e40b9b2b87493bcb18",
    "transaction": {
        "action": "register"
    },
    "commitment": null,
    "timestamp": 1732012909.6677077,
    "nonce": 0,
    "hash": "f81b8c262aa0dba6a974e63096ed9abb4a616fefe24605b17590fc6e08767289"
}
[2024-11-19 16:11:49,802] [DEBUG] [Blockchain] Last block retrieved: {
    "user_id": "genesis",
    "previous_hash": "0",
    "transaction": "Genesis Block",
    "commitment": "genesis_commitment",
    "timestamp": 1,
    "nonce": "nonce",
    "hash": "45c01128a000954fabe165f58e7f58c70fa5860f007c8f70eade6a8ac39a3b66"
}
[2024-11-19 16:11:49,802] [DEBUG] [HRBC] Cluster leaders elected: {0: 'node_5005', 1: 'node_5007', 2: 'node_5008'}
[2024-11-19 16:11:49,802] [DEBUG] [HRBC] Super node elected: node_5008
[2024-11-19 16:11:49,802] [ERROR] Invalid block received.
[2024-11-19 16:11:49,803] [INFO] 127.0.0.1 - - [19/Nov/2024 16:11:49] "[31m[1mPOST /receive_block HTTP/1.1[0m" 400 -
[2024-11-19 16:11:49,807] [DEBUG] Entered /receive_block endpoint
[2024-11-19 16:11:49,807] [DEBUG] Received block data: {'user_id': '8374846', 'previous_hash': 'cc656f2edb330258fb9aacf9a8a966f63769eae020ab57493668ef4aca5ceccf', 'transaction': {'action': 'register'}, 'nonce': 0, 'commitment': None, 'timestamp': 1732012909.6657073, 'consensus_node': 'node_5006'}
[2024-11-19 16:11:49,807] [DEBUG] Constructed new block: {
    "user_id": "8374846",
    "previous_hash": "cc656f2edb330258fb9aacf9a8a966f63769eae020ab57493668ef4aca5ceccf",
    "transaction": {
        "action": "register"
    },
    "commitment": null,
    "timestamp": 1732012909.6657073,
    "nonce": 0,
    "hash": "fb0a727a0eb0ccc56b85b1adabfaccea19906be2f853b2074db3c017d556a320"
}
[2024-11-19 16:11:49,808] [DEBUG] [Blockchain] Last block retrieved: {
    "user_id": "genesis",
    "previous_hash": "0",
    "transaction": "Genesis Block",
    "commitment": "genesis_commitment",
    "timestamp": 1,
    "nonce": "nonce",
    "hash": "45c01128a000954fabe165f58e7f58c70fa5860f007c8f70eade6a8ac39a3b66"
}
[2024-11-19 16:11:49,808] [DEBUG] [HRBC] Cluster leaders elected: {0: 'node_5005', 1: 'node_5007', 2: 'node_5008'}
[2024-11-19 16:11:49,808] [DEBUG] [HRBC] Super node elected: node_5008
[2024-11-19 16:11:49,808] [ERROR] Invalid block received.
[2024-11-19 16:11:49,808] [INFO] 127.0.0.1 - - [19/Nov/2024 16:11:49] "[31m[1mPOST /receive_block HTTP/1.1[0m" 400 -
[2024-11-19 16:11:49,811] [DEBUG] Entered /receive_block endpoint
[2024-11-19 16:11:49,811] [DEBUG] Received block data: {'user_id': '8374846', 'previous_hash': '0a2b32a3937b8309e47a765371deeb99402051c62d5bc88efa0371e1dd3ed5b9', 'transaction': {'action': 'register'}, 'nonce': 0, 'commitment': None, 'timestamp': 1732012909.6677077, 'consensus_node': 'node_5003'}
[2024-11-19 16:11:49,812] [DEBUG] Constructed new block: {
    "user_id": "8374846",
    "previous_hash": "0a2b32a3937b8309e47a765371deeb99402051c62d5bc88efa0371e1dd3ed5b9",
    "transaction": {
        "action": "register"
    },
    "commitment": null,
    "timestamp": 1732012909.6677077,
    "nonce": 0,
    "hash": "0430d0f37678ca32cd971a75994d13cffbfbe08de1014fcc79b70cd1bcd010f6"
}
[2024-11-19 16:11:49,812] [DEBUG] [Blockchain] Last block retrieved: {
    "user_id": "genesis",
    "previous_hash": "0",
    "transaction": "Genesis Block",
    "commitment": "genesis_commitment",
    "timestamp": 1,
    "nonce": "nonce",
    "hash": "45c01128a000954fabe165f58e7f58c70fa5860f007c8f70eade6a8ac39a3b66"
}
[2024-11-19 16:11:49,812] [DEBUG] [HRBC] Cluster leaders elected: {0: 'node_5005', 1: 'node_5007', 2: 'node_5008'}
[2024-11-19 16:11:49,812] [DEBUG] [HRBC] Super node elected: node_5008
[2024-11-19 16:11:49,812] [ERROR] Invalid block received.
[2024-11-19 16:11:49,812] [INFO] 127.0.0.1 - - [19/Nov/2024 16:11:49] "[31m[1mPOST /receive_block HTTP/1.1[0m" 400 -
[2024-11-19 16:11:49,832] [DEBUG] Entered /initiate_zkp endpoint
[2024-11-19 16:11:49,832] [DEBUG] Received initiate_zkp data: {'userId': '8374846', 'T': 16}
[2024-11-19 16:11:49,832] [INFO] Commitment T stored for user 8374846.
[2024-11-19 16:11:49,833] [INFO] 127.0.0.1 - - [19/Nov/2024 16:11:49] "POST /initiate_zkp HTTP/1.1" 200 -
[2024-11-19 16:11:49,857] [DEBUG] Entered /verify_zkp endpoint
[2024-11-19 16:11:49,857] [DEBUG] Received verify_zkp data: {'userId': '8374846', 's': 16, 'challenge': 26}
[2024-11-19 16:11:49,857] [INFO] ZKP verified for user 8374846. Token issued: {'user_id': '8374846', 'node_id': '127.0.0.1:5009', 'exp': datetime.datetime(2024, 11, 19, 10, 46, 49, 857707)}
[2024-11-19 16:11:49,857] [INFO] 127.0.0.1 - - [19/Nov/2024 16:11:49] "POST /verify_zkp HTTP/1.1" 200 -
