[2024-11-19 16:08:13,870] [DEBUG] [Blockchain] Initialized reputation_tokens with random values: {'node_5003': 69, 'node_5000': 100, 'node_5001': 93, 'node_5002': 76, 'node_5004': 67, 'node_5005': 56, 'node_5006': 83, 'node_5007': 99, 'node_5008': 87, 'node_5009': 65}
[2024-11-19 16:08:13,870] [INFO] [Blockchain] Creating genesis block.
[2024-11-19 16:08:13,870] [DEBUG] [Blockchain] Genesis block created: {
    "user_id": "genesis",
    "previous_hash": "0",
    "transaction": "Genesis Block",
    "commitment": "genesis_commitment",
    "timestamp": 1,
    "nonce": "nonce",
    "hash": "45c01128a000954fabe165f58e7f58c70fa5860f007c8f70eade6a8ac39a3b66"
}
[2024-11-19 16:08:13,870] [DEBUG] [Blockchain] Retrieving peer nodes for 'node_5003'.
[2024-11-19 16:08:13,871] [DEBUG] [Blockchain] Peer nodes from file: ['127.0.0.1:5000', '127.0.0.1:5001', '127.0.0.1:5002', '127.0.0.1:5004', '127.0.0.1:5005', '127.0.0.1:5006', '127.0.0.1:5007', '127.0.0.1:5008', '127.0.0.1:5009']
[2024-11-19 16:08:13,871] [DEBUG] [Blockchain] Loading consensus algorithm: HRBC
[2024-11-19 16:08:13,871] [DEBUG] [HRBC] Node properties initialized: {'node_5003': {'uptime': 0.9970614778345611, 'network_proximity': 0.13992504985719578}, 'node_5000': {'uptime': 0.9167547924072775, 'network_proximity': 0.2517008551739651}, 'node_5001': {'uptime': 0.9554621468082929, 'network_proximity': 0.8706388163088307}, 'node_5002': {'uptime': 0.9063706947755532, 'network_proximity': 0.1691293697989128}, 'node_5004': {'uptime': 0.9813680824815076, 'network_proximity': 0.2700498914621793}, 'node_5005': {'uptime': 0.996795753501429, 'network_proximity': 0.012083937238160924}, 'node_5006': {'uptime': 0.9265176043731842, 'network_proximity': 0.33355920319136556}, 'node_5007': {'uptime': 0.9340641356999813, 'network_proximity': 0.7498181766375271}, 'node_5008': {'uptime': 0.9329958814216815, 'network_proximity': 0.17794832302423536}, 'node_5009': {'uptime': 0.9986856449454214, 'network_proximity': 0.7244752970926945}}
[2024-11-19 16:08:13,871] [DEBUG] [HRBC] Clusters formed based on network proximity: {0: ['node_5005', 'node_5003', 'node_5002'], 1: ['node_5008', 'node_5000', 'node_5004'], 2: ['node_5006', 'node_5009', 'node_5007', 'node_5001']}
[2024-11-19 16:08:13,872] [DEBUG] [HRBC] Cluster leaders elected: {0: 'node_5002', 1: 'node_5000', 2: 'node_5007'}
[2024-11-19 16:08:13,872] [DEBUG] [HRBC] Super node elected: node_5000
[2024-11-19 16:08:13,872] [DEBUG] [Blockchain] Initialized with node_id: node_5003, data_dir: node_data\node_node_5003
[2024-11-19 16:08:13,872] [DEBUG] [Blockchain] Peer nodes: ['127.0.0.1:5000', '127.0.0.1:5001', '127.0.0.1:5002', '127.0.0.1:5004', '127.0.0.1:5005', '127.0.0.1:5006', '127.0.0.1:5007', '127.0.0.1:5008', '127.0.0.1:5009']
[2024-11-19 16:08:13,872] [DEBUG] [Blockchain] Consensus algorithm: HRBC
[2024-11-19 16:08:13,875] [INFO] Starting Flask server on port 5003
 * Serving Flask app 'app'
 * Debug mode: on
[2024-11-19 16:08:13,893] [INFO] [31m[1mWARNING: This is a development server. Do not use it in a production deployment. Use a production WSGI server instead.[0m
 * Running on http://127.0.0.1:5003
[2024-11-19 16:08:13,893] [INFO] [33mPress CTRL+C to quit[0m
[2024-11-19 16:08:25,012] [DEBUG] Entered /register endpoint
[2024-11-19 16:08:25,013] [DEBUG] Received registration data: {'userId': '9046513', 'hashedPassword': 6779112}
[2024-11-19 16:08:25,013] [INFO] User 9046513 registered successfully.
[2024-11-19 16:08:25,013] [DEBUG] [Blockchain] Last block retrieved: {
    "user_id": "genesis",
    "previous_hash": "0",
    "transaction": "Genesis Block",
    "commitment": "genesis_commitment",
    "timestamp": 1,
    "nonce": "nonce",
    "hash": "45c01128a000954fabe165f58e7f58c70fa5860f007c8f70eade6a8ac39a3b66"
}
[2024-11-19 16:08:25,013] [DEBUG] [HRBC] initiate_consensus called: node_id=node_5003, cluster_id=0, transactions={'action': 'register'}
[2024-11-19 16:08:25,013] [WARNING] [Blockchain] Consensus failed or block creation failed.
[2024-11-19 16:08:25,013] [DEBUG] None
[2024-11-19 16:08:25,013] [ERROR] Failed to add registration block.
[2024-11-19 16:08:25,014] [INFO] 127.0.0.1 - - [19/Nov/2024 16:08:25] "[35m[1mPOST /register HTTP/1.1[0m" 500 -
[2024-11-19 16:08:25,018] [DEBUG] [HRBC] Node node_5003 voted YES on block 0155cc01153525f569f72e96a702e3cfa43052ccd690ffe6009b5df3dc9f9ddc
[2024-11-19 16:08:25,018] [DEBUG] Vote requested for block: 0155cc01153525f569f72e96a702e3cfa43052ccd690ffe6009b5df3dc9f9ddc, Vote: True
[2024-11-19 16:08:25,019] [INFO] 127.0.0.1 - - [19/Nov/2024 16:08:25] "POST /vote_on_block HTTP/1.1" 200 -
[2024-11-19 16:08:25,068] [DEBUG] Entered /receive_block endpoint
[2024-11-19 16:08:25,068] [DEBUG] Received block data: {'user_id': '9046513', 'previous_hash': '45c01128a000954fabe165f58e7f58c70fa5860f007c8f70eade6a8ac39a3b66', 'transaction': {'action': 'register'}, 'nonce': 0, 'commitment': None, 'timestamp': 1732012705.0105338, 'consensus_node': 'node_5002'}
[2024-11-19 16:08:25,068] [DEBUG] Constructed new block: {
    "user_id": "9046513",
    "previous_hash": "45c01128a000954fabe165f58e7f58c70fa5860f007c8f70eade6a8ac39a3b66",
    "transaction": {
        "action": "register"
    },
    "commitment": null,
    "timestamp": 1732012705.0105338,
    "nonce": 0,
    "hash": "89537ea4cb18e73b58a94256e6de21910218908f182d11afa8fafd295c18a098"
}
[2024-11-19 16:08:25,068] [DEBUG] [Blockchain] Last block retrieved: {
    "user_id": "genesis",
    "previous_hash": "0",
    "transaction": "Genesis Block",
    "commitment": "genesis_commitment",
    "timestamp": 1,
    "nonce": "nonce",
    "hash": "45c01128a000954fabe165f58e7f58c70fa5860f007c8f70eade6a8ac39a3b66"
}
[2024-11-19 16:08:25,068] [DEBUG] [HRBC] Cluster leaders elected: {0: 'node_5003', 1: 'node_5000', 2: 'node_5007'}
[2024-11-19 16:08:25,069] [DEBUG] [HRBC] Super node elected: node_5000
[2024-11-19 16:08:25,069] [ERROR] Invalid block received.
[2024-11-19 16:08:25,069] [INFO] 127.0.0.1 - - [19/Nov/2024 16:08:25] "[31m[1mPOST /receive_block HTTP/1.1[0m" 400 -
[2024-11-19 16:08:25,076] [DEBUG] Entered /receive_block endpoint
[2024-11-19 16:08:25,076] [DEBUG] Received block data: {'user_id': '9046513', 'previous_hash': '45c01128a000954fabe165f58e7f58c70fa5860f007c8f70eade6a8ac39a3b66', 'transaction': {'action': 'register'}, 'nonce': 0, 'commitment': None, 'timestamp': 1732012705.0085354, 'consensus_node': 'node_5000'}
[2024-11-19 16:08:25,076] [DEBUG] Constructed new block: {
    "user_id": "9046513",
    "previous_hash": "45c01128a000954fabe165f58e7f58c70fa5860f007c8f70eade6a8ac39a3b66",
    "transaction": {
        "action": "register"
    },
    "commitment": null,
    "timestamp": 1732012705.0085354,
    "nonce": 0,
    "hash": "36cdd76db9e71fc12df1430acee37bccf3a663b0a26046be0f7f63c84a6789ec"
}
[2024-11-19 16:08:25,077] [DEBUG] [Blockchain] Last block retrieved: {
    "user_id": "genesis",
    "previous_hash": "0",
    "transaction": "Genesis Block",
    "commitment": "genesis_commitment",
    "timestamp": 1,
    "nonce": "nonce",
    "hash": "45c01128a000954fabe165f58e7f58c70fa5860f007c8f70eade6a8ac39a3b66"
}
[2024-11-19 16:08:25,077] [DEBUG] [HRBC] Cluster leaders elected: {0: 'node_5003', 1: 'node_5008', 2: 'node_5007'}
[2024-11-19 16:08:25,077] [DEBUG] [HRBC] Super node elected: node_5007
[2024-11-19 16:08:25,077] [ERROR] Invalid block received.
[2024-11-19 16:08:25,078] [INFO] 127.0.0.1 - - [19/Nov/2024 16:08:25] "[31m[1mPOST /receive_block HTTP/1.1[0m" 400 -
[2024-11-19 16:08:25,083] [DEBUG] Entered /receive_block endpoint
[2024-11-19 16:08:25,084] [DEBUG] Received block data: {'user_id': '9046513', 'previous_hash': '45c01128a000954fabe165f58e7f58c70fa5860f007c8f70eade6a8ac39a3b66', 'transaction': {'action': 'register'}, 'nonce': 0, 'commitment': None, 'timestamp': 1732012705.009533, 'consensus_node': 'node_5001'}
[2024-11-19 16:08:25,084] [DEBUG] Constructed new block: {
    "user_id": "9046513",
    "previous_hash": "45c01128a000954fabe165f58e7f58c70fa5860f007c8f70eade6a8ac39a3b66",
    "transaction": {
        "action": "register"
    },
    "commitment": null,
    "timestamp": 1732012705.009533,
    "nonce": 0,
    "hash": "0155cc01153525f569f72e96a702e3cfa43052ccd690ffe6009b5df3dc9f9ddc"
}
[2024-11-19 16:08:25,084] [DEBUG] [Blockchain] Last block retrieved: {
    "user_id": "genesis",
    "previous_hash": "0",
    "transaction": "Genesis Block",
    "commitment": "genesis_commitment",
    "timestamp": 1,
    "nonce": "nonce",
    "hash": "45c01128a000954fabe165f58e7f58c70fa5860f007c8f70eade6a8ac39a3b66"
}
[2024-11-19 16:08:25,084] [DEBUG] [HRBC] Cluster leaders elected: {0: 'node_5003', 1: 'node_5008', 2: 'node_5007'}
[2024-11-19 16:08:25,085] [DEBUG] [HRBC] Super node elected: node_5007
[2024-11-19 16:08:25,085] [ERROR] Invalid block received.
[2024-11-19 16:08:25,086] [INFO] 127.0.0.1 - - [19/Nov/2024 16:08:25] "[31m[1mPOST /receive_block HTTP/1.1[0m" 400 -
[2024-11-19 16:08:25,104] [DEBUG] Entered /receive_block endpoint
[2024-11-19 16:08:25,104] [DEBUG] Received block data: {'user_id': '9046513', 'previous_hash': '45c01128a000954fabe165f58e7f58c70fa5860f007c8f70eade6a8ac39a3b66', 'transaction': {'action': 'register'}, 'nonce': 0, 'commitment': None, 'timestamp': 1732012705.028533, 'consensus_node': 'node_5007'}
[2024-11-19 16:08:25,104] [DEBUG] Constructed new block: {
    "user_id": "9046513",
    "previous_hash": "45c01128a000954fabe165f58e7f58c70fa5860f007c8f70eade6a8ac39a3b66",
    "transaction": {
        "action": "register"
    },
    "commitment": null,
    "timestamp": 1732012705.028533,
    "nonce": 0,
    "hash": "b0f91b70c53061f586322bdbd68ac214d669e0b291c3aac4addf999c0ce4defe"
}
[2024-11-19 16:08:25,104] [DEBUG] [Blockchain] Last block retrieved: {
    "user_id": "genesis",
    "previous_hash": "0",
    "transaction": "Genesis Block",
    "commitment": "genesis_commitment",
    "timestamp": 1,
    "nonce": "nonce",
    "hash": "45c01128a000954fabe165f58e7f58c70fa5860f007c8f70eade6a8ac39a3b66"
}
[2024-11-19 16:08:25,105] [DEBUG] [HRBC] Cluster leaders elected: {0: 'node_5003', 1: 'node_5008', 2: 'node_5006'}
[2024-11-19 16:08:25,105] [DEBUG] [HRBC] Super node elected: node_5008
[2024-11-19 16:08:25,105] [ERROR] Invalid block received.
[2024-11-19 16:08:25,106] [INFO] 127.0.0.1 - - [19/Nov/2024 16:08:25] "[31m[1mPOST /receive_block HTTP/1.1[0m" 400 -
[2024-11-19 16:08:25,114] [DEBUG] Entered /receive_block endpoint
[2024-11-19 16:08:25,114] [DEBUG] Received block data: {'user_id': '9046513', 'previous_hash': '45c01128a000954fabe165f58e7f58c70fa5860f007c8f70eade6a8ac39a3b66', 'transaction': {'action': 'register'}, 'nonce': 0, 'commitment': None, 'timestamp': 1732012705.035536, 'consensus_node': 'node_5006'}
[2024-11-19 16:08:25,114] [DEBUG] Constructed new block: {
    "user_id": "9046513",
    "previous_hash": "45c01128a000954fabe165f58e7f58c70fa5860f007c8f70eade6a8ac39a3b66",
    "transaction": {
        "action": "register"
    },
    "commitment": null,
    "timestamp": 1732012705.035536,
    "nonce": 0,
    "hash": "7e647d904c968882c3c604dbe6dd037a7a001008280805923bde22451909be5c"
}
[2024-11-19 16:08:25,115] [DEBUG] [Blockchain] Last block retrieved: {
    "user_id": "genesis",
    "previous_hash": "0",
    "transaction": "Genesis Block",
    "commitment": "genesis_commitment",
    "timestamp": 1,
    "nonce": "nonce",
    "hash": "45c01128a000954fabe165f58e7f58c70fa5860f007c8f70eade6a8ac39a3b66"
}
[2024-11-19 16:08:25,115] [DEBUG] [HRBC] Cluster leaders elected: {0: 'node_5003', 1: 'node_5008', 2: 'node_5007'}
[2024-11-19 16:08:25,115] [DEBUG] [HRBC] Super node elected: node_5008
[2024-11-19 16:08:25,115] [ERROR] Invalid block received.
[2024-11-19 16:08:25,115] [INFO] 127.0.0.1 - - [19/Nov/2024 16:08:25] "[31m[1mPOST /receive_block HTTP/1.1[0m" 400 -
[2024-11-19 16:08:25,188] [DEBUG] Entered /initiate_zkp endpoint
[2024-11-19 16:08:25,188] [DEBUG] Received initiate_zkp data: {'userId': '9046513', 'T': 28}
[2024-11-19 16:08:25,189] [INFO] Commitment T stored for user 9046513.
[2024-11-19 16:08:25,189] [INFO] 127.0.0.1 - - [19/Nov/2024 16:08:25] "POST /initiate_zkp HTTP/1.1" 200 -
[2024-11-19 16:08:25,223] [DEBUG] Entered /verify_zkp endpoint
[2024-11-19 16:08:25,227] [DEBUG] Received verify_zkp data: {'userId': '9046513', 's': 3, 'challenge': 6}
[2024-11-19 16:08:25,227] [INFO] ZKP verified for user 9046513. Token issued: {'user_id': '9046513', 'node_id': '127.0.0.1:5003', 'exp': datetime.datetime(2024, 11, 19, 10, 43, 25, 227533)}
[2024-11-19 16:08:25,228] [INFO] 127.0.0.1 - - [19/Nov/2024 16:08:25] "POST /verify_zkp HTTP/1.1" 200 -
[2024-11-19 16:09:32,716] [DEBUG] Entered /register endpoint
[2024-11-19 16:09:32,717] [DEBUG] Received registration data: {'userId': '4550692', 'hashedPassword': 3746812}
[2024-11-19 16:09:32,717] [INFO] User 4550692 registered successfully.
[2024-11-19 16:09:32,717] [DEBUG] [Blockchain] Last block retrieved: {
    "user_id": "genesis",
    "previous_hash": "0",
    "transaction": "Genesis Block",
    "commitment": "genesis_commitment",
    "timestamp": 1,
    "nonce": "nonce",
    "hash": "45c01128a000954fabe165f58e7f58c70fa5860f007c8f70eade6a8ac39a3b66"
}
[2024-11-19 16:09:32,717] [DEBUG] [HRBC] initiate_consensus called: node_id=node_5003, cluster_id=0, transactions={'action': 'register'}
[2024-11-19 16:09:32,717] [DEBUG] [HRBC] Proposed block created: {
    "user_id": "4550692",
    "previous_hash": "45c01128a000954fabe165f58e7f58c70fa5860f007c8f70eade6a8ac39a3b66",
    "transaction": {
        "action": "register"
    },
    "commitment": null,
    "timestamp": 1732012772.717239,
    "nonce": 0,
    "hash": "0a2b32a3937b8309e47a765371deeb99402051c62d5bc88efa0371e1dd3ed5b9"
}
[2024-11-19 16:09:32,720] [DEBUG] [HRBC] Node node_5003 voted YES on block 269dce6739a60f55cc81f868352e898391fae6281053a8c68685fdf810e94741
[2024-11-19 16:09:32,720] [DEBUG] Vote requested for block: 269dce6739a60f55cc81f868352e898391fae6281053a8c68685fdf810e94741, Vote: True
[2024-11-19 16:09:32,721] [INFO] 127.0.0.1 - - [19/Nov/2024 16:09:32] "POST /vote_on_block HTTP/1.1" 200 -
[2024-11-19 16:09:32,724] [DEBUG] Starting new HTTP connection (1): 127.0.0.1:5008
[2024-11-19 16:09:32,732] [DEBUG] http://127.0.0.1:5008 "POST /vote_on_block HTTP/1.1" 200 19
[2024-11-19 16:09:32,732] [DEBUG] [HRBC] Vote received from node_5008: True
[2024-11-19 16:09:32,734] [DEBUG] Starting new HTTP connection (1): 127.0.0.1:5007
[2024-11-19 16:09:32,751] [DEBUG] [HRBC] Node node_5003 voted YES on block a0d3f91a3ba4af9bd226415015d693456e6baff8802307e40b9b2b87493bcb18
[2024-11-19 16:09:32,751] [DEBUG] Vote requested for block: a0d3f91a3ba4af9bd226415015d693456e6baff8802307e40b9b2b87493bcb18, Vote: True
[2024-11-19 16:09:32,752] [INFO] 127.0.0.1 - - [19/Nov/2024 16:09:32] "POST /vote_on_block HTTP/1.1" 200 -
[2024-11-19 16:09:32,753] [DEBUG] http://127.0.0.1:5007 "POST /vote_on_block HTTP/1.1" 200 19
[2024-11-19 16:09:32,753] [DEBUG] [HRBC] Vote received from node_5007: True
[2024-11-19 16:09:32,753] [INFO] [HRBC] Inter-cluster consensus achieved.
[2024-11-19 16:09:32,753] [INFO] [HRBC] Consensus achieved. Block: {
    "user_id": "4550692",
    "previous_hash": "45c01128a000954fabe165f58e7f58c70fa5860f007c8f70eade6a8ac39a3b66",
    "transaction": {
        "action": "register"
    },
    "commitment": null,
    "timestamp": 1732012772.717239,
    "nonce": 0,
    "hash": "0a2b32a3937b8309e47a765371deeb99402051c62d5bc88efa0371e1dd3ed5b9"
}
[2024-11-19 16:09:32,753] [INFO] [HRBC Consensus] Block added to blockchain: {
    "user_id": "4550692",
    "previous_hash": "45c01128a000954fabe165f58e7f58c70fa5860f007c8f70eade6a8ac39a3b66",
    "transaction": {
        "action": "register"
    },
    "commitment": null,
    "timestamp": 1732012772.717239,
    "nonce": 0,
    "hash": "0a2b32a3937b8309e47a765371deeb99402051c62d5bc88efa0371e1dd3ed5b9"
}
[2024-11-19 16:09:32,754] [DEBUG] [Blockchain] Updating metrics with new block: {
    "user_id": "4550692",
    "previous_hash": "45c01128a000954fabe165f58e7f58c70fa5860f007c8f70eade6a8ac39a3b66",
    "transaction": {
        "action": "register"
    },
    "commitment": null,
    "timestamp": 1732012772.717239,
    "nonce": 0,
    "hash": "0a2b32a3937b8309e47a765371deeb99402051c62d5bc88efa0371e1dd3ed5b9"
}
[2024-11-19 16:09:32,754] [DEBUG] [Blockchain] Block time: 1732012771.717239 seconds.
[2024-11-19 16:09:32,754] [DEBUG] [Blockchain] Transactions per block updated: [1]
[2024-11-19 16:09:32,754] [DEBUG] [Blockchain] Block size: 286 bytes.
[2024-11-19 16:09:32,754] [DEBUG] [Blockchain] Total blockchain size: 286 bytes.
[2024-11-19 16:09:32,754] [DEBUG] [Blockchain] Current difficulty: 0
[2024-11-19 16:09:32,754] [DEBUG] {
    "user_id": "4550692",
    "previous_hash": "45c01128a000954fabe165f58e7f58c70fa5860f007c8f70eade6a8ac39a3b66",
    "transaction": {
        "action": "register"
    },
    "commitment": null,
    "timestamp": 1732012772.717239,
    "nonce": 0,
    "hash": "0a2b32a3937b8309e47a765371deeb99402051c62d5bc88efa0371e1dd3ed5b9"
}
[2024-11-19 16:09:32,754] [INFO] New block created: {
    "user_id": "4550692",
    "previous_hash": "45c01128a000954fabe165f58e7f58c70fa5860f007c8f70eade6a8ac39a3b66",
    "transaction": {
        "action": "register"
    },
    "commitment": null,
    "timestamp": 1732012772.717239,
    "nonce": 0,
    "hash": "0a2b32a3937b8309e47a765371deeb99402051c62d5bc88efa0371e1dd3ed5b9"
}
[2024-11-19 16:09:32,754] [DEBUG] Broadcasting block to peers: ['127.0.0.1:5000', '127.0.0.1:5001', '127.0.0.1:5002', '127.0.0.1:5004', '127.0.0.1:5005', '127.0.0.1:5006', '127.0.0.1:5007', '127.0.0.1:5008', '127.0.0.1:5009'] with consensus_id: node_5003
[2024-11-19 16:09:32,757] [DEBUG] Starting new HTTP connection (1): 127.0.0.1:5000
[2024-11-19 16:09:32,759] [DEBUG] Entered /receive_block endpoint
[2024-11-19 16:09:32,759] [DEBUG] Received block data: {'user_id': '4550692', 'previous_hash': '89537ea4cb18e73b58a94256e6de21910218908f182d11afa8fafd295c18a098', 'transaction': {'action': 'register'}, 'nonce': 0, 'commitment': None, 'timestamp': 1732012772.718238, 'consensus_node': 'node_5002'}
[2024-11-19 16:09:32,759] [DEBUG] Constructed new block: {
    "user_id": "4550692",
    "previous_hash": "89537ea4cb18e73b58a94256e6de21910218908f182d11afa8fafd295c18a098",
    "transaction": {
        "action": "register"
    },
    "commitment": null,
    "timestamp": 1732012772.718238,
    "nonce": 0,
    "hash": "c00ac4a60b92e26d19299fa2351c601479dd41029f7825e7fc36a4ca32a04c52"
}
[2024-11-19 16:09:32,760] [DEBUG] [Blockchain] Last block retrieved: {
    "user_id": "4550692",
    "previous_hash": "45c01128a000954fabe165f58e7f58c70fa5860f007c8f70eade6a8ac39a3b66",
    "transaction": {
        "action": "register"
    },
    "commitment": null,
    "timestamp": 1732012772.717239,
    "nonce": 0,
    "hash": "0a2b32a3937b8309e47a765371deeb99402051c62d5bc88efa0371e1dd3ed5b9"
}
[2024-11-19 16:09:32,760] [DEBUG] [HRBC] Cluster leaders elected: {0: 'node_5003', 1: 'node_5008', 2: 'node_5007'}
[2024-11-19 16:09:32,760] [DEBUG] [HRBC] Super node elected: node_5008
[2024-11-19 16:09:32,760] [ERROR] Invalid block received.
[2024-11-19 16:09:32,760] [INFO] 127.0.0.1 - - [19/Nov/2024 16:09:32] "[31m[1mPOST /receive_block HTTP/1.1[0m" 400 -
[2024-11-19 16:09:32,764] [DEBUG] Entered /receive_block endpoint
[2024-11-19 16:09:32,764] [DEBUG] Received block data: {'user_id': '4550692', 'previous_hash': '0155cc01153525f569f72e96a702e3cfa43052ccd690ffe6009b5df3dc9f9ddc', 'transaction': {'action': 'register'}, 'nonce': 0, 'commitment': None, 'timestamp': 1732012772.7162378, 'consensus_node': 'node_5001'}
[2024-11-19 16:09:32,764] [DEBUG] Constructed new block: {
    "user_id": "4550692",
    "previous_hash": "0155cc01153525f569f72e96a702e3cfa43052ccd690ffe6009b5df3dc9f9ddc",
    "transaction": {
        "action": "register"
    },
    "commitment": null,
    "timestamp": 1732012772.7162378,
    "nonce": 0,
    "hash": "269dce6739a60f55cc81f868352e898391fae6281053a8c68685fdf810e94741"
}
[2024-11-19 16:09:32,765] [DEBUG] [Blockchain] Last block retrieved: {
    "user_id": "4550692",
    "previous_hash": "45c01128a000954fabe165f58e7f58c70fa5860f007c8f70eade6a8ac39a3b66",
    "transaction": {
        "action": "register"
    },
    "commitment": null,
    "timestamp": 1732012772.717239,
    "nonce": 0,
    "hash": "0a2b32a3937b8309e47a765371deeb99402051c62d5bc88efa0371e1dd3ed5b9"
}
[2024-11-19 16:09:32,765] [DEBUG] [HRBC] Cluster leaders elected: {0: 'node_5003', 1: 'node_5008', 2: 'node_5007'}
[2024-11-19 16:09:32,765] [DEBUG] [HRBC] Super node elected: node_5008
[2024-11-19 16:09:32,765] [ERROR] Invalid block received.
[2024-11-19 16:09:32,766] [INFO] 127.0.0.1 - - [19/Nov/2024 16:09:32] "[31m[1mPOST /receive_block HTTP/1.1[0m" 400 -
[2024-11-19 16:09:32,768] [DEBUG] http://127.0.0.1:5000 "POST /receive_block HTTP/1.1" 400 33
[2024-11-19 16:09:32,769] [WARNING] Failed to broadcast block to 127.0.0.1:5000. HTTP Error: 400 - BAD REQUEST
[2024-11-19 16:09:32,771] [DEBUG] Starting new HTTP connection (1): 127.0.0.1:5001
[2024-11-19 16:09:32,777] [DEBUG] Entered /receive_block endpoint
[2024-11-19 16:09:32,777] [DEBUG] Received block data: {'user_id': '4550692', 'previous_hash': '36cdd76db9e71fc12df1430acee37bccf3a663b0a26046be0f7f63c84a6789ec', 'transaction': {'action': 'register'}, 'nonce': 0, 'commitment': None, 'timestamp': 1732012772.713237, 'consensus_node': 'node_5000'}
[2024-11-19 16:09:32,777] [DEBUG] Constructed new block: {
    "user_id": "4550692",
    "previous_hash": "36cdd76db9e71fc12df1430acee37bccf3a663b0a26046be0f7f63c84a6789ec",
    "transaction": {
        "action": "register"
    },
    "commitment": null,
    "timestamp": 1732012772.713237,
    "nonce": 0,
    "hash": "6e582b9420a17f808a631f55d9a877f2fbb857c7e8df3ff8883dc0bcf7a91dc7"
}
[2024-11-19 16:09:32,777] [DEBUG] [Blockchain] Last block retrieved: {
    "user_id": "4550692",
    "previous_hash": "45c01128a000954fabe165f58e7f58c70fa5860f007c8f70eade6a8ac39a3b66",
    "transaction": {
        "action": "register"
    },
    "commitment": null,
    "timestamp": 1732012772.717239,
    "nonce": 0,
    "hash": "0a2b32a3937b8309e47a765371deeb99402051c62d5bc88efa0371e1dd3ed5b9"
}
[2024-11-19 16:09:32,777] [DEBUG] [HRBC] Cluster leaders elected: {0: 'node_5003', 1: 'node_5008', 2: 'node_5007'}
[2024-11-19 16:09:32,777] [DEBUG] [HRBC] Super node elected: node_5008
[2024-11-19 16:09:32,777] [ERROR] Invalid block received.
[2024-11-19 16:09:32,778] [INFO] 127.0.0.1 - - [19/Nov/2024 16:09:32] "[31m[1mPOST /receive_block HTTP/1.1[0m" 400 -
[2024-11-19 16:09:32,784] [DEBUG] http://127.0.0.1:5001 "POST /receive_block HTTP/1.1" 400 33
[2024-11-19 16:09:32,785] [WARNING] Failed to broadcast block to 127.0.0.1:5001. HTTP Error: 400 - BAD REQUEST
[2024-11-19 16:09:32,787] [DEBUG] Starting new HTTP connection (1): 127.0.0.1:5002
[2024-11-19 16:09:32,788] [DEBUG] Entered /receive_block endpoint
[2024-11-19 16:09:32,788] [DEBUG] Received block data: {'user_id': '4550692', 'previous_hash': 'b0f91b70c53061f586322bdbd68ac214d669e0b291c3aac4addf999c0ce4defe', 'transaction': {'action': 'register'}, 'nonce': 0, 'commitment': None, 'timestamp': 1732012772.713237, 'consensus_node': 'node_5007'}
[2024-11-19 16:09:32,789] [DEBUG] Constructed new block: {
    "user_id": "4550692",
    "previous_hash": "b0f91b70c53061f586322bdbd68ac214d669e0b291c3aac4addf999c0ce4defe",
    "transaction": {
        "action": "register"
    },
    "commitment": null,
    "timestamp": 1732012772.713237,
    "nonce": 0,
    "hash": "6be55a15c76955f1a14eaa059de7ed0cf36063ab2fa4c11daeae1b002515afa3"
}
[2024-11-19 16:09:32,789] [DEBUG] [Blockchain] Last block retrieved: {
    "user_id": "4550692",
    "previous_hash": "45c01128a000954fabe165f58e7f58c70fa5860f007c8f70eade6a8ac39a3b66",
    "transaction": {
        "action": "register"
    },
    "commitment": null,
    "timestamp": 1732012772.717239,
    "nonce": 0,
    "hash": "0a2b32a3937b8309e47a765371deeb99402051c62d5bc88efa0371e1dd3ed5b9"
}
[2024-11-19 16:09:32,789] [DEBUG] [HRBC] Cluster leaders elected: {0: 'node_5003', 1: 'node_5008', 2: 'node_5009'}
[2024-11-19 16:09:32,789] [DEBUG] [HRBC] Super node elected: node_5008
[2024-11-19 16:09:32,790] [DEBUG] Entered /receive_block endpoint
[2024-11-19 16:09:32,790] [ERROR] Invalid block received.
[2024-11-19 16:09:32,790] [DEBUG] Received block data: {'user_id': '4550692', 'previous_hash': '7e647d904c968882c3c604dbe6dd037a7a001008280805923bde22451909be5c', 'transaction': {'action': 'register'}, 'nonce': 0, 'commitment': None, 'timestamp': 1732012772.718238, 'consensus_node': 'node_5006'}
[2024-11-19 16:09:32,791] [INFO] 127.0.0.1 - - [19/Nov/2024 16:09:32] "[31m[1mPOST /receive_block HTTP/1.1[0m" 400 -
[2024-11-19 16:09:32,791] [DEBUG] Constructed new block: {
    "user_id": "4550692",
    "previous_hash": "7e647d904c968882c3c604dbe6dd037a7a001008280805923bde22451909be5c",
    "transaction": {
        "action": "register"
    },
    "commitment": null,
    "timestamp": 1732012772.718238,
    "nonce": 0,
    "hash": "cc656f2edb330258fb9aacf9a8a966f63769eae020ab57493668ef4aca5ceccf"
}
[2024-11-19 16:09:32,791] [DEBUG] [Blockchain] Last block retrieved: {
    "user_id": "4550692",
    "previous_hash": "45c01128a000954fabe165f58e7f58c70fa5860f007c8f70eade6a8ac39a3b66",
    "transaction": {
        "action": "register"
    },
    "commitment": null,
    "timestamp": 1732012772.717239,
    "nonce": 0,
    "hash": "0a2b32a3937b8309e47a765371deeb99402051c62d5bc88efa0371e1dd3ed5b9"
}
[2024-11-19 16:09:32,791] [DEBUG] [HRBC] Cluster leaders elected: {0: 'node_5003', 1: 'node_5008', 2: 'node_5009'}
[2024-11-19 16:09:32,792] [DEBUG] [HRBC] Super node elected: node_5008
[2024-11-19 16:09:32,792] [ERROR] Invalid block received.
[2024-11-19 16:09:32,792] [INFO] 127.0.0.1 - - [19/Nov/2024 16:09:32] "[31m[1mPOST /receive_block HTTP/1.1[0m" 400 -
[2024-11-19 16:09:32,795] [DEBUG] http://127.0.0.1:5002 "POST /receive_block HTTP/1.1" 400 33
[2024-11-19 16:09:32,796] [WARNING] Failed to broadcast block to 127.0.0.1:5002. HTTP Error: 400 - BAD REQUEST
[2024-11-19 16:09:32,798] [DEBUG] Starting new HTTP connection (1): 127.0.0.1:5004
[2024-11-19 16:09:32,808] [DEBUG] Entered /receive_block endpoint
[2024-11-19 16:09:32,808] [DEBUG] Received block data: {'user_id': '4550692', 'previous_hash': '45c01128a000954fabe165f58e7f58c70fa5860f007c8f70eade6a8ac39a3b66', 'transaction': {'action': 'register'}, 'nonce': 0, 'commitment': None, 'timestamp': 1732012772.718238, 'consensus_node': 'node_5004'}
[2024-11-19 16:09:32,809] [DEBUG] Constructed new block: {
    "user_id": "4550692",
    "previous_hash": "45c01128a000954fabe165f58e7f58c70fa5860f007c8f70eade6a8ac39a3b66",
    "transaction": {
        "action": "register"
    },
    "commitment": null,
    "timestamp": 1732012772.718238,
    "nonce": 0,
    "hash": "a0d3f91a3ba4af9bd226415015d693456e6baff8802307e40b9b2b87493bcb18"
}
[2024-11-19 16:09:32,809] [DEBUG] [Blockchain] Last block retrieved: {
    "user_id": "4550692",
    "previous_hash": "45c01128a000954fabe165f58e7f58c70fa5860f007c8f70eade6a8ac39a3b66",
    "transaction": {
        "action": "register"
    },
    "commitment": null,
    "timestamp": 1732012772.717239,
    "nonce": 0,
    "hash": "0a2b32a3937b8309e47a765371deeb99402051c62d5bc88efa0371e1dd3ed5b9"
}
[2024-11-19 16:09:32,809] [DEBUG] [HRBC] Cluster leaders elected: {0: 'node_5003', 1: 'node_5008', 2: 'node_5009'}
[2024-11-19 16:09:32,809] [DEBUG] [HRBC] Super node elected: node_5008
[2024-11-19 16:09:32,809] [ERROR] Invalid block received.
[2024-11-19 16:09:32,809] [INFO] 127.0.0.1 - - [19/Nov/2024 16:09:32] "[31m[1mPOST /receive_block HTTP/1.1[0m" 400 -
[2024-11-19 16:09:32,819] [DEBUG] http://127.0.0.1:5004 "POST /receive_block HTTP/1.1" 400 33
[2024-11-19 16:09:32,819] [WARNING] Failed to broadcast block to 127.0.0.1:5004. HTTP Error: 400 - BAD REQUEST
[2024-11-19 16:09:32,821] [DEBUG] Starting new HTTP connection (1): 127.0.0.1:5005
[2024-11-19 16:09:32,824] [DEBUG] http://127.0.0.1:5005 "POST /receive_block HTTP/1.1" 400 33
[2024-11-19 16:09:32,825] [WARNING] Failed to broadcast block to 127.0.0.1:5005. HTTP Error: 400 - BAD REQUEST
[2024-11-19 16:09:32,826] [DEBUG] Starting new HTTP connection (1): 127.0.0.1:5006
[2024-11-19 16:09:32,836] [DEBUG] http://127.0.0.1:5006 "POST /receive_block HTTP/1.1" 400 33
[2024-11-19 16:09:32,837] [WARNING] Failed to broadcast block to 127.0.0.1:5006. HTTP Error: 400 - BAD REQUEST
[2024-11-19 16:09:32,839] [DEBUG] Starting new HTTP connection (1): 127.0.0.1:5007
[2024-11-19 16:09:32,843] [DEBUG] http://127.0.0.1:5007 "POST /receive_block HTTP/1.1" 400 33
[2024-11-19 16:09:32,844] [WARNING] Failed to broadcast block to 127.0.0.1:5007. HTTP Error: 400 - BAD REQUEST
[2024-11-19 16:09:32,846] [DEBUG] Starting new HTTP connection (1): 127.0.0.1:5008
[2024-11-19 16:09:32,849] [DEBUG] http://127.0.0.1:5008 "POST /receive_block HTTP/1.1" 400 33
[2024-11-19 16:09:32,849] [WARNING] Failed to broadcast block to 127.0.0.1:5008. HTTP Error: 400 - BAD REQUEST
[2024-11-19 16:09:32,850] [DEBUG] Starting new HTTP connection (1): 127.0.0.1:5009
[2024-11-19 16:09:32,877] [DEBUG] http://127.0.0.1:5009 "POST /receive_block HTTP/1.1" 400 33
[2024-11-19 16:09:32,878] [WARNING] Failed to broadcast block to 127.0.0.1:5009. HTTP Error: 400 - BAD REQUEST
[2024-11-19 16:09:32,878] [INFO] 127.0.0.1 - - [19/Nov/2024 16:09:32] "POST /register HTTP/1.1" 200 -
[2024-11-19 16:09:32,888] [DEBUG] Entered /initiate_zkp endpoint
[2024-11-19 16:09:32,889] [DEBUG] Received initiate_zkp data: {'userId': '4550692', 'T': 5}
[2024-11-19 16:09:32,889] [INFO] Commitment T stored for user 4550692.
[2024-11-19 16:09:32,890] [INFO] 127.0.0.1 - - [19/Nov/2024 16:09:32] "POST /initiate_zkp HTTP/1.1" 200 -
[2024-11-19 16:09:32,913] [DEBUG] Entered /verify_zkp endpoint
[2024-11-19 16:09:32,913] [DEBUG] Received verify_zkp data: {'userId': '4550692', 's': 5, 'challenge': 10}
[2024-11-19 16:09:32,913] [INFO] ZKP verified for user 4550692. Token issued: {'user_id': '4550692', 'node_id': '127.0.0.1:5003', 'exp': datetime.datetime(2024, 11, 19, 10, 44, 32, 913240)}
[2024-11-19 16:09:32,914] [INFO] 127.0.0.1 - - [19/Nov/2024 16:09:32] "POST /verify_zkp HTTP/1.1" 200 -
[2024-11-19 16:11:34,845] [DEBUG] Entered /sync_blockchain endpoint
[2024-11-19 16:11:34,845] [DEBUG] Syncing blockchain data: [{'user_id': 'genesis', 'previous_hash': '0', 'transaction': 'Genesis Block', 'commitment': 'genesis_commitment', 'timestamp': 1, 'nonce': 'nonce', 'hash': '45c01128a000954fabe165f58e7f58c70fa5860f007c8f70eade6a8ac39a3b66'}, {'user_id': '4550692', 'previous_hash': '45c01128a000954fabe165f58e7f58c70fa5860f007c8f70eade6a8ac39a3b66', 'transaction': {'action': 'register'}, 'commitment': None, 'timestamp': 1732012772.717239, 'nonce': 0, 'hash': '0a2b32a3937b8309e47a765371deeb99402051c62d5bc88efa0371e1dd3ed5b9'}]
[2024-11-19 16:11:34,845] [INFO] 127.0.0.1 - - [19/Nov/2024 16:11:34] "GET /sync_blockchain HTTP/1.1" 200 -
[2024-11-19 16:11:49,666] [DEBUG] Entered /register endpoint
[2024-11-19 16:11:49,667] [DEBUG] Received registration data: {'userId': '8374846', 'hashedPassword': 6585755}
[2024-11-19 16:11:49,667] [INFO] User 8374846 registered successfully.
[2024-11-19 16:11:49,667] [DEBUG] [Blockchain] Last block retrieved: {
    "user_id": "4550692",
    "previous_hash": "45c01128a000954fabe165f58e7f58c70fa5860f007c8f70eade6a8ac39a3b66",
    "transaction": {
        "action": "register"
    },
    "commitment": null,
    "timestamp": 1732012772.717239,
    "nonce": 0,
    "hash": "0a2b32a3937b8309e47a765371deeb99402051c62d5bc88efa0371e1dd3ed5b9"
}
[2024-11-19 16:11:49,667] [DEBUG] [HRBC] initiate_consensus called: node_id=node_5003, cluster_id=0, transactions={'action': 'register'}
[2024-11-19 16:11:49,667] [DEBUG] [HRBC] Proposed block created: {
    "user_id": "8374846",
    "previous_hash": "0a2b32a3937b8309e47a765371deeb99402051c62d5bc88efa0371e1dd3ed5b9",
    "transaction": {
        "action": "register"
    },
    "commitment": null,
    "timestamp": 1732012909.6677077,
    "nonce": 0,
    "hash": "0430d0f37678ca32cd971a75994d13cffbfbe08de1014fcc79b70cd1bcd010f6"
}
[2024-11-19 16:11:49,670] [DEBUG] Starting new HTTP connection (1): 127.0.0.1:5008
[2024-11-19 16:11:49,671] [DEBUG] [HRBC] Node node_5003 voted YES on block 46b7a600cb159a31d400cd230920368b1c46b89741e9aa11de9175e1f3b46429
[2024-11-19 16:11:49,672] [DEBUG] Vote requested for block: 46b7a600cb159a31d400cd230920368b1c46b89741e9aa11de9175e1f3b46429, Vote: True
[2024-11-19 16:11:49,673] [INFO] 127.0.0.1 - - [19/Nov/2024 16:11:49] "POST /vote_on_block HTTP/1.1" 200 -
[2024-11-19 16:11:49,681] [DEBUG] http://127.0.0.1:5008 "POST /vote_on_block HTTP/1.1" 200 20
[2024-11-19 16:11:49,681] [DEBUG] [HRBC] Vote received from node_5008: False
[2024-11-19 16:11:49,683] [DEBUG] Starting new HTTP connection (1): 127.0.0.1:5009
[2024-11-19 16:11:49,708] [DEBUG] http://127.0.0.1:5009 "POST /vote_on_block HTTP/1.1" 200 19
[2024-11-19 16:11:49,708] [DEBUG] [HRBC] Vote received from node_5009: True
[2024-11-19 16:11:49,708] [INFO] [HRBC] Inter-cluster consensus achieved.
[2024-11-19 16:11:49,709] [INFO] [HRBC] Consensus achieved. Block: {
    "user_id": "8374846",
    "previous_hash": "0a2b32a3937b8309e47a765371deeb99402051c62d5bc88efa0371e1dd3ed5b9",
    "transaction": {
        "action": "register"
    },
    "commitment": null,
    "timestamp": 1732012909.6677077,
    "nonce": 0,
    "hash": "0430d0f37678ca32cd971a75994d13cffbfbe08de1014fcc79b70cd1bcd010f6"
}
[2024-11-19 16:11:49,709] [INFO] [HRBC Consensus] Block added to blockchain: {
    "user_id": "8374846",
    "previous_hash": "0a2b32a3937b8309e47a765371deeb99402051c62d5bc88efa0371e1dd3ed5b9",
    "transaction": {
        "action": "register"
    },
    "commitment": null,
    "timestamp": 1732012909.6677077,
    "nonce": 0,
    "hash": "0430d0f37678ca32cd971a75994d13cffbfbe08de1014fcc79b70cd1bcd010f6"
}
[2024-11-19 16:11:49,709] [DEBUG] [Blockchain] Updating metrics with new block: {
    "user_id": "8374846",
    "previous_hash": "0a2b32a3937b8309e47a765371deeb99402051c62d5bc88efa0371e1dd3ed5b9",
    "transaction": {
        "action": "register"
    },
    "commitment": null,
    "timestamp": 1732012909.6677077,
    "nonce": 0,
    "hash": "0430d0f37678ca32cd971a75994d13cffbfbe08de1014fcc79b70cd1bcd010f6"
}
[2024-11-19 16:11:49,709] [DEBUG] [Blockchain] Block time: 136.95046877861023 seconds.
[2024-11-19 16:11:49,709] [DEBUG] [Blockchain] Transactions per block updated: [1, 1]
[2024-11-19 16:11:49,709] [DEBUG] [Blockchain] Block size: 287 bytes.
[2024-11-19 16:11:49,709] [DEBUG] [Blockchain] Total blockchain size: 573 bytes.
[2024-11-19 16:11:49,709] [DEBUG] [Blockchain] Current difficulty: 0
[2024-11-19 16:11:49,709] [DEBUG] {
    "user_id": "8374846",
    "previous_hash": "0a2b32a3937b8309e47a765371deeb99402051c62d5bc88efa0371e1dd3ed5b9",
    "transaction": {
        "action": "register"
    },
    "commitment": null,
    "timestamp": 1732012909.6677077,
    "nonce": 0,
    "hash": "0430d0f37678ca32cd971a75994d13cffbfbe08de1014fcc79b70cd1bcd010f6"
}
[2024-11-19 16:11:49,709] [INFO] New block created: {
    "user_id": "8374846",
    "previous_hash": "0a2b32a3937b8309e47a765371deeb99402051c62d5bc88efa0371e1dd3ed5b9",
    "transaction": {
        "action": "register"
    },
    "commitment": null,
    "timestamp": 1732012909.6677077,
    "nonce": 0,
    "hash": "0430d0f37678ca32cd971a75994d13cffbfbe08de1014fcc79b70cd1bcd010f6"
}
[2024-11-19 16:11:49,709] [DEBUG] Broadcasting block to peers: ['127.0.0.1:5000', '127.0.0.1:5001', '127.0.0.1:5002', '127.0.0.1:5004', '127.0.0.1:5005', '127.0.0.1:5006', '127.0.0.1:5007', '127.0.0.1:5008', '127.0.0.1:5009'] with consensus_id: node_5003
[2024-11-19 16:11:49,711] [DEBUG] Starting new HTTP connection (1): 127.0.0.1:5000
[2024-11-19 16:11:49,721] [DEBUG] Entered /receive_block endpoint
[2024-11-19 16:11:49,721] [DEBUG] Received block data: {'user_id': '8374846', 'previous_hash': '45c01128a000954fabe165f58e7f58c70fa5860f007c8f70eade6a8ac39a3b66', 'transaction': {'action': 'register'}, 'nonce': 0, 'commitment': None, 'timestamp': 1732012909.6677077, 'consensus_node': 'node_5005'}
[2024-11-19 16:11:49,721] [DEBUG] Constructed new block: {
    "user_id": "8374846",
    "previous_hash": "45c01128a000954fabe165f58e7f58c70fa5860f007c8f70eade6a8ac39a3b66",
    "transaction": {
        "action": "register"
    },
    "commitment": null,
    "timestamp": 1732012909.6677077,
    "nonce": 0,
    "hash": "61435c546885e6254b36587d18e716c8d619065d066a67fe84c2dd3c9b0070d3"
}
[2024-11-19 16:11:49,721] [DEBUG] [Blockchain] Last block retrieved: {
    "user_id": "8374846",
    "previous_hash": "0a2b32a3937b8309e47a765371deeb99402051c62d5bc88efa0371e1dd3ed5b9",
    "transaction": {
        "action": "register"
    },
    "commitment": null,
    "timestamp": 1732012909.6677077,
    "nonce": 0,
    "hash": "0430d0f37678ca32cd971a75994d13cffbfbe08de1014fcc79b70cd1bcd010f6"
}
[2024-11-19 16:11:49,721] [DEBUG] [HRBC] Cluster leaders elected: {0: 'node_5003', 1: 'node_5008', 2: 'node_5009'}
[2024-11-19 16:11:49,721] [DEBUG] [HRBC] Super node elected: node_5008
[2024-11-19 16:11:49,722] [ERROR] Invalid block received.
[2024-11-19 16:11:49,722] [INFO] 127.0.0.1 - - [19/Nov/2024 16:11:49] "[31m[1mPOST /receive_block HTTP/1.1[0m" 400 -
[2024-11-19 16:11:49,723] [DEBUG] Entered /receive_block endpoint
[2024-11-19 16:11:49,723] [DEBUG] Received block data: {'user_id': '8374846', 'previous_hash': '6e582b9420a17f808a631f55d9a877f2fbb857c7e8df3ff8883dc0bcf7a91dc7', 'transaction': {'action': 'register'}, 'nonce': 0, 'commitment': None, 'timestamp': 1732012909.6607087, 'consensus_node': 'node_5000'}
[2024-11-19 16:11:49,724] [DEBUG] Constructed new block: {
    "user_id": "8374846",
    "previous_hash": "6e582b9420a17f808a631f55d9a877f2fbb857c7e8df3ff8883dc0bcf7a91dc7",
    "transaction": {
        "action": "register"
    },
    "commitment": null,
    "timestamp": 1732012909.6607087,
    "nonce": 0,
    "hash": "40058b6b2dca3f61281fdfbbfa50e1569380a61e79bc4daa017534a97ab7c4a0"
}
[2024-11-19 16:11:49,724] [DEBUG] [Blockchain] Last block retrieved: {
    "user_id": "8374846",
    "previous_hash": "0a2b32a3937b8309e47a765371deeb99402051c62d5bc88efa0371e1dd3ed5b9",
    "transaction": {
        "action": "register"
    },
    "commitment": null,
    "timestamp": 1732012909.6677077,
    "nonce": 0,
    "hash": "0430d0f37678ca32cd971a75994d13cffbfbe08de1014fcc79b70cd1bcd010f6"
}
[2024-11-19 16:11:49,724] [DEBUG] [HRBC] Cluster leaders elected: {0: 'node_5003', 1: 'node_5008', 2: 'node_5009'}
[2024-11-19 16:11:49,724] [DEBUG] [HRBC] Super node elected: node_5008
[2024-11-19 16:11:49,724] [ERROR] Invalid block received.
[2024-11-19 16:11:49,725] [INFO] 127.0.0.1 - - [19/Nov/2024 16:11:49] "[31m[1mPOST /receive_block HTTP/1.1[0m" 400 -
[2024-11-19 16:11:49,728] [DEBUG] Entered /receive_block endpoint
[2024-11-19 16:11:49,728] [DEBUG] Received block data: {'user_id': '8374846', 'previous_hash': '6be55a15c76955f1a14eaa059de7ed0cf36063ab2fa4c11daeae1b002515afa3', 'transaction': {'action': 'register'}, 'nonce': 0, 'commitment': None, 'timestamp': 1732012909.6677077, 'consensus_node': 'node_5007'}
[2024-11-19 16:11:49,728] [DEBUG] Constructed new block: {
    "user_id": "8374846",
    "previous_hash": "6be55a15c76955f1a14eaa059de7ed0cf36063ab2fa4c11daeae1b002515afa3",
    "transaction": {
        "action": "register"
    },
    "commitment": null,
    "timestamp": 1732012909.6677077,
    "nonce": 0,
    "hash": "d72bcd3b72724a71ebe7d76637c31b172f032a71736a81ba6842e97e77a5f0a7"
}
[2024-11-19 16:11:49,729] [DEBUG] [Blockchain] Last block retrieved: {
    "user_id": "8374846",
    "previous_hash": "0a2b32a3937b8309e47a765371deeb99402051c62d5bc88efa0371e1dd3ed5b9",
    "transaction": {
        "action": "register"
    },
    "commitment": null,
    "timestamp": 1732012909.6677077,
    "nonce": 0,
    "hash": "0430d0f37678ca32cd971a75994d13cffbfbe08de1014fcc79b70cd1bcd010f6"
}
[2024-11-19 16:11:49,729] [DEBUG] [HRBC] Cluster leaders elected: {0: 'node_5003', 1: 'node_5008', 2: 'node_5009'}
[2024-11-19 16:11:49,729] [DEBUG] [HRBC] Super node elected: node_5008
[2024-11-19 16:11:49,729] [ERROR] Invalid block received.
[2024-11-19 16:11:49,729] [INFO] 127.0.0.1 - - [19/Nov/2024 16:11:49] "[31m[1mPOST /receive_block HTTP/1.1[0m" 400 -
[2024-11-19 16:11:49,731] [DEBUG] Entered /receive_block endpoint
[2024-11-19 16:11:49,731] [DEBUG] Received block data: {'user_id': '8374846', 'previous_hash': 'c00ac4a60b92e26d19299fa2351c601479dd41029f7825e7fc36a4ca32a04c52', 'transaction': {'action': 'register'}, 'nonce': 0, 'commitment': None, 'timestamp': 1732012909.6657073, 'consensus_node': 'node_5002'}
[2024-11-19 16:11:49,732] [DEBUG] Constructed new block: {
    "user_id": "8374846",
    "previous_hash": "c00ac4a60b92e26d19299fa2351c601479dd41029f7825e7fc36a4ca32a04c52",
    "transaction": {
        "action": "register"
    },
    "commitment": null,
    "timestamp": 1732012909.6657073,
    "nonce": 0,
    "hash": "acb5f8c4f1eff61a1d66975a1e046ec6d8a74d0732ded110af95c3e02fb074e6"
}
[2024-11-19 16:11:49,732] [DEBUG] [Blockchain] Last block retrieved: {
    "user_id": "8374846",
    "previous_hash": "0a2b32a3937b8309e47a765371deeb99402051c62d5bc88efa0371e1dd3ed5b9",
    "transaction": {
        "action": "register"
    },
    "commitment": null,
    "timestamp": 1732012909.6677077,
    "nonce": 0,
    "hash": "0430d0f37678ca32cd971a75994d13cffbfbe08de1014fcc79b70cd1bcd010f6"
}
[2024-11-19 16:11:49,732] [DEBUG] [HRBC] Cluster leaders elected: {0: 'node_5003', 1: 'node_5008', 2: 'node_5009'}
[2024-11-19 16:11:49,732] [DEBUG] [HRBC] Super node elected: node_5008
[2024-11-19 16:11:49,732] [ERROR] Invalid block received.
[2024-11-19 16:11:49,732] [INFO] 127.0.0.1 - - [19/Nov/2024 16:11:49] "[31m[1mPOST /receive_block HTTP/1.1[0m" 400 -
[2024-11-19 16:11:49,736] [DEBUG] Entered /receive_block endpoint
[2024-11-19 16:11:49,736] [DEBUG] Received block data: {'user_id': '8374846', 'previous_hash': '269dce6739a60f55cc81f868352e898391fae6281053a8c68685fdf810e94741', 'transaction': {'action': 'register'}, 'nonce': 0, 'commitment': None, 'timestamp': 1732012909.6657073, 'consensus_node': 'node_5001'}
[2024-11-19 16:11:49,737] [DEBUG] Constructed new block: {
    "user_id": "8374846",
    "previous_hash": "269dce6739a60f55cc81f868352e898391fae6281053a8c68685fdf810e94741",
    "transaction": {
        "action": "register"
    },
    "commitment": null,
    "timestamp": 1732012909.6657073,
    "nonce": 0,
    "hash": "46b7a600cb159a31d400cd230920368b1c46b89741e9aa11de9175e1f3b46429"
}
[2024-11-19 16:11:49,737] [DEBUG] [Blockchain] Last block retrieved: {
    "user_id": "8374846",
    "previous_hash": "0a2b32a3937b8309e47a765371deeb99402051c62d5bc88efa0371e1dd3ed5b9",
    "transaction": {
        "action": "register"
    },
    "commitment": null,
    "timestamp": 1732012909.6677077,
    "nonce": 0,
    "hash": "0430d0f37678ca32cd971a75994d13cffbfbe08de1014fcc79b70cd1bcd010f6"
}
[2024-11-19 16:11:49,737] [DEBUG] [HRBC] Cluster leaders elected: {0: 'node_5003', 1: 'node_5008', 2: 'node_5009'}
[2024-11-19 16:11:49,737] [DEBUG] [HRBC] Super node elected: node_5008
[2024-11-19 16:11:49,737] [ERROR] Invalid block received.
[2024-11-19 16:11:49,738] [INFO] 127.0.0.1 - - [19/Nov/2024 16:11:49] "[31m[1mPOST /receive_block HTTP/1.1[0m" 400 -
[2024-11-19 16:11:49,740] [DEBUG] http://127.0.0.1:5000 "POST /receive_block HTTP/1.1" 400 33
[2024-11-19 16:11:49,741] [WARNING] Failed to broadcast block to 127.0.0.1:5000. HTTP Error: 400 - BAD REQUEST
[2024-11-19 16:11:49,743] [DEBUG] Entered /receive_block endpoint
[2024-11-19 16:11:49,745] [DEBUG] Starting new HTTP connection (1): 127.0.0.1:5001
[2024-11-19 16:11:49,745] [DEBUG] Received block data: {'user_id': '8374846', 'previous_hash': 'a0d3f91a3ba4af9bd226415015d693456e6baff8802307e40b9b2b87493bcb18', 'transaction': {'action': 'register'}, 'nonce': 0, 'commitment': None, 'timestamp': 1732012909.6677077, 'consensus_node': 'node_5004'}
[2024-11-19 16:11:49,745] [DEBUG] Constructed new block: {
    "user_id": "8374846",
    "previous_hash": "a0d3f91a3ba4af9bd226415015d693456e6baff8802307e40b9b2b87493bcb18",
    "transaction": {
        "action": "register"
    },
    "commitment": null,
    "timestamp": 1732012909.6677077,
    "nonce": 0,
    "hash": "f81b8c262aa0dba6a974e63096ed9abb4a616fefe24605b17590fc6e08767289"
}
[2024-11-19 16:11:49,745] [DEBUG] [Blockchain] Last block retrieved: {
    "user_id": "8374846",
    "previous_hash": "0a2b32a3937b8309e47a765371deeb99402051c62d5bc88efa0371e1dd3ed5b9",
    "transaction": {
        "action": "register"
    },
    "commitment": null,
    "timestamp": 1732012909.6677077,
    "nonce": 0,
    "hash": "0430d0f37678ca32cd971a75994d13cffbfbe08de1014fcc79b70cd1bcd010f6"
}
[2024-11-19 16:11:49,746] [DEBUG] [HRBC] Cluster leaders elected: {0: 'node_5003', 1: 'node_5008', 2: 'node_5009'}
[2024-11-19 16:11:49,746] [DEBUG] [HRBC] Super node elected: node_5008
[2024-11-19 16:11:49,746] [ERROR] Invalid block received.
[2024-11-19 16:11:49,746] [INFO] 127.0.0.1 - - [19/Nov/2024 16:11:49] "[31m[1mPOST /receive_block HTTP/1.1[0m" 400 -
[2024-11-19 16:11:49,752] [DEBUG] http://127.0.0.1:5001 "POST /receive_block HTTP/1.1" 400 33
[2024-11-19 16:11:49,753] [WARNING] Failed to broadcast block to 127.0.0.1:5001. HTTP Error: 400 - BAD REQUEST
[2024-11-19 16:11:49,754] [DEBUG] Starting new HTTP connection (1): 127.0.0.1:5002
[2024-11-19 16:11:49,758] [DEBUG] Entered /receive_block endpoint
[2024-11-19 16:11:49,758] [DEBUG] Received block data: {'user_id': '8374846', 'previous_hash': 'cc656f2edb330258fb9aacf9a8a966f63769eae020ab57493668ef4aca5ceccf', 'transaction': {'action': 'register'}, 'nonce': 0, 'commitment': None, 'timestamp': 1732012909.6657073, 'consensus_node': 'node_5006'}
[2024-11-19 16:11:49,758] [DEBUG] Constructed new block: {
    "user_id": "8374846",
    "previous_hash": "cc656f2edb330258fb9aacf9a8a966f63769eae020ab57493668ef4aca5ceccf",
    "transaction": {
        "action": "register"
    },
    "commitment": null,
    "timestamp": 1732012909.6657073,
    "nonce": 0,
    "hash": "fb0a727a0eb0ccc56b85b1adabfaccea19906be2f853b2074db3c017d556a320"
}
[2024-11-19 16:11:49,758] [DEBUG] [Blockchain] Last block retrieved: {
    "user_id": "8374846",
    "previous_hash": "0a2b32a3937b8309e47a765371deeb99402051c62d5bc88efa0371e1dd3ed5b9",
    "transaction": {
        "action": "register"
    },
    "commitment": null,
    "timestamp": 1732012909.6677077,
    "nonce": 0,
    "hash": "0430d0f37678ca32cd971a75994d13cffbfbe08de1014fcc79b70cd1bcd010f6"
}
[2024-11-19 16:11:49,758] [DEBUG] [HRBC] Cluster leaders elected: {0: 'node_5003', 1: 'node_5008', 2: 'node_5009'}
[2024-11-19 16:11:49,758] [DEBUG] [HRBC] Super node elected: node_5008
[2024-11-19 16:11:49,758] [ERROR] Invalid block received.
[2024-11-19 16:11:49,759] [INFO] 127.0.0.1 - - [19/Nov/2024 16:11:49] "[31m[1mPOST /receive_block HTTP/1.1[0m" 400 -
[2024-11-19 16:11:49,759] [DEBUG] http://127.0.0.1:5002 "POST /receive_block HTTP/1.1" 400 33
[2024-11-19 16:11:49,760] [WARNING] Failed to broadcast block to 127.0.0.1:5002. HTTP Error: 400 - BAD REQUEST
[2024-11-19 16:11:49,762] [DEBUG] Starting new HTTP connection (1): 127.0.0.1:5004
[2024-11-19 16:11:49,785] [DEBUG] http://127.0.0.1:5004 "POST /receive_block HTTP/1.1" 400 33
[2024-11-19 16:11:49,786] [WARNING] Failed to broadcast block to 127.0.0.1:5004. HTTP Error: 400 - BAD REQUEST
[2024-11-19 16:11:49,787] [DEBUG] Starting new HTTP connection (1): 127.0.0.1:5005
[2024-11-19 16:11:49,792] [DEBUG] http://127.0.0.1:5005 "POST /receive_block HTTP/1.1" 400 33
[2024-11-19 16:11:49,792] [WARNING] Failed to broadcast block to 127.0.0.1:5005. HTTP Error: 400 - BAD REQUEST
[2024-11-19 16:11:49,794] [DEBUG] Starting new HTTP connection (1): 127.0.0.1:5006
[2024-11-19 16:11:49,797] [DEBUG] http://127.0.0.1:5006 "POST /receive_block HTTP/1.1" 400 33
[2024-11-19 16:11:49,798] [WARNING] Failed to broadcast block to 127.0.0.1:5006. HTTP Error: 400 - BAD REQUEST
[2024-11-19 16:11:49,799] [DEBUG] Starting new HTTP connection (1): 127.0.0.1:5007
[2024-11-19 16:11:49,803] [DEBUG] http://127.0.0.1:5007 "POST /receive_block HTTP/1.1" 400 33
[2024-11-19 16:11:49,804] [WARNING] Failed to broadcast block to 127.0.0.1:5007. HTTP Error: 400 - BAD REQUEST
[2024-11-19 16:11:49,805] [DEBUG] Starting new HTTP connection (1): 127.0.0.1:5008
[2024-11-19 16:11:49,809] [DEBUG] http://127.0.0.1:5008 "POST /receive_block HTTP/1.1" 400 33
[2024-11-19 16:11:49,809] [WARNING] Failed to broadcast block to 127.0.0.1:5008. HTTP Error: 400 - BAD REQUEST
[2024-11-19 16:11:49,810] [DEBUG] Starting new HTTP connection (1): 127.0.0.1:5009
[2024-11-19 16:11:49,812] [DEBUG] http://127.0.0.1:5009 "POST /receive_block HTTP/1.1" 400 33
[2024-11-19 16:11:49,813] [WARNING] Failed to broadcast block to 127.0.0.1:5009. HTTP Error: 400 - BAD REQUEST
[2024-11-19 16:11:49,813] [INFO] 127.0.0.1 - - [19/Nov/2024 16:11:49] "POST /register HTTP/1.1" 200 -
[2024-11-19 16:11:49,826] [DEBUG] Entered /initiate_zkp endpoint
[2024-11-19 16:11:49,826] [DEBUG] Received initiate_zkp data: {'userId': '8374846', 'T': 16}
[2024-11-19 16:11:49,826] [INFO] Commitment T stored for user 8374846.
[2024-11-19 16:11:49,827] [INFO] 127.0.0.1 - - [19/Nov/2024 16:11:49] "POST /initiate_zkp HTTP/1.1" 200 -
[2024-11-19 16:11:49,848] [DEBUG] Entered /verify_zkp endpoint
[2024-11-19 16:11:49,850] [DEBUG] Received verify_zkp data: {'userId': '8374846', 's': 16, 'challenge': 26}
[2024-11-19 16:11:49,850] [INFO] ZKP verified for user 8374846. Token issued: {'user_id': '8374846', 'node_id': '127.0.0.1:5003', 'exp': datetime.datetime(2024, 11, 19, 10, 46, 49, 850707)}
[2024-11-19 16:11:49,851] [INFO] 127.0.0.1 - - [19/Nov/2024 16:11:49] "POST /verify_zkp HTTP/1.1" 200 -
[2024-11-19 16:11:51,718] [DEBUG] Entered /sync_blockchain endpoint
[2024-11-19 16:11:51,718] [DEBUG] Syncing blockchain data: [{'user_id': 'genesis', 'previous_hash': '0', 'transaction': 'Genesis Block', 'commitment': 'genesis_commitment', 'timestamp': 1, 'nonce': 'nonce', 'hash': '45c01128a000954fabe165f58e7f58c70fa5860f007c8f70eade6a8ac39a3b66'}, {'user_id': '4550692', 'previous_hash': '45c01128a000954fabe165f58e7f58c70fa5860f007c8f70eade6a8ac39a3b66', 'transaction': {'action': 'register'}, 'commitment': None, 'timestamp': 1732012772.717239, 'nonce': 0, 'hash': '0a2b32a3937b8309e47a765371deeb99402051c62d5bc88efa0371e1dd3ed5b9'}, {'user_id': '8374846', 'previous_hash': '0a2b32a3937b8309e47a765371deeb99402051c62d5bc88efa0371e1dd3ed5b9', 'transaction': {'action': 'register'}, 'commitment': None, 'timestamp': 1732012909.6677077, 'nonce': 0, 'hash': '0430d0f37678ca32cd971a75994d13cffbfbe08de1014fcc79b70cd1bcd010f6'}]
[2024-11-19 16:11:51,719] [INFO] 127.0.0.1 - - [19/Nov/2024 16:11:51] "GET /sync_blockchain HTTP/1.1" 200 -
