[2024-11-19 16:08:11,822] [DEBUG] [Blockchain] Initialized reputation_tokens with random values: {'node_5001': 80, 'node_5000': 71, 'node_5002': 97, 'node_5003': 100, 'node_5004': 94, 'node_5005': 80, 'node_5006': 59, 'node_5007': 97, 'node_5008': 54, 'node_5009': 79}
[2024-11-19 16:08:11,822] [INFO] [Blockchain] Creating genesis block.
[2024-11-19 16:08:11,822] [DEBUG] [Blockchain] Genesis block created: {
    "user_id": "genesis",
    "previous_hash": "0",
    "transaction": "Genesis Block",
    "commitment": "genesis_commitment",
    "timestamp": 1,
    "nonce": "nonce",
    "hash": "45c01128a000954fabe165f58e7f58c70fa5860f007c8f70eade6a8ac39a3b66"
}
[2024-11-19 16:08:11,823] [DEBUG] [Blockchain] Retrieving peer nodes for 'node_5001'.
[2024-11-19 16:08:11,823] [DEBUG] [Blockchain] Peer nodes from file: ['127.0.0.1:5000', '127.0.0.1:5002', '127.0.0.1:5003', '127.0.0.1:5004', '127.0.0.1:5005', '127.0.0.1:5006', '127.0.0.1:5007', '127.0.0.1:5008', '127.0.0.1:5009']
[2024-11-19 16:08:11,823] [DEBUG] [Blockchain] Loading consensus algorithm: HRBC
[2024-11-19 16:08:11,824] [DEBUG] [HRBC] Node properties initialized: {'node_5001': {'uptime': 0.9667289769487536, 'network_proximity': 0.03835815838053802}, 'node_5000': {'uptime': 0.9031446678002717, 'network_proximity': 0.22128416556825625}, 'node_5002': {'uptime': 0.9225430951347485, 'network_proximity': 0.3641463150451918}, 'node_5003': {'uptime': 0.9274084701808716, 'network_proximity': 0.2243838900237587}, 'node_5004': {'uptime': 0.958935210381826, 'network_proximity': 0.5497671711969948}, 'node_5005': {'uptime': 0.9051983096870558, 'network_proximity': 0.6972702921315185}, 'node_5006': {'uptime': 0.9945318310173351, 'network_proximity': 0.09802573216614519}, 'node_5007': {'uptime': 0.9882186270733326, 'network_proximity': 0.40941948568005826}, 'node_5008': {'uptime': 0.9205718190834602, 'network_proximity': 0.2557232359692392}, 'node_5009': {'uptime': 0.9790595091119895, 'network_proximity': 0.8459737259080334}}
[2024-11-19 16:08:11,824] [DEBUG] [HRBC] Clusters formed based on network proximity: {0: ['node_5001', 'node_5006', 'node_5000'], 1: ['node_5003', 'node_5008', 'node_5002'], 2: ['node_5007', 'node_5004', 'node_5005', 'node_5009']}
[2024-11-19 16:08:11,824] [DEBUG] [HRBC] Cluster leaders elected: {0: 'node_5001', 1: 'node_5003', 2: 'node_5007'}
[2024-11-19 16:08:11,824] [DEBUG] [HRBC] Super node elected: node_5003
[2024-11-19 16:08:11,824] [DEBUG] [Blockchain] Initialized with node_id: node_5001, data_dir: node_data\node_node_5001
[2024-11-19 16:08:11,824] [DEBUG] [Blockchain] Peer nodes: ['127.0.0.1:5000', '127.0.0.1:5002', '127.0.0.1:5003', '127.0.0.1:5004', '127.0.0.1:5005', '127.0.0.1:5006', '127.0.0.1:5007', '127.0.0.1:5008', '127.0.0.1:5009']
[2024-11-19 16:08:11,824] [DEBUG] [Blockchain] Consensus algorithm: HRBC
[2024-11-19 16:08:11,828] [INFO] Starting Flask server on port 5001
 * Serving Flask app 'app'
 * Debug mode: on
[2024-11-19 16:08:11,850] [INFO] [31m[1mWARNING: This is a development server. Do not use it in a production deployment. Use a production WSGI server instead.[0m
 * Running on http://127.0.0.1:5001
[2024-11-19 16:08:11,850] [INFO] [33mPress CTRL+C to quit[0m
[2024-11-19 16:08:25,007] [DEBUG] Entered /register endpoint
[2024-11-19 16:08:25,008] [DEBUG] Received registration data: {'userId': '9046513', 'hashedPassword': 6779112}
[2024-11-19 16:08:25,009] [INFO] User 9046513 registered successfully.
[2024-11-19 16:08:25,009] [DEBUG] [Blockchain] Last block retrieved: {
    "user_id": "genesis",
    "previous_hash": "0",
    "transaction": "Genesis Block",
    "commitment": "genesis_commitment",
    "timestamp": 1,
    "nonce": "nonce",
    "hash": "45c01128a000954fabe165f58e7f58c70fa5860f007c8f70eade6a8ac39a3b66"
}
[2024-11-19 16:08:25,009] [DEBUG] [HRBC] initiate_consensus called: node_id=node_5001, cluster_id=0, transactions={'action': 'register'}
[2024-11-19 16:08:25,009] [DEBUG] [HRBC] Proposed block created: {
    "user_id": "9046513",
    "previous_hash": "45c01128a000954fabe165f58e7f58c70fa5860f007c8f70eade6a8ac39a3b66",
    "transaction": {
        "action": "register"
    },
    "commitment": null,
    "timestamp": 1732012705.009533,
    "nonce": 0,
    "hash": "0155cc01153525f569f72e96a702e3cfa43052ccd690ffe6009b5df3dc9f9ddc"
}
[2024-11-19 16:08:25,014] [DEBUG] Starting new HTTP connection (1): 127.0.0.1:5003
[2024-11-19 16:08:25,021] [DEBUG] http://127.0.0.1:5003 "POST /vote_on_block HTTP/1.1" 200 19
[2024-11-19 16:08:25,021] [DEBUG] [HRBC] Vote received from node_5003: True
[2024-11-19 16:08:25,023] [DEBUG] Starting new HTTP connection (1): 127.0.0.1:5007
[2024-11-19 16:08:25,029] [DEBUG] http://127.0.0.1:5007 "POST /vote_on_block HTTP/1.1" 200 19
[2024-11-19 16:08:25,029] [DEBUG] [HRBC] Vote received from node_5007: True
[2024-11-19 16:08:25,030] [INFO] [HRBC] Inter-cluster consensus achieved.
[2024-11-19 16:08:25,030] [INFO] [HRBC] Consensus achieved. Block: {
    "user_id": "9046513",
    "previous_hash": "45c01128a000954fabe165f58e7f58c70fa5860f007c8f70eade6a8ac39a3b66",
    "transaction": {
        "action": "register"
    },
    "commitment": null,
    "timestamp": 1732012705.009533,
    "nonce": 0,
    "hash": "0155cc01153525f569f72e96a702e3cfa43052ccd690ffe6009b5df3dc9f9ddc"
}
[2024-11-19 16:08:25,030] [INFO] [HRBC Consensus] Block added to blockchain: {
    "user_id": "9046513",
    "previous_hash": "45c01128a000954fabe165f58e7f58c70fa5860f007c8f70eade6a8ac39a3b66",
    "transaction": {
        "action": "register"
    },
    "commitment": null,
    "timestamp": 1732012705.009533,
    "nonce": 0,
    "hash": "0155cc01153525f569f72e96a702e3cfa43052ccd690ffe6009b5df3dc9f9ddc"
}
[2024-11-19 16:08:25,030] [DEBUG] [Blockchain] Updating metrics with new block: {
    "user_id": "9046513",
    "previous_hash": "45c01128a000954fabe165f58e7f58c70fa5860f007c8f70eade6a8ac39a3b66",
    "transaction": {
        "action": "register"
    },
    "commitment": null,
    "timestamp": 1732012705.009533,
    "nonce": 0,
    "hash": "0155cc01153525f569f72e96a702e3cfa43052ccd690ffe6009b5df3dc9f9ddc"
}
[2024-11-19 16:08:25,030] [DEBUG] [Blockchain] Block time: 1732012704.009533 seconds.
[2024-11-19 16:08:25,030] [DEBUG] [Blockchain] Transactions per block updated: [1]
[2024-11-19 16:08:25,030] [DEBUG] [Blockchain] Block size: 286 bytes.
[2024-11-19 16:08:25,030] [DEBUG] [Blockchain] Total blockchain size: 286 bytes.
[2024-11-19 16:08:25,031] [DEBUG] [Blockchain] Current difficulty: 0
[2024-11-19 16:08:25,031] [DEBUG] {
    "user_id": "9046513",
    "previous_hash": "45c01128a000954fabe165f58e7f58c70fa5860f007c8f70eade6a8ac39a3b66",
    "transaction": {
        "action": "register"
    },
    "commitment": null,
    "timestamp": 1732012705.009533,
    "nonce": 0,
    "hash": "0155cc01153525f569f72e96a702e3cfa43052ccd690ffe6009b5df3dc9f9ddc"
}
[2024-11-19 16:08:25,031] [INFO] New block created: {
    "user_id": "9046513",
    "previous_hash": "45c01128a000954fabe165f58e7f58c70fa5860f007c8f70eade6a8ac39a3b66",
    "transaction": {
        "action": "register"
    },
    "commitment": null,
    "timestamp": 1732012705.009533,
    "nonce": 0,
    "hash": "0155cc01153525f569f72e96a702e3cfa43052ccd690ffe6009b5df3dc9f9ddc"
}
[2024-11-19 16:08:25,031] [DEBUG] Broadcasting block to peers: ['127.0.0.1:5000', '127.0.0.1:5002', '127.0.0.1:5003', '127.0.0.1:5004', '127.0.0.1:5005', '127.0.0.1:5006', '127.0.0.1:5007', '127.0.0.1:5008', '127.0.0.1:5009'] with consensus_id: node_5001
[2024-11-19 16:08:25,033] [DEBUG] Starting new HTTP connection (1): 127.0.0.1:5000
[2024-11-19 16:08:25,045] [DEBUG] http://127.0.0.1:5000 "POST /receive_block HTTP/1.1" 400 33
[2024-11-19 16:08:25,046] [WARNING] Failed to broadcast block to 127.0.0.1:5000. HTTP Error: 400 - BAD REQUEST
[2024-11-19 16:08:25,048] [DEBUG] Starting new HTTP connection (1): 127.0.0.1:5002
[2024-11-19 16:08:25,052] [DEBUG] Entered /receive_block endpoint
[2024-11-19 16:08:25,052] [DEBUG] Received block data: {'user_id': '9046513', 'previous_hash': '45c01128a000954fabe165f58e7f58c70fa5860f007c8f70eade6a8ac39a3b66', 'transaction': {'action': 'register'}, 'nonce': 0, 'commitment': None, 'timestamp': 1732012705.0085354, 'consensus_node': 'node_5000'}
[2024-11-19 16:08:25,052] [DEBUG] Constructed new block: {
    "user_id": "9046513",
    "previous_hash": "45c01128a000954fabe165f58e7f58c70fa5860f007c8f70eade6a8ac39a3b66",
    "transaction": {
        "action": "register"
    },
    "commitment": null,
    "timestamp": 1732012705.0085354,
    "nonce": 0,
    "hash": "36cdd76db9e71fc12df1430acee37bccf3a663b0a26046be0f7f63c84a6789ec"
}
[2024-11-19 16:08:25,053] [DEBUG] [Blockchain] Last block retrieved: {
    "user_id": "9046513",
    "previous_hash": "45c01128a000954fabe165f58e7f58c70fa5860f007c8f70eade6a8ac39a3b66",
    "transaction": {
        "action": "register"
    },
    "commitment": null,
    "timestamp": 1732012705.009533,
    "nonce": 0,
    "hash": "0155cc01153525f569f72e96a702e3cfa43052ccd690ffe6009b5df3dc9f9ddc"
}
[2024-11-19 16:08:25,053] [DEBUG] [HRBC] Cluster leaders elected: {0: 'node_5001', 1: 'node_5003', 2: 'node_5007'}
[2024-11-19 16:08:25,053] [DEBUG] [HRBC] Super node elected: node_5003
[2024-11-19 16:08:25,053] [ERROR] Invalid block received.
[2024-11-19 16:08:25,054] [INFO] 127.0.0.1 - - [19/Nov/2024 16:08:25] "[31m[1mPOST /receive_block HTTP/1.1[0m" 400 -
[2024-11-19 16:08:25,057] [DEBUG] Entered /receive_block endpoint
[2024-11-19 16:08:25,057] [DEBUG] Received block data: {'user_id': '9046513', 'previous_hash': '45c01128a000954fabe165f58e7f58c70fa5860f007c8f70eade6a8ac39a3b66', 'transaction': {'action': 'register'}, 'nonce': 0, 'commitment': None, 'timestamp': 1732012705.0105338, 'consensus_node': 'node_5002'}
[2024-11-19 16:08:25,057] [DEBUG] Constructed new block: {
    "user_id": "9046513",
    "previous_hash": "45c01128a000954fabe165f58e7f58c70fa5860f007c8f70eade6a8ac39a3b66",
    "transaction": {
        "action": "register"
    },
    "commitment": null,
    "timestamp": 1732012705.0105338,
    "nonce": 0,
    "hash": "89537ea4cb18e73b58a94256e6de21910218908f182d11afa8fafd295c18a098"
}
[2024-11-19 16:08:25,058] [DEBUG] [Blockchain] Last block retrieved: {
    "user_id": "9046513",
    "previous_hash": "45c01128a000954fabe165f58e7f58c70fa5860f007c8f70eade6a8ac39a3b66",
    "transaction": {
        "action": "register"
    },
    "commitment": null,
    "timestamp": 1732012705.009533,
    "nonce": 0,
    "hash": "0155cc01153525f569f72e96a702e3cfa43052ccd690ffe6009b5df3dc9f9ddc"
}
[2024-11-19 16:08:25,058] [DEBUG] [HRBC] Cluster leaders elected: {0: 'node_5001', 1: 'node_5003', 2: 'node_5007'}
[2024-11-19 16:08:25,058] [DEBUG] [HRBC] Super node elected: node_5003
[2024-11-19 16:08:25,058] [ERROR] Invalid block received.
[2024-11-19 16:08:25,059] [INFO] 127.0.0.1 - - [19/Nov/2024 16:08:25] "[31m[1mPOST /receive_block HTTP/1.1[0m" 400 -
[2024-11-19 16:08:25,066] [DEBUG] Entered /receive_block endpoint
[2024-11-19 16:08:25,067] [DEBUG] Received block data: {'user_id': '9046513', 'previous_hash': '45c01128a000954fabe165f58e7f58c70fa5860f007c8f70eade6a8ac39a3b66', 'transaction': {'action': 'register'}, 'nonce': 0, 'commitment': None, 'timestamp': 1732012705.028533, 'consensus_node': 'node_5007'}
[2024-11-19 16:08:25,067] [DEBUG] Constructed new block: {
    "user_id": "9046513",
    "previous_hash": "45c01128a000954fabe165f58e7f58c70fa5860f007c8f70eade6a8ac39a3b66",
    "transaction": {
        "action": "register"
    },
    "commitment": null,
    "timestamp": 1732012705.028533,
    "nonce": 0,
    "hash": "b0f91b70c53061f586322bdbd68ac214d669e0b291c3aac4addf999c0ce4defe"
}
[2024-11-19 16:08:25,067] [DEBUG] [Blockchain] Last block retrieved: {
    "user_id": "9046513",
    "previous_hash": "45c01128a000954fabe165f58e7f58c70fa5860f007c8f70eade6a8ac39a3b66",
    "transaction": {
        "action": "register"
    },
    "commitment": null,
    "timestamp": 1732012705.009533,
    "nonce": 0,
    "hash": "0155cc01153525f569f72e96a702e3cfa43052ccd690ffe6009b5df3dc9f9ddc"
}
[2024-11-19 16:08:25,067] [DEBUG] [HRBC] Cluster leaders elected: {0: 'node_5001', 1: 'node_5003', 2: 'node_5004'}
[2024-11-19 16:08:25,067] [DEBUG] [HRBC] Super node elected: node_5003
[2024-11-19 16:08:25,068] [ERROR] Invalid block received.
[2024-11-19 16:08:25,068] [INFO] 127.0.0.1 - - [19/Nov/2024 16:08:25] "[31m[1mPOST /receive_block HTTP/1.1[0m" 400 -
[2024-11-19 16:08:25,073] [DEBUG] Entered /receive_block endpoint
[2024-11-19 16:08:25,073] [DEBUG] http://127.0.0.1:5002 "POST /receive_block HTTP/1.1" 400 33
[2024-11-19 16:08:25,074] [DEBUG] Received block data: {'user_id': '9046513', 'previous_hash': '45c01128a000954fabe165f58e7f58c70fa5860f007c8f70eade6a8ac39a3b66', 'transaction': {'action': 'register'}, 'nonce': 0, 'commitment': None, 'timestamp': 1732012705.035536, 'consensus_node': 'node_5006'}
[2024-11-19 16:08:25,074] [DEBUG] Constructed new block: {
    "user_id": "9046513",
    "previous_hash": "45c01128a000954fabe165f58e7f58c70fa5860f007c8f70eade6a8ac39a3b66",
    "transaction": {
        "action": "register"
    },
    "commitment": null,
    "timestamp": 1732012705.035536,
    "nonce": 0,
    "hash": "7e647d904c968882c3c604dbe6dd037a7a001008280805923bde22451909be5c"
}
[2024-11-19 16:08:25,075] [WARNING] Failed to broadcast block to 127.0.0.1:5002. HTTP Error: 400 - BAD REQUEST
[2024-11-19 16:08:25,075] [DEBUG] [Blockchain] Last block retrieved: {
    "user_id": "9046513",
    "previous_hash": "45c01128a000954fabe165f58e7f58c70fa5860f007c8f70eade6a8ac39a3b66",
    "transaction": {
        "action": "register"
    },
    "commitment": null,
    "timestamp": 1732012705.009533,
    "nonce": 0,
    "hash": "0155cc01153525f569f72e96a702e3cfa43052ccd690ffe6009b5df3dc9f9ddc"
}
[2024-11-19 16:08:25,075] [DEBUG] [HRBC] Cluster leaders elected: {0: 'node_5001', 1: 'node_5003', 2: 'node_5004'}
[2024-11-19 16:08:25,075] [DEBUG] [HRBC] Super node elected: node_5003
[2024-11-19 16:08:25,076] [ERROR] Invalid block received.
[2024-11-19 16:08:25,077] [INFO] 127.0.0.1 - - [19/Nov/2024 16:08:25] "[31m[1mPOST /receive_block HTTP/1.1[0m" 400 -
[2024-11-19 16:08:25,078] [DEBUG] Starting new HTTP connection (1): 127.0.0.1:5003
[2024-11-19 16:08:25,087] [DEBUG] http://127.0.0.1:5003 "POST /receive_block HTTP/1.1" 400 33
[2024-11-19 16:08:25,088] [WARNING] Failed to broadcast block to 127.0.0.1:5003. HTTP Error: 400 - BAD REQUEST
[2024-11-19 16:08:25,090] [DEBUG] Starting new HTTP connection (1): 127.0.0.1:5004
[2024-11-19 16:08:25,094] [DEBUG] http://127.0.0.1:5004 "POST /receive_block HTTP/1.1" 400 33
[2024-11-19 16:08:25,095] [WARNING] Failed to broadcast block to 127.0.0.1:5004. HTTP Error: 400 - BAD REQUEST
[2024-11-19 16:08:25,096] [DEBUG] Starting new HTTP connection (1): 127.0.0.1:5005
[2024-11-19 16:08:25,101] [DEBUG] http://127.0.0.1:5005 "POST /receive_block HTTP/1.1" 400 33
[2024-11-19 16:08:25,102] [WARNING] Failed to broadcast block to 127.0.0.1:5005. HTTP Error: 400 - BAD REQUEST
[2024-11-19 16:08:25,104] [DEBUG] Starting new HTTP connection (1): 127.0.0.1:5006
[2024-11-19 16:08:25,110] [DEBUG] http://127.0.0.1:5006 "POST /receive_block HTTP/1.1" 400 33
[2024-11-19 16:08:25,110] [WARNING] Failed to broadcast block to 127.0.0.1:5006. HTTP Error: 400 - BAD REQUEST
[2024-11-19 16:08:25,112] [DEBUG] Starting new HTTP connection (1): 127.0.0.1:5007
[2024-11-19 16:08:25,124] [DEBUG] http://127.0.0.1:5007 "POST /receive_block HTTP/1.1" 400 33
[2024-11-19 16:08:25,125] [WARNING] Failed to broadcast block to 127.0.0.1:5007. HTTP Error: 400 - BAD REQUEST
[2024-11-19 16:08:25,126] [DEBUG] Starting new HTTP connection (1): 127.0.0.1:5008
[2024-11-19 16:08:25,136] [DEBUG] http://127.0.0.1:5008 "POST /receive_block HTTP/1.1" 400 33
[2024-11-19 16:08:25,137] [WARNING] Failed to broadcast block to 127.0.0.1:5008. HTTP Error: 400 - BAD REQUEST
[2024-11-19 16:08:25,139] [DEBUG] Starting new HTTP connection (1): 127.0.0.1:5009
[2024-11-19 16:08:25,145] [DEBUG] http://127.0.0.1:5009 "POST /receive_block HTTP/1.1" 400 33
[2024-11-19 16:08:25,145] [WARNING] Failed to broadcast block to 127.0.0.1:5009. HTTP Error: 400 - BAD REQUEST
[2024-11-19 16:08:25,146] [INFO] 127.0.0.1 - - [19/Nov/2024 16:08:25] "POST /register HTTP/1.1" 200 -
[2024-11-19 16:08:25,183] [DEBUG] Entered /initiate_zkp endpoint
[2024-11-19 16:08:25,187] [DEBUG] Received initiate_zkp data: {'userId': '9046513', 'T': 28}
[2024-11-19 16:08:25,187] [INFO] Commitment T stored for user 9046513.
[2024-11-19 16:08:25,188] [INFO] 127.0.0.1 - - [19/Nov/2024 16:08:25] "POST /initiate_zkp HTTP/1.1" 200 -
[2024-11-19 16:08:25,220] [DEBUG] Entered /verify_zkp endpoint
[2024-11-19 16:08:25,221] [DEBUG] Received verify_zkp data: {'userId': '9046513', 's': 3, 'challenge': 6}
[2024-11-19 16:08:25,221] [INFO] ZKP verified for user 9046513. Token issued: {'user_id': '9046513', 'node_id': '127.0.0.1:5001', 'exp': datetime.datetime(2024, 11, 19, 10, 43, 25, 221533)}
[2024-11-19 16:08:25,221] [INFO] 127.0.0.1 - - [19/Nov/2024 16:08:25] "POST /verify_zkp HTTP/1.1" 200 -
[2024-11-19 16:09:32,715] [DEBUG] Entered /register endpoint
[2024-11-19 16:09:32,715] [DEBUG] Received registration data: {'userId': '4550692', 'hashedPassword': 3746812}
[2024-11-19 16:09:32,715] [INFO] User 4550692 registered successfully.
[2024-11-19 16:09:32,716] [DEBUG] [Blockchain] Last block retrieved: {
    "user_id": "9046513",
    "previous_hash": "45c01128a000954fabe165f58e7f58c70fa5860f007c8f70eade6a8ac39a3b66",
    "transaction": {
        "action": "register"
    },
    "commitment": null,
    "timestamp": 1732012705.009533,
    "nonce": 0,
    "hash": "0155cc01153525f569f72e96a702e3cfa43052ccd690ffe6009b5df3dc9f9ddc"
}
[2024-11-19 16:09:32,716] [DEBUG] [HRBC] initiate_consensus called: node_id=node_5001, cluster_id=0, transactions={'action': 'register'}
[2024-11-19 16:09:32,716] [DEBUG] [HRBC] Proposed block created: {
    "user_id": "4550692",
    "previous_hash": "0155cc01153525f569f72e96a702e3cfa43052ccd690ffe6009b5df3dc9f9ddc",
    "transaction": {
        "action": "register"
    },
    "commitment": null,
    "timestamp": 1732012772.7162378,
    "nonce": 0,
    "hash": "269dce6739a60f55cc81f868352e898391fae6281053a8c68685fdf810e94741"
}
[2024-11-19 16:09:32,717] [DEBUG] Starting new HTTP connection (1): 127.0.0.1:5003
[2024-11-19 16:09:32,722] [DEBUG] http://127.0.0.1:5003 "POST /vote_on_block HTTP/1.1" 200 19
[2024-11-19 16:09:32,722] [DEBUG] [HRBC] Vote received from node_5003: True
[2024-11-19 16:09:32,724] [DEBUG] Starting new HTTP connection (1): 127.0.0.1:5004
[2024-11-19 16:09:32,727] [DEBUG] http://127.0.0.1:5004 "POST /vote_on_block HTTP/1.1" 200 19
[2024-11-19 16:09:32,728] [DEBUG] [HRBC] Vote received from node_5004: True
[2024-11-19 16:09:32,728] [INFO] [HRBC] Inter-cluster consensus achieved.
[2024-11-19 16:09:32,728] [INFO] [HRBC] Consensus achieved. Block: {
    "user_id": "4550692",
    "previous_hash": "0155cc01153525f569f72e96a702e3cfa43052ccd690ffe6009b5df3dc9f9ddc",
    "transaction": {
        "action": "register"
    },
    "commitment": null,
    "timestamp": 1732012772.7162378,
    "nonce": 0,
    "hash": "269dce6739a60f55cc81f868352e898391fae6281053a8c68685fdf810e94741"
}
[2024-11-19 16:09:32,728] [INFO] [HRBC Consensus] Block added to blockchain: {
    "user_id": "4550692",
    "previous_hash": "0155cc01153525f569f72e96a702e3cfa43052ccd690ffe6009b5df3dc9f9ddc",
    "transaction": {
        "action": "register"
    },
    "commitment": null,
    "timestamp": 1732012772.7162378,
    "nonce": 0,
    "hash": "269dce6739a60f55cc81f868352e898391fae6281053a8c68685fdf810e94741"
}
[2024-11-19 16:09:32,728] [DEBUG] [Blockchain] Updating metrics with new block: {
    "user_id": "4550692",
    "previous_hash": "0155cc01153525f569f72e96a702e3cfa43052ccd690ffe6009b5df3dc9f9ddc",
    "transaction": {
        "action": "register"
    },
    "commitment": null,
    "timestamp": 1732012772.7162378,
    "nonce": 0,
    "hash": "269dce6739a60f55cc81f868352e898391fae6281053a8c68685fdf810e94741"
}
[2024-11-19 16:09:32,728] [DEBUG] [Blockchain] Block time: 67.70670485496521 seconds.
[2024-11-19 16:09:32,728] [DEBUG] [Blockchain] Transactions per block updated: [1, 1]
[2024-11-19 16:09:32,728] [DEBUG] [Blockchain] Block size: 287 bytes.
[2024-11-19 16:09:32,728] [DEBUG] [Blockchain] Total blockchain size: 573 bytes.
[2024-11-19 16:09:32,728] [DEBUG] [Blockchain] Current difficulty: 0
[2024-11-19 16:09:32,728] [DEBUG] {
    "user_id": "4550692",
    "previous_hash": "0155cc01153525f569f72e96a702e3cfa43052ccd690ffe6009b5df3dc9f9ddc",
    "transaction": {
        "action": "register"
    },
    "commitment": null,
    "timestamp": 1732012772.7162378,
    "nonce": 0,
    "hash": "269dce6739a60f55cc81f868352e898391fae6281053a8c68685fdf810e94741"
}
[2024-11-19 16:09:32,729] [INFO] New block created: {
    "user_id": "4550692",
    "previous_hash": "0155cc01153525f569f72e96a702e3cfa43052ccd690ffe6009b5df3dc9f9ddc",
    "transaction": {
        "action": "register"
    },
    "commitment": null,
    "timestamp": 1732012772.7162378,
    "nonce": 0,
    "hash": "269dce6739a60f55cc81f868352e898391fae6281053a8c68685fdf810e94741"
}
[2024-11-19 16:09:32,729] [DEBUG] Broadcasting block to peers: ['127.0.0.1:5000', '127.0.0.1:5002', '127.0.0.1:5003', '127.0.0.1:5004', '127.0.0.1:5005', '127.0.0.1:5006', '127.0.0.1:5007', '127.0.0.1:5008', '127.0.0.1:5009'] with consensus_id: node_5001
[2024-11-19 16:09:32,730] [DEBUG] Starting new HTTP connection (1): 127.0.0.1:5000
[2024-11-19 16:09:32,751] [DEBUG] Entered /receive_block endpoint
[2024-11-19 16:09:32,751] [DEBUG] Received block data: {'user_id': '4550692', 'previous_hash': '89537ea4cb18e73b58a94256e6de21910218908f182d11afa8fafd295c18a098', 'transaction': {'action': 'register'}, 'nonce': 0, 'commitment': None, 'timestamp': 1732012772.718238, 'consensus_node': 'node_5002'}
[2024-11-19 16:09:32,752] [DEBUG] Constructed new block: {
    "user_id": "4550692",
    "previous_hash": "89537ea4cb18e73b58a94256e6de21910218908f182d11afa8fafd295c18a098",
    "transaction": {
        "action": "register"
    },
    "commitment": null,
    "timestamp": 1732012772.718238,
    "nonce": 0,
    "hash": "c00ac4a60b92e26d19299fa2351c601479dd41029f7825e7fc36a4ca32a04c52"
}
[2024-11-19 16:09:32,752] [DEBUG] [Blockchain] Last block retrieved: {
    "user_id": "4550692",
    "previous_hash": "0155cc01153525f569f72e96a702e3cfa43052ccd690ffe6009b5df3dc9f9ddc",
    "transaction": {
        "action": "register"
    },
    "commitment": null,
    "timestamp": 1732012772.7162378,
    "nonce": 0,
    "hash": "269dce6739a60f55cc81f868352e898391fae6281053a8c68685fdf810e94741"
}
[2024-11-19 16:09:32,752] [DEBUG] [HRBC] Cluster leaders elected: {0: 'node_5001', 1: 'node_5003', 2: 'node_5004'}
[2024-11-19 16:09:32,752] [DEBUG] [HRBC] Super node elected: node_5003
[2024-11-19 16:09:32,752] [ERROR] Invalid block received.
[2024-11-19 16:09:32,752] [INFO] 127.0.0.1 - - [19/Nov/2024 16:09:32] "[31m[1mPOST /receive_block HTTP/1.1[0m" 400 -
[2024-11-19 16:09:32,755] [DEBUG] http://127.0.0.1:5000 "POST /receive_block HTTP/1.1" 400 33
[2024-11-19 16:09:32,756] [WARNING] Failed to broadcast block to 127.0.0.1:5000. HTTP Error: 400 - BAD REQUEST
[2024-11-19 16:09:32,757] [DEBUG] Starting new HTTP connection (1): 127.0.0.1:5002
[2024-11-19 16:09:32,759] [DEBUG] Entered /receive_block endpoint
[2024-11-19 16:09:32,760] [DEBUG] Received block data: {'user_id': '4550692', 'previous_hash': '36cdd76db9e71fc12df1430acee37bccf3a663b0a26046be0f7f63c84a6789ec', 'transaction': {'action': 'register'}, 'nonce': 0, 'commitment': None, 'timestamp': 1732012772.713237, 'consensus_node': 'node_5000'}
[2024-11-19 16:09:32,760] [DEBUG] Constructed new block: {
    "user_id": "4550692",
    "previous_hash": "36cdd76db9e71fc12df1430acee37bccf3a663b0a26046be0f7f63c84a6789ec",
    "transaction": {
        "action": "register"
    },
    "commitment": null,
    "timestamp": 1732012772.713237,
    "nonce": 0,
    "hash": "6e582b9420a17f808a631f55d9a877f2fbb857c7e8df3ff8883dc0bcf7a91dc7"
}
[2024-11-19 16:09:32,760] [DEBUG] [Blockchain] Last block retrieved: {
    "user_id": "4550692",
    "previous_hash": "0155cc01153525f569f72e96a702e3cfa43052ccd690ffe6009b5df3dc9f9ddc",
    "transaction": {
        "action": "register"
    },
    "commitment": null,
    "timestamp": 1732012772.7162378,
    "nonce": 0,
    "hash": "269dce6739a60f55cc81f868352e898391fae6281053a8c68685fdf810e94741"
}
[2024-11-19 16:09:32,760] [DEBUG] [HRBC] Cluster leaders elected: {0: 'node_5001', 1: 'node_5003', 2: 'node_5004'}
[2024-11-19 16:09:32,760] [DEBUG] [HRBC] Super node elected: node_5003
[2024-11-19 16:09:32,760] [ERROR] Invalid block received.
[2024-11-19 16:09:32,760] [INFO] 127.0.0.1 - - [19/Nov/2024 16:09:32] "[31m[1mPOST /receive_block HTTP/1.1[0m" 400 -
[2024-11-19 16:09:32,761] [DEBUG] http://127.0.0.1:5002 "POST /receive_block HTTP/1.1" 400 33
[2024-11-19 16:09:32,761] [WARNING] Failed to broadcast block to 127.0.0.1:5002. HTTP Error: 400 - BAD REQUEST
[2024-11-19 16:09:32,762] [DEBUG] Starting new HTTP connection (1): 127.0.0.1:5003
[2024-11-19 16:09:32,766] [DEBUG] http://127.0.0.1:5003 "POST /receive_block HTTP/1.1" 400 33
[2024-11-19 16:09:32,767] [WARNING] Failed to broadcast block to 127.0.0.1:5003. HTTP Error: 400 - BAD REQUEST
[2024-11-19 16:09:32,767] [DEBUG] Entered /receive_block endpoint
[2024-11-19 16:09:32,768] [DEBUG] Received block data: {'user_id': '4550692', 'previous_hash': 'b0f91b70c53061f586322bdbd68ac214d669e0b291c3aac4addf999c0ce4defe', 'transaction': {'action': 'register'}, 'nonce': 0, 'commitment': None, 'timestamp': 1732012772.713237, 'consensus_node': 'node_5007'}
[2024-11-19 16:09:32,768] [DEBUG] Entered /receive_block endpoint
[2024-11-19 16:09:32,768] [DEBUG] Constructed new block: {
    "user_id": "4550692",
    "previous_hash": "b0f91b70c53061f586322bdbd68ac214d669e0b291c3aac4addf999c0ce4defe",
    "transaction": {
        "action": "register"
    },
    "commitment": null,
    "timestamp": 1732012772.713237,
    "nonce": 0,
    "hash": "6be55a15c76955f1a14eaa059de7ed0cf36063ab2fa4c11daeae1b002515afa3"
}
[2024-11-19 16:09:32,769] [DEBUG] Received block data: {'user_id': '4550692', 'previous_hash': '7e647d904c968882c3c604dbe6dd037a7a001008280805923bde22451909be5c', 'transaction': {'action': 'register'}, 'nonce': 0, 'commitment': None, 'timestamp': 1732012772.718238, 'consensus_node': 'node_5006'}
[2024-11-19 16:09:32,770] [DEBUG] Starting new HTTP connection (1): 127.0.0.1:5004
[2024-11-19 16:09:32,770] [DEBUG] [Blockchain] Last block retrieved: {
    "user_id": "4550692",
    "previous_hash": "0155cc01153525f569f72e96a702e3cfa43052ccd690ffe6009b5df3dc9f9ddc",
    "transaction": {
        "action": "register"
    },
    "commitment": null,
    "timestamp": 1732012772.7162378,
    "nonce": 0,
    "hash": "269dce6739a60f55cc81f868352e898391fae6281053a8c68685fdf810e94741"
}
[2024-11-19 16:09:32,770] [DEBUG] Constructed new block: {
    "user_id": "4550692",
    "previous_hash": "7e647d904c968882c3c604dbe6dd037a7a001008280805923bde22451909be5c",
    "transaction": {
        "action": "register"
    },
    "commitment": null,
    "timestamp": 1732012772.718238,
    "nonce": 0,
    "hash": "cc656f2edb330258fb9aacf9a8a966f63769eae020ab57493668ef4aca5ceccf"
}
[2024-11-19 16:09:32,771] [DEBUG] [HRBC] Cluster leaders elected: {0: 'node_5001', 1: 'node_5003', 2: 'node_5004'}
[2024-11-19 16:09:32,771] [DEBUG] [Blockchain] Last block retrieved: {
    "user_id": "4550692",
    "previous_hash": "0155cc01153525f569f72e96a702e3cfa43052ccd690ffe6009b5df3dc9f9ddc",
    "transaction": {
        "action": "register"
    },
    "commitment": null,
    "timestamp": 1732012772.7162378,
    "nonce": 0,
    "hash": "269dce6739a60f55cc81f868352e898391fae6281053a8c68685fdf810e94741"
}
[2024-11-19 16:09:32,771] [DEBUG] [HRBC] Super node elected: node_5003
[2024-11-19 16:09:32,771] [DEBUG] [HRBC] Cluster leaders elected: {0: 'node_5001', 1: 'node_5003', 2: 'node_5004'}
[2024-11-19 16:09:32,771] [ERROR] Invalid block received.
[2024-11-19 16:09:32,772] [DEBUG] [HRBC] Super node elected: node_5003
[2024-11-19 16:09:32,772] [DEBUG] Entered /receive_block endpoint
[2024-11-19 16:09:32,773] [INFO] 127.0.0.1 - - [19/Nov/2024 16:09:32] "[31m[1mPOST /receive_block HTTP/1.1[0m" 400 -
[2024-11-19 16:09:32,773] [ERROR] Invalid block received.
[2024-11-19 16:09:32,773] [DEBUG] Received block data: {'user_id': '4550692', 'previous_hash': '45c01128a000954fabe165f58e7f58c70fa5860f007c8f70eade6a8ac39a3b66', 'transaction': {'action': 'register'}, 'nonce': 0, 'commitment': None, 'timestamp': 1732012772.717239, 'consensus_node': 'node_5003'}
[2024-11-19 16:09:32,774] [DEBUG] Entered /receive_block endpoint
[2024-11-19 16:09:32,776] [INFO] 127.0.0.1 - - [19/Nov/2024 16:09:32] "[31m[1mPOST /receive_block HTTP/1.1[0m" 400 -
[2024-11-19 16:09:32,777] [DEBUG] Constructed new block: {
    "user_id": "4550692",
    "previous_hash": "45c01128a000954fabe165f58e7f58c70fa5860f007c8f70eade6a8ac39a3b66",
    "transaction": {
        "action": "register"
    },
    "commitment": null,
    "timestamp": 1732012772.717239,
    "nonce": 0,
    "hash": "0a2b32a3937b8309e47a765371deeb99402051c62d5bc88efa0371e1dd3ed5b9"
}
[2024-11-19 16:09:32,778] [DEBUG] http://127.0.0.1:5004 "POST /receive_block HTTP/1.1" 400 33
[2024-11-19 16:09:32,778] [DEBUG] Received block data: {'user_id': '4550692', 'previous_hash': '45c01128a000954fabe165f58e7f58c70fa5860f007c8f70eade6a8ac39a3b66', 'transaction': {'action': 'register'}, 'nonce': 0, 'commitment': None, 'timestamp': 1732012772.718238, 'consensus_node': 'node_5004'}
[2024-11-19 16:09:32,778] [DEBUG] [Blockchain] Last block retrieved: {
    "user_id": "4550692",
    "previous_hash": "0155cc01153525f569f72e96a702e3cfa43052ccd690ffe6009b5df3dc9f9ddc",
    "transaction": {
        "action": "register"
    },
    "commitment": null,
    "timestamp": 1732012772.7162378,
    "nonce": 0,
    "hash": "269dce6739a60f55cc81f868352e898391fae6281053a8c68685fdf810e94741"
}
[2024-11-19 16:09:32,779] [WARNING] Failed to broadcast block to 127.0.0.1:5004. HTTP Error: 400 - BAD REQUEST
[2024-11-19 16:09:32,779] [DEBUG] Constructed new block: {
    "user_id": "4550692",
    "previous_hash": "45c01128a000954fabe165f58e7f58c70fa5860f007c8f70eade6a8ac39a3b66",
    "transaction": {
        "action": "register"
    },
    "commitment": null,
    "timestamp": 1732012772.718238,
    "nonce": 0,
    "hash": "a0d3f91a3ba4af9bd226415015d693456e6baff8802307e40b9b2b87493bcb18"
}
[2024-11-19 16:09:32,779] [DEBUG] [HRBC] Cluster leaders elected: {0: 'node_5001', 1: 'node_5003', 2: 'node_5004'}
[2024-11-19 16:09:32,781] [DEBUG] Starting new HTTP connection (1): 127.0.0.1:5005
[2024-11-19 16:09:32,782] [DEBUG] [Blockchain] Last block retrieved: {
    "user_id": "4550692",
    "previous_hash": "0155cc01153525f569f72e96a702e3cfa43052ccd690ffe6009b5df3dc9f9ddc",
    "transaction": {
        "action": "register"
    },
    "commitment": null,
    "timestamp": 1732012772.7162378,
    "nonce": 0,
    "hash": "269dce6739a60f55cc81f868352e898391fae6281053a8c68685fdf810e94741"
}
[2024-11-19 16:09:32,782] [DEBUG] [HRBC] Super node elected: node_5004
[2024-11-19 16:09:32,783] [DEBUG] [HRBC] Cluster leaders elected: {0: 'node_5001', 1: 'node_5003', 2: 'node_5005'}
[2024-11-19 16:09:32,783] [ERROR] Invalid block received.
[2024-11-19 16:09:32,783] [DEBUG] [HRBC] Super node elected: node_5001
[2024-11-19 16:09:32,784] [INFO] 127.0.0.1 - - [19/Nov/2024 16:09:32] "[31m[1mPOST /receive_block HTTP/1.1[0m" 400 -
[2024-11-19 16:09:32,784] [ERROR] Invalid block received.
[2024-11-19 16:09:32,784] [INFO] 127.0.0.1 - - [19/Nov/2024 16:09:32] "[31m[1mPOST /receive_block HTTP/1.1[0m" 400 -
[2024-11-19 16:09:32,787] [DEBUG] http://127.0.0.1:5005 "POST /receive_block HTTP/1.1" 400 33
[2024-11-19 16:09:32,789] [WARNING] Failed to broadcast block to 127.0.0.1:5005. HTTP Error: 400 - BAD REQUEST
[2024-11-19 16:09:32,791] [DEBUG] Starting new HTTP connection (1): 127.0.0.1:5006
[2024-11-19 16:09:32,797] [DEBUG] http://127.0.0.1:5006 "POST /receive_block HTTP/1.1" 400 33
[2024-11-19 16:09:32,797] [WARNING] Failed to broadcast block to 127.0.0.1:5006. HTTP Error: 400 - BAD REQUEST
[2024-11-19 16:09:32,799] [DEBUG] Starting new HTTP connection (1): 127.0.0.1:5007
[2024-11-19 16:09:32,803] [DEBUG] http://127.0.0.1:5007 "POST /receive_block HTTP/1.1" 400 33
[2024-11-19 16:09:32,803] [WARNING] Failed to broadcast block to 127.0.0.1:5007. HTTP Error: 400 - BAD REQUEST
[2024-11-19 16:09:32,805] [DEBUG] Starting new HTTP connection (1): 127.0.0.1:5008
[2024-11-19 16:09:32,831] [DEBUG] http://127.0.0.1:5008 "POST /receive_block HTTP/1.1" 400 33
[2024-11-19 16:09:32,831] [WARNING] Failed to broadcast block to 127.0.0.1:5008. HTTP Error: 400 - BAD REQUEST
[2024-11-19 16:09:32,833] [DEBUG] Starting new HTTP connection (1): 127.0.0.1:5009
[2024-11-19 16:09:32,836] [DEBUG] http://127.0.0.1:5009 "POST /receive_block HTTP/1.1" 400 33
[2024-11-19 16:09:32,836] [WARNING] Failed to broadcast block to 127.0.0.1:5009. HTTP Error: 400 - BAD REQUEST
[2024-11-19 16:09:32,837] [INFO] 127.0.0.1 - - [19/Nov/2024 16:09:32] "POST /register HTTP/1.1" 200 -
[2024-11-19 16:09:32,886] [DEBUG] Entered /initiate_zkp endpoint
[2024-11-19 16:09:32,886] [DEBUG] Received initiate_zkp data: {'userId': '4550692', 'T': 5}
[2024-11-19 16:09:32,887] [INFO] Commitment T stored for user 4550692.
[2024-11-19 16:09:32,887] [INFO] 127.0.0.1 - - [19/Nov/2024 16:09:32] "POST /initiate_zkp HTTP/1.1" 200 -
[2024-11-19 16:09:32,906] [DEBUG] Entered /verify_zkp endpoint
[2024-11-19 16:09:32,906] [DEBUG] Received verify_zkp data: {'userId': '4550692', 's': 5, 'challenge': 10}
[2024-11-19 16:09:32,906] [INFO] ZKP verified for user 4550692. Token issued: {'user_id': '4550692', 'node_id': '127.0.0.1:5001', 'exp': datetime.datetime(2024, 11, 19, 10, 44, 32, 906236)}
[2024-11-19 16:09:32,906] [INFO] 127.0.0.1 - - [19/Nov/2024 16:09:32] "POST /verify_zkp HTTP/1.1" 200 -
[2024-11-19 16:11:49,665] [DEBUG] Entered /register endpoint
[2024-11-19 16:11:49,665] [DEBUG] Received registration data: {'userId': '8374846', 'hashedPassword': 6585755}
[2024-11-19 16:11:49,665] [INFO] User 8374846 registered successfully.
[2024-11-19 16:11:49,665] [DEBUG] [Blockchain] Last block retrieved: {
    "user_id": "4550692",
    "previous_hash": "0155cc01153525f569f72e96a702e3cfa43052ccd690ffe6009b5df3dc9f9ddc",
    "transaction": {
        "action": "register"
    },
    "commitment": null,
    "timestamp": 1732012772.7162378,
    "nonce": 0,
    "hash": "269dce6739a60f55cc81f868352e898391fae6281053a8c68685fdf810e94741"
}
[2024-11-19 16:11:49,665] [DEBUG] [HRBC] initiate_consensus called: node_id=node_5001, cluster_id=0, transactions={'action': 'register'}
[2024-11-19 16:11:49,665] [DEBUG] [HRBC] Proposed block created: {
    "user_id": "8374846",
    "previous_hash": "269dce6739a60f55cc81f868352e898391fae6281053a8c68685fdf810e94741",
    "transaction": {
        "action": "register"
    },
    "commitment": null,
    "timestamp": 1732012909.6657073,
    "nonce": 0,
    "hash": "46b7a600cb159a31d400cd230920368b1c46b89741e9aa11de9175e1f3b46429"
}
[2024-11-19 16:11:49,667] [DEBUG] Starting new HTTP connection (1): 127.0.0.1:5003
[2024-11-19 16:11:49,673] [DEBUG] http://127.0.0.1:5003 "POST /vote_on_block HTTP/1.1" 200 19
[2024-11-19 16:11:49,674] [DEBUG] [HRBC] Vote received from node_5003: True
[2024-11-19 16:11:49,675] [DEBUG] Starting new HTTP connection (1): 127.0.0.1:5005
[2024-11-19 16:11:49,681] [DEBUG] http://127.0.0.1:5005 "POST /vote_on_block HTTP/1.1" 200 19
[2024-11-19 16:11:49,682] [DEBUG] [HRBC] Vote received from node_5005: True
[2024-11-19 16:11:49,682] [INFO] [HRBC] Inter-cluster consensus achieved.
[2024-11-19 16:11:49,682] [INFO] [HRBC] Consensus achieved. Block: {
    "user_id": "8374846",
    "previous_hash": "269dce6739a60f55cc81f868352e898391fae6281053a8c68685fdf810e94741",
    "transaction": {
        "action": "register"
    },
    "commitment": null,
    "timestamp": 1732012909.6657073,
    "nonce": 0,
    "hash": "46b7a600cb159a31d400cd230920368b1c46b89741e9aa11de9175e1f3b46429"
}
[2024-11-19 16:11:49,682] [INFO] [HRBC Consensus] Block added to blockchain: {
    "user_id": "8374846",
    "previous_hash": "269dce6739a60f55cc81f868352e898391fae6281053a8c68685fdf810e94741",
    "transaction": {
        "action": "register"
    },
    "commitment": null,
    "timestamp": 1732012909.6657073,
    "nonce": 0,
    "hash": "46b7a600cb159a31d400cd230920368b1c46b89741e9aa11de9175e1f3b46429"
}
[2024-11-19 16:11:49,682] [DEBUG] [Blockchain] Updating metrics with new block: {
    "user_id": "8374846",
    "previous_hash": "269dce6739a60f55cc81f868352e898391fae6281053a8c68685fdf810e94741",
    "transaction": {
        "action": "register"
    },
    "commitment": null,
    "timestamp": 1732012909.6657073,
    "nonce": 0,
    "hash": "46b7a600cb159a31d400cd230920368b1c46b89741e9aa11de9175e1f3b46429"
}
[2024-11-19 16:11:49,683] [DEBUG] [Blockchain] Block time: 136.94946956634521 seconds.
[2024-11-19 16:11:49,683] [DEBUG] [Blockchain] Transactions per block updated: [1, 1, 1]
[2024-11-19 16:11:49,683] [DEBUG] [Blockchain] Block size: 287 bytes.
[2024-11-19 16:11:49,683] [DEBUG] [Blockchain] Total blockchain size: 860 bytes.
[2024-11-19 16:11:49,683] [DEBUG] [Blockchain] Current difficulty: 0
[2024-11-19 16:11:49,683] [DEBUG] {
    "user_id": "8374846",
    "previous_hash": "269dce6739a60f55cc81f868352e898391fae6281053a8c68685fdf810e94741",
    "transaction": {
        "action": "register"
    },
    "commitment": null,
    "timestamp": 1732012909.6657073,
    "nonce": 0,
    "hash": "46b7a600cb159a31d400cd230920368b1c46b89741e9aa11de9175e1f3b46429"
}
[2024-11-19 16:11:49,683] [INFO] New block created: {
    "user_id": "8374846",
    "previous_hash": "269dce6739a60f55cc81f868352e898391fae6281053a8c68685fdf810e94741",
    "transaction": {
        "action": "register"
    },
    "commitment": null,
    "timestamp": 1732012909.6657073,
    "nonce": 0,
    "hash": "46b7a600cb159a31d400cd230920368b1c46b89741e9aa11de9175e1f3b46429"
}
[2024-11-19 16:11:49,683] [DEBUG] Broadcasting block to peers: ['127.0.0.1:5000', '127.0.0.1:5002', '127.0.0.1:5003', '127.0.0.1:5004', '127.0.0.1:5005', '127.0.0.1:5006', '127.0.0.1:5007', '127.0.0.1:5008', '127.0.0.1:5009'] with consensus_id: node_5001
[2024-11-19 16:11:49,685] [DEBUG] Starting new HTTP connection (1): 127.0.0.1:5000
[2024-11-19 16:11:49,691] [DEBUG] http://127.0.0.1:5000 "POST /receive_block HTTP/1.1" 400 33
[2024-11-19 16:11:49,692] [WARNING] Failed to broadcast block to 127.0.0.1:5000. HTTP Error: 400 - BAD REQUEST
[2024-11-19 16:11:49,694] [DEBUG] Starting new HTTP connection (1): 127.0.0.1:5002
[2024-11-19 16:11:49,699] [DEBUG] Entered /receive_block endpoint
[2024-11-19 16:11:49,699] [DEBUG] Received block data: {'user_id': '8374846', 'previous_hash': '6be55a15c76955f1a14eaa059de7ed0cf36063ab2fa4c11daeae1b002515afa3', 'transaction': {'action': 'register'}, 'nonce': 0, 'commitment': None, 'timestamp': 1732012909.6677077, 'consensus_node': 'node_5007'}
[2024-11-19 16:11:49,699] [DEBUG] Constructed new block: {
    "user_id": "8374846",
    "previous_hash": "6be55a15c76955f1a14eaa059de7ed0cf36063ab2fa4c11daeae1b002515afa3",
    "transaction": {
        "action": "register"
    },
    "commitment": null,
    "timestamp": 1732012909.6677077,
    "nonce": 0,
    "hash": "d72bcd3b72724a71ebe7d76637c31b172f032a71736a81ba6842e97e77a5f0a7"
}
[2024-11-19 16:11:49,699] [DEBUG] [Blockchain] Last block retrieved: {
    "user_id": "8374846",
    "previous_hash": "269dce6739a60f55cc81f868352e898391fae6281053a8c68685fdf810e94741",
    "transaction": {
        "action": "register"
    },
    "commitment": null,
    "timestamp": 1732012909.6657073,
    "nonce": 0,
    "hash": "46b7a600cb159a31d400cd230920368b1c46b89741e9aa11de9175e1f3b46429"
}
[2024-11-19 16:11:49,699] [DEBUG] [HRBC] Cluster leaders elected: {0: 'node_5001', 1: 'node_5003', 2: 'node_5005'}
[2024-11-19 16:11:49,700] [DEBUG] [HRBC] Super node elected: node_5001
[2024-11-19 16:11:49,700] [ERROR] Invalid block received.
[2024-11-19 16:11:49,700] [INFO] 127.0.0.1 - - [19/Nov/2024 16:11:49] "[31m[1mPOST /receive_block HTTP/1.1[0m" 400 -
[2024-11-19 16:11:49,705] [DEBUG] Entered /receive_block endpoint
[2024-11-19 16:11:49,705] [DEBUG] Received block data: {'user_id': '8374846', 'previous_hash': '6e582b9420a17f808a631f55d9a877f2fbb857c7e8df3ff8883dc0bcf7a91dc7', 'transaction': {'action': 'register'}, 'nonce': 0, 'commitment': None, 'timestamp': 1732012909.6607087, 'consensus_node': 'node_5000'}
[2024-11-19 16:11:49,705] [DEBUG] Constructed new block: {
    "user_id": "8374846",
    "previous_hash": "6e582b9420a17f808a631f55d9a877f2fbb857c7e8df3ff8883dc0bcf7a91dc7",
    "transaction": {
        "action": "register"
    },
    "commitment": null,
    "timestamp": 1732012909.6607087,
    "nonce": 0,
    "hash": "40058b6b2dca3f61281fdfbbfa50e1569380a61e79bc4daa017534a97ab7c4a0"
}
[2024-11-19 16:11:49,705] [DEBUG] [Blockchain] Last block retrieved: {
    "user_id": "8374846",
    "previous_hash": "269dce6739a60f55cc81f868352e898391fae6281053a8c68685fdf810e94741",
    "transaction": {
        "action": "register"
    },
    "commitment": null,
    "timestamp": 1732012909.6657073,
    "nonce": 0,
    "hash": "46b7a600cb159a31d400cd230920368b1c46b89741e9aa11de9175e1f3b46429"
}
[2024-11-19 16:11:49,705] [DEBUG] [HRBC] Cluster leaders elected: {0: 'node_5001', 1: 'node_5003', 2: 'node_5005'}
[2024-11-19 16:11:49,705] [DEBUG] [HRBC] Super node elected: node_5001
[2024-11-19 16:11:49,705] [ERROR] Invalid block received.
[2024-11-19 16:11:49,706] [INFO] 127.0.0.1 - - [19/Nov/2024 16:11:49] "[31m[1mPOST /receive_block HTTP/1.1[0m" 400 -
[2024-11-19 16:11:49,707] [DEBUG] Entered /receive_block endpoint
[2024-11-19 16:11:49,708] [DEBUG] Received block data: {'user_id': '8374846', 'previous_hash': '45c01128a000954fabe165f58e7f58c70fa5860f007c8f70eade6a8ac39a3b66', 'transaction': {'action': 'register'}, 'nonce': 0, 'commitment': None, 'timestamp': 1732012909.6677077, 'consensus_node': 'node_5005'}
[2024-11-19 16:11:49,708] [DEBUG] Constructed new block: {
    "user_id": "8374846",
    "previous_hash": "45c01128a000954fabe165f58e7f58c70fa5860f007c8f70eade6a8ac39a3b66",
    "transaction": {
        "action": "register"
    },
    "commitment": null,
    "timestamp": 1732012909.6677077,
    "nonce": 0,
    "hash": "61435c546885e6254b36587d18e716c8d619065d066a67fe84c2dd3c9b0070d3"
}
[2024-11-19 16:11:49,708] [DEBUG] [Blockchain] Last block retrieved: {
    "user_id": "8374846",
    "previous_hash": "269dce6739a60f55cc81f868352e898391fae6281053a8c68685fdf810e94741",
    "transaction": {
        "action": "register"
    },
    "commitment": null,
    "timestamp": 1732012909.6657073,
    "nonce": 0,
    "hash": "46b7a600cb159a31d400cd230920368b1c46b89741e9aa11de9175e1f3b46429"
}
[2024-11-19 16:11:49,708] [DEBUG] [HRBC] Cluster leaders elected: {0: 'node_5001', 1: 'node_5003', 2: 'node_5009'}
[2024-11-19 16:11:49,708] [DEBUG] [HRBC] Super node elected: node_5001
[2024-11-19 16:11:49,708] [ERROR] Invalid block received.
[2024-11-19 16:11:49,709] [INFO] 127.0.0.1 - - [19/Nov/2024 16:11:49] "[31m[1mPOST /receive_block HTTP/1.1[0m" 400 -
[2024-11-19 16:11:49,709] [DEBUG] http://127.0.0.1:5002 "POST /receive_block HTTP/1.1" 400 33
[2024-11-19 16:11:49,711] [WARNING] Failed to broadcast block to 127.0.0.1:5002. HTTP Error: 400 - BAD REQUEST
[2024-11-19 16:11:49,713] [DEBUG] Starting new HTTP connection (1): 127.0.0.1:5003
[2024-11-19 16:11:49,718] [DEBUG] Entered /receive_block endpoint
[2024-11-19 16:11:49,719] [DEBUG] Received block data: {'user_id': '8374846', 'previous_hash': 'cc656f2edb330258fb9aacf9a8a966f63769eae020ab57493668ef4aca5ceccf', 'transaction': {'action': 'register'}, 'nonce': 0, 'commitment': None, 'timestamp': 1732012909.6657073, 'consensus_node': 'node_5006'}
[2024-11-19 16:11:49,719] [DEBUG] Constructed new block: {
    "user_id": "8374846",
    "previous_hash": "cc656f2edb330258fb9aacf9a8a966f63769eae020ab57493668ef4aca5ceccf",
    "transaction": {
        "action": "register"
    },
    "commitment": null,
    "timestamp": 1732012909.6657073,
    "nonce": 0,
    "hash": "fb0a727a0eb0ccc56b85b1adabfaccea19906be2f853b2074db3c017d556a320"
}
[2024-11-19 16:11:49,719] [DEBUG] [Blockchain] Last block retrieved: {
    "user_id": "8374846",
    "previous_hash": "269dce6739a60f55cc81f868352e898391fae6281053a8c68685fdf810e94741",
    "transaction": {
        "action": "register"
    },
    "commitment": null,
    "timestamp": 1732012909.6657073,
    "nonce": 0,
    "hash": "46b7a600cb159a31d400cd230920368b1c46b89741e9aa11de9175e1f3b46429"
}
[2024-11-19 16:11:49,720] [DEBUG] Entered /receive_block endpoint
[2024-11-19 16:11:49,720] [DEBUG] [HRBC] Cluster leaders elected: {0: 'node_5001', 1: 'node_5003', 2: 'node_5009'}
[2024-11-19 16:11:49,720] [DEBUG] Received block data: {'user_id': '8374846', 'previous_hash': 'a0d3f91a3ba4af9bd226415015d693456e6baff8802307e40b9b2b87493bcb18', 'transaction': {'action': 'register'}, 'nonce': 0, 'commitment': None, 'timestamp': 1732012909.6677077, 'consensus_node': 'node_5004'}
[2024-11-19 16:11:49,720] [DEBUG] [HRBC] Super node elected: node_5001
[2024-11-19 16:11:49,720] [DEBUG] Constructed new block: {
    "user_id": "8374846",
    "previous_hash": "a0d3f91a3ba4af9bd226415015d693456e6baff8802307e40b9b2b87493bcb18",
    "transaction": {
        "action": "register"
    },
    "commitment": null,
    "timestamp": 1732012909.6677077,
    "nonce": 0,
    "hash": "f81b8c262aa0dba6a974e63096ed9abb4a616fefe24605b17590fc6e08767289"
}
[2024-11-19 16:11:49,720] [ERROR] Invalid block received.
[2024-11-19 16:11:49,721] [DEBUG] [Blockchain] Last block retrieved: {
    "user_id": "8374846",
    "previous_hash": "269dce6739a60f55cc81f868352e898391fae6281053a8c68685fdf810e94741",
    "transaction": {
        "action": "register"
    },
    "commitment": null,
    "timestamp": 1732012909.6657073,
    "nonce": 0,
    "hash": "46b7a600cb159a31d400cd230920368b1c46b89741e9aa11de9175e1f3b46429"
}
[2024-11-19 16:11:49,722] [DEBUG] Entered /receive_block endpoint
[2024-11-19 16:11:49,722] [INFO] 127.0.0.1 - - [19/Nov/2024 16:11:49] "[31m[1mPOST /receive_block HTTP/1.1[0m" 400 -
[2024-11-19 16:11:49,722] [DEBUG] [HRBC] Cluster leaders elected: {0: 'node_5001', 1: 'node_5003', 2: 'node_5009'}
[2024-11-19 16:11:49,722] [DEBUG] Received block data: {'user_id': '8374846', 'previous_hash': 'c00ac4a60b92e26d19299fa2351c601479dd41029f7825e7fc36a4ca32a04c52', 'transaction': {'action': 'register'}, 'nonce': 0, 'commitment': None, 'timestamp': 1732012909.6657073, 'consensus_node': 'node_5002'}
[2024-11-19 16:11:49,723] [DEBUG] [HRBC] Super node elected: node_5001
[2024-11-19 16:11:49,723] [DEBUG] Constructed new block: {
    "user_id": "8374846",
    "previous_hash": "c00ac4a60b92e26d19299fa2351c601479dd41029f7825e7fc36a4ca32a04c52",
    "transaction": {
        "action": "register"
    },
    "commitment": null,
    "timestamp": 1732012909.6657073,
    "nonce": 0,
    "hash": "acb5f8c4f1eff61a1d66975a1e046ec6d8a74d0732ded110af95c3e02fb074e6"
}
[2024-11-19 16:11:49,723] [ERROR] Invalid block received.
[2024-11-19 16:11:49,723] [DEBUG] [Blockchain] Last block retrieved: {
    "user_id": "8374846",
    "previous_hash": "269dce6739a60f55cc81f868352e898391fae6281053a8c68685fdf810e94741",
    "transaction": {
        "action": "register"
    },
    "commitment": null,
    "timestamp": 1732012909.6657073,
    "nonce": 0,
    "hash": "46b7a600cb159a31d400cd230920368b1c46b89741e9aa11de9175e1f3b46429"
}
[2024-11-19 16:11:49,724] [DEBUG] [HRBC] Cluster leaders elected: {0: 'node_5001', 1: 'node_5003', 2: 'node_5009'}
[2024-11-19 16:11:49,724] [DEBUG] [HRBC] Super node elected: node_5001
[2024-11-19 16:11:49,724] [ERROR] Invalid block received.
[2024-11-19 16:11:49,724] [INFO] 127.0.0.1 - - [19/Nov/2024 16:11:49] "[31m[1mPOST /receive_block HTTP/1.1[0m" 400 -
[2024-11-19 16:11:49,723] [INFO] 127.0.0.1 - - [19/Nov/2024 16:11:49] "[31m[1mPOST /receive_block HTTP/1.1[0m" 400 -
[2024-11-19 16:11:49,739] [DEBUG] http://127.0.0.1:5003 "POST /receive_block HTTP/1.1" 400 33
[2024-11-19 16:11:49,740] [WARNING] Failed to broadcast block to 127.0.0.1:5003. HTTP Error: 400 - BAD REQUEST
[2024-11-19 16:11:49,741] [DEBUG] Starting new HTTP connection (1): 127.0.0.1:5004
[2024-11-19 16:11:49,747] [DEBUG] Entered /receive_block endpoint
[2024-11-19 16:11:49,747] [DEBUG] http://127.0.0.1:5004 "POST /receive_block HTTP/1.1" 400 33
[2024-11-19 16:11:49,747] [DEBUG] Received block data: {'user_id': '8374846', 'previous_hash': '0a2b32a3937b8309e47a765371deeb99402051c62d5bc88efa0371e1dd3ed5b9', 'transaction': {'action': 'register'}, 'nonce': 0, 'commitment': None, 'timestamp': 1732012909.6677077, 'consensus_node': 'node_5003'}
[2024-11-19 16:11:49,748] [WARNING] Failed to broadcast block to 127.0.0.1:5004. HTTP Error: 400 - BAD REQUEST
[2024-11-19 16:11:49,748] [DEBUG] Constructed new block: {
    "user_id": "8374846",
    "previous_hash": "0a2b32a3937b8309e47a765371deeb99402051c62d5bc88efa0371e1dd3ed5b9",
    "transaction": {
        "action": "register"
    },
    "commitment": null,
    "timestamp": 1732012909.6677077,
    "nonce": 0,
    "hash": "0430d0f37678ca32cd971a75994d13cffbfbe08de1014fcc79b70cd1bcd010f6"
}
[2024-11-19 16:11:49,748] [DEBUG] [Blockchain] Last block retrieved: {
    "user_id": "8374846",
    "previous_hash": "269dce6739a60f55cc81f868352e898391fae6281053a8c68685fdf810e94741",
    "transaction": {
        "action": "register"
    },
    "commitment": null,
    "timestamp": 1732012909.6657073,
    "nonce": 0,
    "hash": "46b7a600cb159a31d400cd230920368b1c46b89741e9aa11de9175e1f3b46429"
}
[2024-11-19 16:11:49,750] [DEBUG] Starting new HTTP connection (1): 127.0.0.1:5005
[2024-11-19 16:11:49,750] [DEBUG] [HRBC] Cluster leaders elected: {0: 'node_5001', 1: 'node_5003', 2: 'node_5009'}
[2024-11-19 16:11:49,751] [DEBUG] [HRBC] Super node elected: node_5001
[2024-11-19 16:11:49,751] [ERROR] Invalid block received.
[2024-11-19 16:11:49,752] [INFO] 127.0.0.1 - - [19/Nov/2024 16:11:49] "[31m[1mPOST /receive_block HTTP/1.1[0m" 400 -
[2024-11-19 16:11:49,760] [DEBUG] http://127.0.0.1:5005 "POST /receive_block HTTP/1.1" 400 33
[2024-11-19 16:11:49,761] [WARNING] Failed to broadcast block to 127.0.0.1:5005. HTTP Error: 400 - BAD REQUEST
[2024-11-19 16:11:49,762] [DEBUG] Starting new HTTP connection (1): 127.0.0.1:5006
[2024-11-19 16:11:49,768] [DEBUG] http://127.0.0.1:5006 "POST /receive_block HTTP/1.1" 400 33
[2024-11-19 16:11:49,769] [WARNING] Failed to broadcast block to 127.0.0.1:5006. HTTP Error: 400 - BAD REQUEST
[2024-11-19 16:11:49,771] [DEBUG] Starting new HTTP connection (1): 127.0.0.1:5007
[2024-11-19 16:11:49,785] [DEBUG] http://127.0.0.1:5007 "POST /receive_block HTTP/1.1" 400 33
[2024-11-19 16:11:49,785] [WARNING] Failed to broadcast block to 127.0.0.1:5007. HTTP Error: 400 - BAD REQUEST
[2024-11-19 16:11:49,787] [DEBUG] Starting new HTTP connection (1): 127.0.0.1:5008
[2024-11-19 16:11:49,790] [DEBUG] http://127.0.0.1:5008 "POST /receive_block HTTP/1.1" 400 33
[2024-11-19 16:11:49,791] [WARNING] Failed to broadcast block to 127.0.0.1:5008. HTTP Error: 400 - BAD REQUEST
[2024-11-19 16:11:49,792] [DEBUG] Starting new HTTP connection (1): 127.0.0.1:5009
[2024-11-19 16:11:49,795] [DEBUG] http://127.0.0.1:5009 "POST /receive_block HTTP/1.1" 400 33
[2024-11-19 16:11:49,795] [WARNING] Failed to broadcast block to 127.0.0.1:5009. HTTP Error: 400 - BAD REQUEST
[2024-11-19 16:11:49,795] [INFO] 127.0.0.1 - - [19/Nov/2024 16:11:49] "POST /register HTTP/1.1" 200 -
[2024-11-19 16:11:49,823] [DEBUG] Entered /initiate_zkp endpoint
[2024-11-19 16:11:49,824] [DEBUG] Received initiate_zkp data: {'userId': '8374846', 'T': 16}
[2024-11-19 16:11:49,824] [INFO] Commitment T stored for user 8374846.
[2024-11-19 16:11:49,824] [INFO] 127.0.0.1 - - [19/Nov/2024 16:11:49] "POST /initiate_zkp HTTP/1.1" 200 -
[2024-11-19 16:11:49,842] [DEBUG] Entered /verify_zkp endpoint
[2024-11-19 16:11:49,843] [DEBUG] Received verify_zkp data: {'userId': '8374846', 's': 16, 'challenge': 26}
[2024-11-19 16:11:49,843] [INFO] ZKP verified for user 8374846. Token issued: {'user_id': '8374846', 'node_id': '127.0.0.1:5001', 'exp': datetime.datetime(2024, 11, 19, 10, 46, 49, 843705)}
[2024-11-19 16:11:49,844] [INFO] 127.0.0.1 - - [19/Nov/2024 16:11:49] "POST /verify_zkp HTTP/1.1" 200 -
