[2024-11-19 16:08:18,919] [DEBUG] [Blockchain] Initialized reputation_tokens with random values: {'node_5008': 66, 'node_5000': 78, 'node_5001': 76, 'node_5002': 77, 'node_5003': 66, 'node_5004': 63, 'node_5005': 68, 'node_5006': 82, 'node_5007': 72, 'node_5009': 63}
[2024-11-19 16:08:18,919] [INFO] [Blockchain] Creating genesis block.
[2024-11-19 16:08:18,920] [DEBUG] [Blockchain] Genesis block created: {
    "user_id": "genesis",
    "previous_hash": "0",
    "transaction": "Genesis Block",
    "commitment": "genesis_commitment",
    "timestamp": 1,
    "nonce": "nonce",
    "hash": "45c01128a000954fabe165f58e7f58c70fa5860f007c8f70eade6a8ac39a3b66"
}
[2024-11-19 16:08:18,920] [DEBUG] [Blockchain] Retrieving peer nodes for 'node_5008'.
[2024-11-19 16:08:18,920] [DEBUG] [Blockchain] Peer nodes from file: ['127.0.0.1:5000', '127.0.0.1:5001', '127.0.0.1:5002', '127.0.0.1:5003', '127.0.0.1:5004', '127.0.0.1:5005', '127.0.0.1:5006', '127.0.0.1:5007', '127.0.0.1:5009']
[2024-11-19 16:08:18,921] [DEBUG] [Blockchain] Loading consensus algorithm: HRBC
[2024-11-19 16:08:18,922] [DEBUG] [HRBC] Node properties initialized: {'node_5008': {'uptime': 0.9259901439520525, 'network_proximity': 0.5158322717650309}, 'node_5000': {'uptime': 0.9246993432029323, 'network_proximity': 0.28158016722891066}, 'node_5001': {'uptime': 0.9496035154960185, 'network_proximity': 0.484151041723194}, 'node_5002': {'uptime': 0.9270117580607737, 'network_proximity': 0.3692606483605798}, 'node_5003': {'uptime': 0.994428046783225, 'network_proximity': 0.33137028963828175}, 'node_5004': {'uptime': 0.9306901646349856, 'network_proximity': 0.8143768591262255}, 'node_5005': {'uptime': 0.9673147524386279, 'network_proximity': 0.7923899407099632}, 'node_5006': {'uptime': 0.9805119760779794, 'network_proximity': 0.7075729217638218}, 'node_5007': {'uptime': 0.987640216925896, 'network_proximity': 0.22156748018840533}, 'node_5009': {'uptime': 0.9348045983916635, 'network_proximity': 0.1975728863100411}}
[2024-11-19 16:08:18,922] [DEBUG] [HRBC] Clusters formed based on network proximity: {0: ['node_5009', 'node_5007', 'node_5000'], 1: ['node_5003', 'node_5002', 'node_5001'], 2: ['node_5008', 'node_5006', 'node_5005', 'node_5004']}
[2024-11-19 16:08:18,922] [DEBUG] [HRBC] Cluster leaders elected: {0: 'node_5000', 1: 'node_5002', 2: 'node_5006'}
[2024-11-19 16:08:18,922] [DEBUG] [HRBC] Super node elected: node_5006
[2024-11-19 16:08:18,922] [DEBUG] [Blockchain] Initialized with node_id: node_5008, data_dir: node_data\node_node_5008
[2024-11-19 16:08:18,923] [DEBUG] [Blockchain] Peer nodes: ['127.0.0.1:5000', '127.0.0.1:5001', '127.0.0.1:5002', '127.0.0.1:5003', '127.0.0.1:5004', '127.0.0.1:5005', '127.0.0.1:5006', '127.0.0.1:5007', '127.0.0.1:5009']
[2024-11-19 16:08:18,923] [DEBUG] [Blockchain] Consensus algorithm: HRBC
[2024-11-19 16:08:18,927] [INFO] Starting Flask server on port 5008
 * Serving Flask app 'app'
 * Debug mode: on
[2024-11-19 16:08:18,952] [INFO] [31m[1mWARNING: This is a development server. Do not use it in a production deployment. Use a production WSGI server instead.[0m
 * Running on http://127.0.0.1:5008
[2024-11-19 16:08:18,952] [INFO] [33mPress CTRL+C to quit[0m
[2024-11-19 16:08:25,028] [DEBUG] Entered /register endpoint
[2024-11-19 16:08:25,028] [DEBUG] Received registration data: {'userId': '9046513', 'hashedPassword': 6779112}
[2024-11-19 16:08:25,028] [INFO] User 9046513 registered successfully.
[2024-11-19 16:08:25,028] [DEBUG] [Blockchain] Last block retrieved: {
    "user_id": "genesis",
    "previous_hash": "0",
    "transaction": "Genesis Block",
    "commitment": "genesis_commitment",
    "timestamp": 1,
    "nonce": "nonce",
    "hash": "45c01128a000954fabe165f58e7f58c70fa5860f007c8f70eade6a8ac39a3b66"
}
[2024-11-19 16:08:25,029] [DEBUG] [HRBC] initiate_consensus called: node_id=node_5008, cluster_id=2, transactions={'action': 'register'}
[2024-11-19 16:08:25,029] [WARNING] [Blockchain] Consensus failed or block creation failed.
[2024-11-19 16:08:25,029] [DEBUG] None
[2024-11-19 16:08:25,029] [ERROR] Failed to add registration block.
[2024-11-19 16:08:25,030] [INFO] 127.0.0.1 - - [19/Nov/2024 16:08:25] "[35m[1mPOST /register HTTP/1.1[0m" 500 -
[2024-11-19 16:08:25,054] [DEBUG] [HRBC] Node node_5008 voted NO on block 7e647d904c968882c3c604dbe6dd037a7a001008280805923bde22451909be5c
[2024-11-19 16:08:25,054] [DEBUG] Vote requested for block: 7e647d904c968882c3c604dbe6dd037a7a001008280805923bde22451909be5c, Vote: False
[2024-11-19 16:08:25,054] [INFO] 127.0.0.1 - - [19/Nov/2024 16:08:25] "POST /vote_on_block HTTP/1.1" 200 -
[2024-11-19 16:08:25,119] [DEBUG] Entered /receive_block endpoint
[2024-11-19 16:08:25,119] [DEBUG] Received block data: {'user_id': '9046513', 'previous_hash': '45c01128a000954fabe165f58e7f58c70fa5860f007c8f70eade6a8ac39a3b66', 'transaction': {'action': 'register'}, 'nonce': 0, 'commitment': None, 'timestamp': 1732012705.0085354, 'consensus_node': 'node_5000'}
[2024-11-19 16:08:25,119] [DEBUG] Constructed new block: {
    "user_id": "9046513",
    "previous_hash": "45c01128a000954fabe165f58e7f58c70fa5860f007c8f70eade6a8ac39a3b66",
    "transaction": {
        "action": "register"
    },
    "commitment": null,
    "timestamp": 1732012705.0085354,
    "nonce": 0,
    "hash": "36cdd76db9e71fc12df1430acee37bccf3a663b0a26046be0f7f63c84a6789ec"
}
[2024-11-19 16:08:25,120] [DEBUG] [Blockchain] Last block retrieved: {
    "user_id": "genesis",
    "previous_hash": "0",
    "transaction": "Genesis Block",
    "commitment": "genesis_commitment",
    "timestamp": 1,
    "nonce": "nonce",
    "hash": "45c01128a000954fabe165f58e7f58c70fa5860f007c8f70eade6a8ac39a3b66"
}
[2024-11-19 16:08:25,120] [DEBUG] [HRBC] Cluster leaders elected: {0: 'node_5007', 1: 'node_5002', 2: 'node_5006'}
[2024-11-19 16:08:25,120] [DEBUG] [HRBC] Super node elected: node_5006
[2024-11-19 16:08:25,120] [ERROR] Invalid block received.
[2024-11-19 16:08:25,121] [INFO] 127.0.0.1 - - [19/Nov/2024 16:08:25] "[31m[1mPOST /receive_block HTTP/1.1[0m" 400 -
[2024-11-19 16:08:25,130] [DEBUG] Entered /receive_block endpoint
[2024-11-19 16:08:25,131] [DEBUG] Entered /receive_block endpoint
[2024-11-19 16:08:25,131] [DEBUG] Received block data: {'user_id': '9046513', 'previous_hash': '45c01128a000954fabe165f58e7f58c70fa5860f007c8f70eade6a8ac39a3b66', 'transaction': {'action': 'register'}, 'nonce': 0, 'commitment': None, 'timestamp': 1732012705.009533, 'consensus_node': 'node_5001'}
[2024-11-19 16:08:25,132] [DEBUG] Received block data: {'user_id': '9046513', 'previous_hash': '45c01128a000954fabe165f58e7f58c70fa5860f007c8f70eade6a8ac39a3b66', 'transaction': {'action': 'register'}, 'nonce': 0, 'commitment': None, 'timestamp': 1732012705.0105338, 'consensus_node': 'node_5002'}
[2024-11-19 16:08:25,132] [DEBUG] Constructed new block: {
    "user_id": "9046513",
    "previous_hash": "45c01128a000954fabe165f58e7f58c70fa5860f007c8f70eade6a8ac39a3b66",
    "transaction": {
        "action": "register"
    },
    "commitment": null,
    "timestamp": 1732012705.009533,
    "nonce": 0,
    "hash": "0155cc01153525f569f72e96a702e3cfa43052ccd690ffe6009b5df3dc9f9ddc"
}
[2024-11-19 16:08:25,133] [DEBUG] Constructed new block: {
    "user_id": "9046513",
    "previous_hash": "45c01128a000954fabe165f58e7f58c70fa5860f007c8f70eade6a8ac39a3b66",
    "transaction": {
        "action": "register"
    },
    "commitment": null,
    "timestamp": 1732012705.0105338,
    "nonce": 0,
    "hash": "89537ea4cb18e73b58a94256e6de21910218908f182d11afa8fafd295c18a098"
}
[2024-11-19 16:08:25,133] [DEBUG] [Blockchain] Last block retrieved: {
    "user_id": "genesis",
    "previous_hash": "0",
    "transaction": "Genesis Block",
    "commitment": "genesis_commitment",
    "timestamp": 1,
    "nonce": "nonce",
    "hash": "45c01128a000954fabe165f58e7f58c70fa5860f007c8f70eade6a8ac39a3b66"
}
[2024-11-19 16:08:25,133] [DEBUG] [Blockchain] Last block retrieved: {
    "user_id": "genesis",
    "previous_hash": "0",
    "transaction": "Genesis Block",
    "commitment": "genesis_commitment",
    "timestamp": 1,
    "nonce": "nonce",
    "hash": "45c01128a000954fabe165f58e7f58c70fa5860f007c8f70eade6a8ac39a3b66"
}
[2024-11-19 16:08:25,133] [DEBUG] [HRBC] Cluster leaders elected: {0: 'node_5007', 1: 'node_5002', 2: 'node_5006'}
[2024-11-19 16:08:25,134] [DEBUG] [HRBC] Cluster leaders elected: {0: 'node_5007', 1: 'node_5003', 2: 'node_5006'}
[2024-11-19 16:08:25,134] [DEBUG] [HRBC] Super node elected: node_5006
[2024-11-19 16:08:25,134] [DEBUG] [HRBC] Super node elected: node_5006
[2024-11-19 16:08:25,134] [ERROR] Invalid block received.
[2024-11-19 16:08:25,134] [ERROR] Invalid block received.
[2024-11-19 16:08:25,135] [INFO] 127.0.0.1 - - [19/Nov/2024 16:08:25] "[31m[1mPOST /receive_block HTTP/1.1[0m" 400 -
[2024-11-19 16:08:25,135] [INFO] 127.0.0.1 - - [19/Nov/2024 16:08:25] "[31m[1mPOST /receive_block HTTP/1.1[0m" 400 -
[2024-11-19 16:08:25,152] [DEBUG] Entered /receive_block endpoint
[2024-11-19 16:08:25,153] [DEBUG] Received block data: {'user_id': '9046513', 'previous_hash': '45c01128a000954fabe165f58e7f58c70fa5860f007c8f70eade6a8ac39a3b66', 'transaction': {'action': 'register'}, 'nonce': 0, 'commitment': None, 'timestamp': 1732012705.035536, 'consensus_node': 'node_5006'}
[2024-11-19 16:08:25,153] [DEBUG] Constructed new block: {
    "user_id": "9046513",
    "previous_hash": "45c01128a000954fabe165f58e7f58c70fa5860f007c8f70eade6a8ac39a3b66",
    "transaction": {
        "action": "register"
    },
    "commitment": null,
    "timestamp": 1732012705.035536,
    "nonce": 0,
    "hash": "7e647d904c968882c3c604dbe6dd037a7a001008280805923bde22451909be5c"
}
[2024-11-19 16:08:25,153] [DEBUG] [Blockchain] Last block retrieved: {
    "user_id": "genesis",
    "previous_hash": "0",
    "transaction": "Genesis Block",
    "commitment": "genesis_commitment",
    "timestamp": 1,
    "nonce": "nonce",
    "hash": "45c01128a000954fabe165f58e7f58c70fa5860f007c8f70eade6a8ac39a3b66"
}
[2024-11-19 16:08:25,154] [DEBUG] Entered /receive_block endpoint
[2024-11-19 16:08:25,154] [DEBUG] [HRBC] Cluster leaders elected: {0: 'node_5007', 1: 'node_5003', 2: 'node_5005'}
[2024-11-19 16:08:25,155] [DEBUG] Received block data: {'user_id': '9046513', 'previous_hash': '45c01128a000954fabe165f58e7f58c70fa5860f007c8f70eade6a8ac39a3b66', 'transaction': {'action': 'register'}, 'nonce': 0, 'commitment': None, 'timestamp': 1732012705.028533, 'consensus_node': 'node_5007'}
[2024-11-19 16:08:25,155] [DEBUG] [HRBC] Super node elected: node_5007
[2024-11-19 16:08:25,155] [DEBUG] Constructed new block: {
    "user_id": "9046513",
    "previous_hash": "45c01128a000954fabe165f58e7f58c70fa5860f007c8f70eade6a8ac39a3b66",
    "transaction": {
        "action": "register"
    },
    "commitment": null,
    "timestamp": 1732012705.028533,
    "nonce": 0,
    "hash": "b0f91b70c53061f586322bdbd68ac214d669e0b291c3aac4addf999c0ce4defe"
}
[2024-11-19 16:08:25,155] [ERROR] Invalid block received.
[2024-11-19 16:08:25,155] [DEBUG] [Blockchain] Last block retrieved: {
    "user_id": "genesis",
    "previous_hash": "0",
    "transaction": "Genesis Block",
    "commitment": "genesis_commitment",
    "timestamp": 1,
    "nonce": "nonce",
    "hash": "45c01128a000954fabe165f58e7f58c70fa5860f007c8f70eade6a8ac39a3b66"
}
[2024-11-19 16:08:25,156] [INFO] 127.0.0.1 - - [19/Nov/2024 16:08:25] "[31m[1mPOST /receive_block HTTP/1.1[0m" 400 -
[2024-11-19 16:08:25,156] [DEBUG] [HRBC] Cluster leaders elected: {0: 'node_5009', 1: 'node_5003', 2: 'node_5005'}
[2024-11-19 16:08:25,156] [DEBUG] [HRBC] Super node elected: node_5005
[2024-11-19 16:08:25,156] [ERROR] Invalid block received.
[2024-11-19 16:08:25,157] [INFO] 127.0.0.1 - - [19/Nov/2024 16:08:25] "[31m[1mPOST /receive_block HTTP/1.1[0m" 400 -
[2024-11-19 16:08:25,202] [DEBUG] Entered /initiate_zkp endpoint
[2024-11-19 16:08:25,202] [DEBUG] Received initiate_zkp data: {'userId': '9046513', 'T': 28}
[2024-11-19 16:08:25,202] [INFO] Commitment T stored for user 9046513.
[2024-11-19 16:08:25,203] [INFO] 127.0.0.1 - - [19/Nov/2024 16:08:25] "POST /initiate_zkp HTTP/1.1" 200 -
[2024-11-19 16:08:25,238] [DEBUG] Entered /verify_zkp endpoint
[2024-11-19 16:08:25,238] [DEBUG] Received verify_zkp data: {'userId': '9046513', 's': 3, 'challenge': 6}
[2024-11-19 16:08:25,239] [INFO] ZKP verified for user 9046513. Token issued: {'user_id': '9046513', 'node_id': '127.0.0.1:5008', 'exp': datetime.datetime(2024, 11, 19, 10, 43, 25, 239533)}
[2024-11-19 16:08:25,239] [INFO] 127.0.0.1 - - [19/Nov/2024 16:08:25] "POST /verify_zkp HTTP/1.1" 200 -
[2024-11-19 16:09:32,717] [DEBUG] Entered /register endpoint
[2024-11-19 16:09:32,717] [DEBUG] Received registration data: {'userId': '4550692', 'hashedPassword': 3746812}
[2024-11-19 16:09:32,718] [INFO] User 4550692 registered successfully.
[2024-11-19 16:09:32,718] [DEBUG] [Blockchain] Last block retrieved: {
    "user_id": "genesis",
    "previous_hash": "0",
    "transaction": "Genesis Block",
    "commitment": "genesis_commitment",
    "timestamp": 1,
    "nonce": "nonce",
    "hash": "45c01128a000954fabe165f58e7f58c70fa5860f007c8f70eade6a8ac39a3b66"
}
[2024-11-19 16:09:32,718] [DEBUG] [HRBC] initiate_consensus called: node_id=node_5008, cluster_id=2, transactions={'action': 'register'}
[2024-11-19 16:09:32,718] [WARNING] [Blockchain] Consensus failed or block creation failed.
[2024-11-19 16:09:32,718] [DEBUG] None
[2024-11-19 16:09:32,718] [ERROR] Failed to add registration block.
[2024-11-19 16:09:32,719] [INFO] 127.0.0.1 - - [19/Nov/2024 16:09:32] "[35m[1mPOST /register HTTP/1.1[0m" 500 -
[2024-11-19 16:09:32,726] [DEBUG] [HRBC] Node node_5008 voted YES on block a0d3f91a3ba4af9bd226415015d693456e6baff8802307e40b9b2b87493bcb18
[2024-11-19 16:09:32,727] [DEBUG] Vote requested for block: a0d3f91a3ba4af9bd226415015d693456e6baff8802307e40b9b2b87493bcb18, Vote: True
[2024-11-19 16:09:32,727] [INFO] 127.0.0.1 - - [19/Nov/2024 16:09:32] "POST /vote_on_block HTTP/1.1" 200 -
[2024-11-19 16:09:32,729] [DEBUG] [HRBC] Node node_5008 voted YES on block c00ac4a60b92e26d19299fa2351c601479dd41029f7825e7fc36a4ca32a04c52
[2024-11-19 16:09:32,729] [DEBUG] Vote requested for block: c00ac4a60b92e26d19299fa2351c601479dd41029f7825e7fc36a4ca32a04c52, Vote: True
[2024-11-19 16:09:32,729] [INFO] 127.0.0.1 - - [19/Nov/2024 16:09:32] "POST /vote_on_block HTTP/1.1" 200 -
[2024-11-19 16:09:32,731] [DEBUG] [HRBC] Node node_5008 voted YES on block 0a2b32a3937b8309e47a765371deeb99402051c62d5bc88efa0371e1dd3ed5b9
[2024-11-19 16:09:32,731] [DEBUG] Vote requested for block: 0a2b32a3937b8309e47a765371deeb99402051c62d5bc88efa0371e1dd3ed5b9, Vote: True
[2024-11-19 16:09:32,731] [INFO] 127.0.0.1 - - [19/Nov/2024 16:09:32] "POST /vote_on_block HTTP/1.1" 200 -
[2024-11-19 16:09:32,751] [DEBUG] [HRBC] Node node_5008 voted YES on block cc656f2edb330258fb9aacf9a8a966f63769eae020ab57493668ef4aca5ceccf
[2024-11-19 16:09:32,752] [DEBUG] Vote requested for block: cc656f2edb330258fb9aacf9a8a966f63769eae020ab57493668ef4aca5ceccf, Vote: True
[2024-11-19 16:09:32,752] [INFO] 127.0.0.1 - - [19/Nov/2024 16:09:32] "POST /vote_on_block HTTP/1.1" 200 -
[2024-11-19 16:09:32,794] [DEBUG] Entered /receive_block endpoint
[2024-11-19 16:09:32,794] [DEBUG] Received block data: {'user_id': '4550692', 'previous_hash': '89537ea4cb18e73b58a94256e6de21910218908f182d11afa8fafd295c18a098', 'transaction': {'action': 'register'}, 'nonce': 0, 'commitment': None, 'timestamp': 1732012772.718238, 'consensus_node': 'node_5002'}
[2024-11-19 16:09:32,795] [DEBUG] Constructed new block: {
    "user_id": "4550692",
    "previous_hash": "89537ea4cb18e73b58a94256e6de21910218908f182d11afa8fafd295c18a098",
    "transaction": {
        "action": "register"
    },
    "commitment": null,
    "timestamp": 1732012772.718238,
    "nonce": 0,
    "hash": "c00ac4a60b92e26d19299fa2351c601479dd41029f7825e7fc36a4ca32a04c52"
}
[2024-11-19 16:09:32,795] [DEBUG] [Blockchain] Last block retrieved: {
    "user_id": "genesis",
    "previous_hash": "0",
    "transaction": "Genesis Block",
    "commitment": "genesis_commitment",
    "timestamp": 1,
    "nonce": "nonce",
    "hash": "45c01128a000954fabe165f58e7f58c70fa5860f007c8f70eade6a8ac39a3b66"
}
[2024-11-19 16:09:32,795] [DEBUG] [HRBC] Cluster leaders elected: {0: 'node_5009', 1: 'node_5003', 2: 'node_5005'}
[2024-11-19 16:09:32,795] [DEBUG] [HRBC] Super node elected: node_5005
[2024-11-19 16:09:32,795] [ERROR] Invalid block received.
[2024-11-19 16:09:32,795] [INFO] 127.0.0.1 - - [19/Nov/2024 16:09:32] "[31m[1mPOST /receive_block HTTP/1.1[0m" 400 -
[2024-11-19 16:09:32,829] [DEBUG] Entered /receive_block endpoint
[2024-11-19 16:09:32,829] [DEBUG] Received block data: {'user_id': '4550692', 'previous_hash': '0155cc01153525f569f72e96a702e3cfa43052ccd690ffe6009b5df3dc9f9ddc', 'transaction': {'action': 'register'}, 'nonce': 0, 'commitment': None, 'timestamp': 1732012772.7162378, 'consensus_node': 'node_5001'}
[2024-11-19 16:09:32,830] [DEBUG] Constructed new block: {
    "user_id": "4550692",
    "previous_hash": "0155cc01153525f569f72e96a702e3cfa43052ccd690ffe6009b5df3dc9f9ddc",
    "transaction": {
        "action": "register"
    },
    "commitment": null,
    "timestamp": 1732012772.7162378,
    "nonce": 0,
    "hash": "269dce6739a60f55cc81f868352e898391fae6281053a8c68685fdf810e94741"
}
[2024-11-19 16:09:32,830] [DEBUG] [Blockchain] Last block retrieved: {
    "user_id": "genesis",
    "previous_hash": "0",
    "transaction": "Genesis Block",
    "commitment": "genesis_commitment",
    "timestamp": 1,
    "nonce": "nonce",
    "hash": "45c01128a000954fabe165f58e7f58c70fa5860f007c8f70eade6a8ac39a3b66"
}
[2024-11-19 16:09:32,830] [DEBUG] [HRBC] Cluster leaders elected: {0: 'node_5009', 1: 'node_5003', 2: 'node_5005'}
[2024-11-19 16:09:32,830] [DEBUG] [HRBC] Super node elected: node_5005
[2024-11-19 16:09:32,830] [ERROR] Invalid block received.
[2024-11-19 16:09:32,831] [INFO] 127.0.0.1 - - [19/Nov/2024 16:09:32] "[31m[1mPOST /receive_block HTTP/1.1[0m" 400 -
[2024-11-19 16:09:32,831] [DEBUG] Entered /receive_block endpoint
[2024-11-19 16:09:32,831] [DEBUG] Received block data: {'user_id': '4550692', 'previous_hash': '45c01128a000954fabe165f58e7f58c70fa5860f007c8f70eade6a8ac39a3b66', 'transaction': {'action': 'register'}, 'nonce': 0, 'commitment': None, 'timestamp': 1732012772.718238, 'consensus_node': 'node_5004'}
[2024-11-19 16:09:32,832] [DEBUG] Constructed new block: {
    "user_id": "4550692",
    "previous_hash": "45c01128a000954fabe165f58e7f58c70fa5860f007c8f70eade6a8ac39a3b66",
    "transaction": {
        "action": "register"
    },
    "commitment": null,
    "timestamp": 1732012772.718238,
    "nonce": 0,
    "hash": "a0d3f91a3ba4af9bd226415015d693456e6baff8802307e40b9b2b87493bcb18"
}
[2024-11-19 16:09:32,832] [DEBUG] [Blockchain] Last block retrieved: {
    "user_id": "genesis",
    "previous_hash": "0",
    "transaction": "Genesis Block",
    "commitment": "genesis_commitment",
    "timestamp": 1,
    "nonce": "nonce",
    "hash": "45c01128a000954fabe165f58e7f58c70fa5860f007c8f70eade6a8ac39a3b66"
}
[2024-11-19 16:09:32,832] [DEBUG] [HRBC] Cluster leaders elected: {0: 'node_5009', 1: 'node_5003', 2: 'node_5005'}
[2024-11-19 16:09:32,832] [DEBUG] [HRBC] Super node elected: node_5005
[2024-11-19 16:09:32,832] [ERROR] Invalid block received.
[2024-11-19 16:09:32,832] [INFO] 127.0.0.1 - - [19/Nov/2024 16:09:32] "[31m[1mPOST /receive_block HTTP/1.1[0m" 400 -
[2024-11-19 16:09:32,838] [DEBUG] Entered /receive_block endpoint
[2024-11-19 16:09:32,838] [DEBUG] Received block data: {'user_id': '4550692', 'previous_hash': '7e647d904c968882c3c604dbe6dd037a7a001008280805923bde22451909be5c', 'transaction': {'action': 'register'}, 'nonce': 0, 'commitment': None, 'timestamp': 1732012772.718238, 'consensus_node': 'node_5006'}
[2024-11-19 16:09:32,838] [DEBUG] Constructed new block: {
    "user_id": "4550692",
    "previous_hash": "7e647d904c968882c3c604dbe6dd037a7a001008280805923bde22451909be5c",
    "transaction": {
        "action": "register"
    },
    "commitment": null,
    "timestamp": 1732012772.718238,
    "nonce": 0,
    "hash": "cc656f2edb330258fb9aacf9a8a966f63769eae020ab57493668ef4aca5ceccf"
}
[2024-11-19 16:09:32,838] [DEBUG] [Blockchain] Last block retrieved: {
    "user_id": "genesis",
    "previous_hash": "0",
    "transaction": "Genesis Block",
    "commitment": "genesis_commitment",
    "timestamp": 1,
    "nonce": "nonce",
    "hash": "45c01128a000954fabe165f58e7f58c70fa5860f007c8f70eade6a8ac39a3b66"
}
[2024-11-19 16:09:32,838] [DEBUG] [HRBC] Cluster leaders elected: {0: 'node_5009', 1: 'node_5003', 2: 'node_5005'}
[2024-11-19 16:09:32,838] [DEBUG] [HRBC] Super node elected: node_5005
[2024-11-19 16:09:32,838] [ERROR] Invalid block received.
[2024-11-19 16:09:32,839] [INFO] 127.0.0.1 - - [19/Nov/2024 16:09:32] "[31m[1mPOST /receive_block HTTP/1.1[0m" 400 -
[2024-11-19 16:09:32,842] [DEBUG] Entered /receive_block endpoint
[2024-11-19 16:09:32,842] [DEBUG] Received block data: {'user_id': '4550692', 'previous_hash': 'b0f91b70c53061f586322bdbd68ac214d669e0b291c3aac4addf999c0ce4defe', 'transaction': {'action': 'register'}, 'nonce': 0, 'commitment': None, 'timestamp': 1732012772.713237, 'consensus_node': 'node_5007'}
[2024-11-19 16:09:32,843] [DEBUG] Constructed new block: {
    "user_id": "4550692",
    "previous_hash": "b0f91b70c53061f586322bdbd68ac214d669e0b291c3aac4addf999c0ce4defe",
    "transaction": {
        "action": "register"
    },
    "commitment": null,
    "timestamp": 1732012772.713237,
    "nonce": 0,
    "hash": "6be55a15c76955f1a14eaa059de7ed0cf36063ab2fa4c11daeae1b002515afa3"
}
[2024-11-19 16:09:32,843] [DEBUG] [Blockchain] Last block retrieved: {
    "user_id": "genesis",
    "previous_hash": "0",
    "transaction": "Genesis Block",
    "commitment": "genesis_commitment",
    "timestamp": 1,
    "nonce": "nonce",
    "hash": "45c01128a000954fabe165f58e7f58c70fa5860f007c8f70eade6a8ac39a3b66"
}
[2024-11-19 16:09:32,843] [DEBUG] [HRBC] Cluster leaders elected: {0: 'node_5009', 1: 'node_5003', 2: 'node_5005'}
[2024-11-19 16:09:32,844] [DEBUG] [HRBC] Super node elected: node_5005
[2024-11-19 16:09:32,844] [ERROR] Invalid block received.
[2024-11-19 16:09:32,845] [INFO] 127.0.0.1 - - [19/Nov/2024 16:09:32] "[31m[1mPOST /receive_block HTTP/1.1[0m" 400 -
[2024-11-19 16:09:32,847] [DEBUG] Entered /receive_block endpoint
[2024-11-19 16:09:32,847] [DEBUG] Received block data: {'user_id': '4550692', 'previous_hash': '45c01128a000954fabe165f58e7f58c70fa5860f007c8f70eade6a8ac39a3b66', 'transaction': {'action': 'register'}, 'nonce': 0, 'commitment': None, 'timestamp': 1732012772.717239, 'consensus_node': 'node_5003'}
[2024-11-19 16:09:32,847] [DEBUG] Constructed new block: {
    "user_id": "4550692",
    "previous_hash": "45c01128a000954fabe165f58e7f58c70fa5860f007c8f70eade6a8ac39a3b66",
    "transaction": {
        "action": "register"
    },
    "commitment": null,
    "timestamp": 1732012772.717239,
    "nonce": 0,
    "hash": "0a2b32a3937b8309e47a765371deeb99402051c62d5bc88efa0371e1dd3ed5b9"
}
[2024-11-19 16:09:32,848] [DEBUG] [Blockchain] Last block retrieved: {
    "user_id": "genesis",
    "previous_hash": "0",
    "transaction": "Genesis Block",
    "commitment": "genesis_commitment",
    "timestamp": 1,
    "nonce": "nonce",
    "hash": "45c01128a000954fabe165f58e7f58c70fa5860f007c8f70eade6a8ac39a3b66"
}
[2024-11-19 16:09:32,848] [DEBUG] [HRBC] Cluster leaders elected: {0: 'node_5009', 1: 'node_5003', 2: 'node_5005'}
[2024-11-19 16:09:32,848] [DEBUG] [HRBC] Super node elected: node_5005
[2024-11-19 16:09:32,848] [ERROR] Invalid block received.
[2024-11-19 16:09:32,848] [INFO] 127.0.0.1 - - [19/Nov/2024 16:09:32] "[31m[1mPOST /receive_block HTTP/1.1[0m" 400 -
[2024-11-19 16:09:32,850] [DEBUG] Entered /receive_block endpoint
[2024-11-19 16:09:32,851] [DEBUG] Received block data: {'user_id': '4550692', 'previous_hash': '36cdd76db9e71fc12df1430acee37bccf3a663b0a26046be0f7f63c84a6789ec', 'transaction': {'action': 'register'}, 'nonce': 0, 'commitment': None, 'timestamp': 1732012772.713237, 'consensus_node': 'node_5000'}
[2024-11-19 16:09:32,851] [DEBUG] Constructed new block: {
    "user_id": "4550692",
    "previous_hash": "36cdd76db9e71fc12df1430acee37bccf3a663b0a26046be0f7f63c84a6789ec",
    "transaction": {
        "action": "register"
    },
    "commitment": null,
    "timestamp": 1732012772.713237,
    "nonce": 0,
    "hash": "6e582b9420a17f808a631f55d9a877f2fbb857c7e8df3ff8883dc0bcf7a91dc7"
}
[2024-11-19 16:09:32,851] [DEBUG] [Blockchain] Last block retrieved: {
    "user_id": "genesis",
    "previous_hash": "0",
    "transaction": "Genesis Block",
    "commitment": "genesis_commitment",
    "timestamp": 1,
    "nonce": "nonce",
    "hash": "45c01128a000954fabe165f58e7f58c70fa5860f007c8f70eade6a8ac39a3b66"
}
[2024-11-19 16:09:32,852] [DEBUG] [HRBC] Cluster leaders elected: {0: 'node_5009', 1: 'node_5003', 2: 'node_5005'}
[2024-11-19 16:09:32,852] [DEBUG] [HRBC] Super node elected: node_5005
[2024-11-19 16:09:32,852] [ERROR] Invalid block received.
[2024-11-19 16:09:32,852] [INFO] 127.0.0.1 - - [19/Nov/2024 16:09:32] "[31m[1mPOST /receive_block HTTP/1.1[0m" 400 -
[2024-11-19 16:09:32,898] [DEBUG] Entered /initiate_zkp endpoint
[2024-11-19 16:09:32,898] [DEBUG] Received initiate_zkp data: {'userId': '4550692', 'T': 5}
[2024-11-19 16:09:32,898] [INFO] Commitment T stored for user 4550692.
[2024-11-19 16:09:32,898] [INFO] 127.0.0.1 - - [19/Nov/2024 16:09:32] "POST /initiate_zkp HTTP/1.1" 200 -
[2024-11-19 16:09:32,920] [DEBUG] Entered /verify_zkp endpoint
[2024-11-19 16:09:32,920] [DEBUG] Received verify_zkp data: {'userId': '4550692', 's': 5, 'challenge': 10}
[2024-11-19 16:09:32,920] [INFO] ZKP verified for user 4550692. Token issued: {'user_id': '4550692', 'node_id': '127.0.0.1:5008', 'exp': datetime.datetime(2024, 11, 19, 10, 44, 32, 920240)}
[2024-11-19 16:09:32,921] [INFO] 127.0.0.1 - - [19/Nov/2024 16:09:32] "POST /verify_zkp HTTP/1.1" 200 -
[2024-11-19 16:11:49,669] [DEBUG] Entered /register endpoint
[2024-11-19 16:11:49,669] [DEBUG] Received registration data: {'userId': '8374846', 'hashedPassword': 6585755}
[2024-11-19 16:11:49,669] [INFO] User 8374846 registered successfully.
[2024-11-19 16:11:49,669] [DEBUG] [Blockchain] Last block retrieved: {
    "user_id": "genesis",
    "previous_hash": "0",
    "transaction": "Genesis Block",
    "commitment": "genesis_commitment",
    "timestamp": 1,
    "nonce": "nonce",
    "hash": "45c01128a000954fabe165f58e7f58c70fa5860f007c8f70eade6a8ac39a3b66"
}
[2024-11-19 16:11:49,669] [DEBUG] [HRBC] initiate_consensus called: node_id=node_5008, cluster_id=2, transactions={'action': 'register'}
[2024-11-19 16:11:49,670] [WARNING] [Blockchain] Consensus failed or block creation failed.
[2024-11-19 16:11:49,670] [DEBUG] None
[2024-11-19 16:11:49,670] [ERROR] Failed to add registration block.
[2024-11-19 16:11:49,670] [INFO] 127.0.0.1 - - [19/Nov/2024 16:11:49] "[35m[1mPOST /register HTTP/1.1[0m" 500 -
[2024-11-19 16:11:49,671] [DEBUG] [HRBC] Node node_5008 voted NO on block f81b8c262aa0dba6a974e63096ed9abb4a616fefe24605b17590fc6e08767289
[2024-11-19 16:11:49,671] [DEBUG] Vote requested for block: f81b8c262aa0dba6a974e63096ed9abb4a616fefe24605b17590fc6e08767289, Vote: False
[2024-11-19 16:11:49,673] [INFO] 127.0.0.1 - - [19/Nov/2024 16:11:49] "POST /vote_on_block HTTP/1.1" 200 -
[2024-11-19 16:11:49,676] [DEBUG] [HRBC] Node node_5008 voted NO on block 0430d0f37678ca32cd971a75994d13cffbfbe08de1014fcc79b70cd1bcd010f6
[2024-11-19 16:11:49,676] [DEBUG] Vote requested for block: 0430d0f37678ca32cd971a75994d13cffbfbe08de1014fcc79b70cd1bcd010f6, Vote: False
[2024-11-19 16:11:49,677] [INFO] 127.0.0.1 - - [19/Nov/2024 16:11:49] "POST /vote_on_block HTTP/1.1" 200 -
[2024-11-19 16:11:49,681] [DEBUG] [HRBC] Node node_5008 voted YES on block acb5f8c4f1eff61a1d66975a1e046ec6d8a74d0732ded110af95c3e02fb074e6
[2024-11-19 16:11:49,681] [DEBUG] Vote requested for block: acb5f8c4f1eff61a1d66975a1e046ec6d8a74d0732ded110af95c3e02fb074e6, Vote: True
[2024-11-19 16:11:49,681] [INFO] 127.0.0.1 - - [19/Nov/2024 16:11:49] "POST /vote_on_block HTTP/1.1" 200 -
[2024-11-19 16:11:49,686] [DEBUG] [HRBC] Node node_5008 voted YES on block fb0a727a0eb0ccc56b85b1adabfaccea19906be2f853b2074db3c017d556a320
[2024-11-19 16:11:49,686] [DEBUG] Vote requested for block: fb0a727a0eb0ccc56b85b1adabfaccea19906be2f853b2074db3c017d556a320, Vote: True
[2024-11-19 16:11:49,687] [INFO] 127.0.0.1 - - [19/Nov/2024 16:11:49] "POST /vote_on_block HTTP/1.1" 200 -
[2024-11-19 16:11:49,691] [DEBUG] [HRBC] Node node_5008 voted YES on block 40058b6b2dca3f61281fdfbbfa50e1569380a61e79bc4daa017534a97ab7c4a0
[2024-11-19 16:11:49,691] [DEBUG] Vote requested for block: 40058b6b2dca3f61281fdfbbfa50e1569380a61e79bc4daa017534a97ab7c4a0, Vote: True
[2024-11-19 16:11:49,692] [INFO] 127.0.0.1 - - [19/Nov/2024 16:11:49] "POST /vote_on_block HTTP/1.1" 200 -
[2024-11-19 16:11:49,693] [DEBUG] [HRBC] Node node_5008 voted YES on block 61435c546885e6254b36587d18e716c8d619065d066a67fe84c2dd3c9b0070d3
[2024-11-19 16:11:49,693] [DEBUG] Vote requested for block: 61435c546885e6254b36587d18e716c8d619065d066a67fe84c2dd3c9b0070d3, Vote: True
[2024-11-19 16:11:49,694] [INFO] 127.0.0.1 - - [19/Nov/2024 16:11:49] "POST /vote_on_block HTTP/1.1" 200 -
[2024-11-19 16:11:49,746] [DEBUG] Entered /receive_block endpoint
[2024-11-19 16:11:49,746] [DEBUG] Received block data: {'user_id': '8374846', 'previous_hash': '45c01128a000954fabe165f58e7f58c70fa5860f007c8f70eade6a8ac39a3b66', 'transaction': {'action': 'register'}, 'nonce': 0, 'commitment': None, 'timestamp': 1732012909.6677077, 'consensus_node': 'node_5005'}
[2024-11-19 16:11:49,746] [DEBUG] Constructed new block: {
    "user_id": "8374846",
    "previous_hash": "45c01128a000954fabe165f58e7f58c70fa5860f007c8f70eade6a8ac39a3b66",
    "transaction": {
        "action": "register"
    },
    "commitment": null,
    "timestamp": 1732012909.6677077,
    "nonce": 0,
    "hash": "61435c546885e6254b36587d18e716c8d619065d066a67fe84c2dd3c9b0070d3"
}
[2024-11-19 16:11:49,746] [DEBUG] [Blockchain] Last block retrieved: {
    "user_id": "genesis",
    "previous_hash": "0",
    "transaction": "Genesis Block",
    "commitment": "genesis_commitment",
    "timestamp": 1,
    "nonce": "nonce",
    "hash": "45c01128a000954fabe165f58e7f58c70fa5860f007c8f70eade6a8ac39a3b66"
}
[2024-11-19 16:11:49,746] [DEBUG] [HRBC] Cluster leaders elected: {0: 'node_5009', 1: 'node_5003', 2: 'node_5008'}
[2024-11-19 16:11:49,746] [DEBUG] [HRBC] Super node elected: node_5008
[2024-11-19 16:11:49,746] [ERROR] Invalid block received.
[2024-11-19 16:11:49,747] [INFO] 127.0.0.1 - - [19/Nov/2024 16:11:49] "[31m[1mPOST /receive_block HTTP/1.1[0m" 400 -
[2024-11-19 16:11:49,757] [DEBUG] Entered /receive_block endpoint
[2024-11-19 16:11:49,758] [DEBUG] Received block data: {'user_id': '8374846', 'previous_hash': '6e582b9420a17f808a631f55d9a877f2fbb857c7e8df3ff8883dc0bcf7a91dc7', 'transaction': {'action': 'register'}, 'nonce': 0, 'commitment': None, 'timestamp': 1732012909.6607087, 'consensus_node': 'node_5000'}
[2024-11-19 16:11:49,758] [DEBUG] Constructed new block: {
    "user_id": "8374846",
    "previous_hash": "6e582b9420a17f808a631f55d9a877f2fbb857c7e8df3ff8883dc0bcf7a91dc7",
    "transaction": {
        "action": "register"
    },
    "commitment": null,
    "timestamp": 1732012909.6607087,
    "nonce": 0,
    "hash": "40058b6b2dca3f61281fdfbbfa50e1569380a61e79bc4daa017534a97ab7c4a0"
}
[2024-11-19 16:11:49,758] [DEBUG] [Blockchain] Last block retrieved: {
    "user_id": "genesis",
    "previous_hash": "0",
    "transaction": "Genesis Block",
    "commitment": "genesis_commitment",
    "timestamp": 1,
    "nonce": "nonce",
    "hash": "45c01128a000954fabe165f58e7f58c70fa5860f007c8f70eade6a8ac39a3b66"
}
[2024-11-19 16:11:49,758] [DEBUG] [HRBC] Cluster leaders elected: {0: 'node_5009', 1: 'node_5003', 2: 'node_5008'}
[2024-11-19 16:11:49,758] [DEBUG] [HRBC] Super node elected: node_5008
[2024-11-19 16:11:49,758] [ERROR] Invalid block received.
[2024-11-19 16:11:49,759] [INFO] 127.0.0.1 - - [19/Nov/2024 16:11:49] "[31m[1mPOST /receive_block HTTP/1.1[0m" 400 -
[2024-11-19 16:11:49,779] [DEBUG] Entered /receive_block endpoint
[2024-11-19 16:11:49,779] [DEBUG] Received block data: {'user_id': '8374846', 'previous_hash': '6be55a15c76955f1a14eaa059de7ed0cf36063ab2fa4c11daeae1b002515afa3', 'transaction': {'action': 'register'}, 'nonce': 0, 'commitment': None, 'timestamp': 1732012909.6677077, 'consensus_node': 'node_5007'}
[2024-11-19 16:11:49,779] [DEBUG] Constructed new block: {
    "user_id": "8374846",
    "previous_hash": "6be55a15c76955f1a14eaa059de7ed0cf36063ab2fa4c11daeae1b002515afa3",
    "transaction": {
        "action": "register"
    },
    "commitment": null,
    "timestamp": 1732012909.6677077,
    "nonce": 0,
    "hash": "d72bcd3b72724a71ebe7d76637c31b172f032a71736a81ba6842e97e77a5f0a7"
}
[2024-11-19 16:11:49,779] [DEBUG] [Blockchain] Last block retrieved: {
    "user_id": "genesis",
    "previous_hash": "0",
    "transaction": "Genesis Block",
    "commitment": "genesis_commitment",
    "timestamp": 1,
    "nonce": "nonce",
    "hash": "45c01128a000954fabe165f58e7f58c70fa5860f007c8f70eade6a8ac39a3b66"
}
[2024-11-19 16:11:49,779] [DEBUG] [HRBC] Cluster leaders elected: {0: 'node_5009', 1: 'node_5003', 2: 'node_5008'}
[2024-11-19 16:11:49,779] [DEBUG] [HRBC] Super node elected: node_5008
[2024-11-19 16:11:49,779] [ERROR] Invalid block received.
[2024-11-19 16:11:49,780] [INFO] 127.0.0.1 - - [19/Nov/2024 16:11:49] "[31m[1mPOST /receive_block HTTP/1.1[0m" 400 -
[2024-11-19 16:11:49,780] [DEBUG] Entered /receive_block endpoint
[2024-11-19 16:11:49,780] [DEBUG] Received block data: {'user_id': '8374846', 'previous_hash': 'c00ac4a60b92e26d19299fa2351c601479dd41029f7825e7fc36a4ca32a04c52', 'transaction': {'action': 'register'}, 'nonce': 0, 'commitment': None, 'timestamp': 1732012909.6657073, 'consensus_node': 'node_5002'}
[2024-11-19 16:11:49,781] [DEBUG] Constructed new block: {
    "user_id": "8374846",
    "previous_hash": "c00ac4a60b92e26d19299fa2351c601479dd41029f7825e7fc36a4ca32a04c52",
    "transaction": {
        "action": "register"
    },
    "commitment": null,
    "timestamp": 1732012909.6657073,
    "nonce": 0,
    "hash": "acb5f8c4f1eff61a1d66975a1e046ec6d8a74d0732ded110af95c3e02fb074e6"
}
[2024-11-19 16:11:49,781] [DEBUG] [Blockchain] Last block retrieved: {
    "user_id": "genesis",
    "previous_hash": "0",
    "transaction": "Genesis Block",
    "commitment": "genesis_commitment",
    "timestamp": 1,
    "nonce": "nonce",
    "hash": "45c01128a000954fabe165f58e7f58c70fa5860f007c8f70eade6a8ac39a3b66"
}
[2024-11-19 16:11:49,781] [DEBUG] [HRBC] Cluster leaders elected: {0: 'node_5009', 1: 'node_5003', 2: 'node_5008'}
[2024-11-19 16:11:49,781] [DEBUG] [HRBC] Super node elected: node_5008
[2024-11-19 16:11:49,781] [ERROR] Invalid block received.
[2024-11-19 16:11:49,781] [INFO] 127.0.0.1 - - [19/Nov/2024 16:11:49] "[31m[1mPOST /receive_block HTTP/1.1[0m" 400 -
[2024-11-19 16:11:49,788] [DEBUG] Entered /receive_block endpoint
[2024-11-19 16:11:49,789] [DEBUG] Received block data: {'user_id': '8374846', 'previous_hash': '269dce6739a60f55cc81f868352e898391fae6281053a8c68685fdf810e94741', 'transaction': {'action': 'register'}, 'nonce': 0, 'commitment': None, 'timestamp': 1732012909.6657073, 'consensus_node': 'node_5001'}
[2024-11-19 16:11:49,789] [DEBUG] Constructed new block: {
    "user_id": "8374846",
    "previous_hash": "269dce6739a60f55cc81f868352e898391fae6281053a8c68685fdf810e94741",
    "transaction": {
        "action": "register"
    },
    "commitment": null,
    "timestamp": 1732012909.6657073,
    "nonce": 0,
    "hash": "46b7a600cb159a31d400cd230920368b1c46b89741e9aa11de9175e1f3b46429"
}
[2024-11-19 16:11:49,789] [DEBUG] [Blockchain] Last block retrieved: {
    "user_id": "genesis",
    "previous_hash": "0",
    "transaction": "Genesis Block",
    "commitment": "genesis_commitment",
    "timestamp": 1,
    "nonce": "nonce",
    "hash": "45c01128a000954fabe165f58e7f58c70fa5860f007c8f70eade6a8ac39a3b66"
}
[2024-11-19 16:11:49,789] [DEBUG] [HRBC] Cluster leaders elected: {0: 'node_5009', 1: 'node_5003', 2: 'node_5008'}
[2024-11-19 16:11:49,789] [DEBUG] [HRBC] Super node elected: node_5008
[2024-11-19 16:11:49,789] [ERROR] Invalid block received.
[2024-11-19 16:11:49,789] [INFO] 127.0.0.1 - - [19/Nov/2024 16:11:49] "[31m[1mPOST /receive_block HTTP/1.1[0m" 400 -
[2024-11-19 16:11:49,797] [DEBUG] Entered /receive_block endpoint
[2024-11-19 16:11:49,797] [DEBUG] Received block data: {'user_id': '8374846', 'previous_hash': 'a0d3f91a3ba4af9bd226415015d693456e6baff8802307e40b9b2b87493bcb18', 'transaction': {'action': 'register'}, 'nonce': 0, 'commitment': None, 'timestamp': 1732012909.6677077, 'consensus_node': 'node_5004'}
[2024-11-19 16:11:49,797] [DEBUG] Constructed new block: {
    "user_id": "8374846",
    "previous_hash": "a0d3f91a3ba4af9bd226415015d693456e6baff8802307e40b9b2b87493bcb18",
    "transaction": {
        "action": "register"
    },
    "commitment": null,
    "timestamp": 1732012909.6677077,
    "nonce": 0,
    "hash": "f81b8c262aa0dba6a974e63096ed9abb4a616fefe24605b17590fc6e08767289"
}
[2024-11-19 16:11:49,798] [DEBUG] [Blockchain] Last block retrieved: {
    "user_id": "genesis",
    "previous_hash": "0",
    "transaction": "Genesis Block",
    "commitment": "genesis_commitment",
    "timestamp": 1,
    "nonce": "nonce",
    "hash": "45c01128a000954fabe165f58e7f58c70fa5860f007c8f70eade6a8ac39a3b66"
}
[2024-11-19 16:11:49,798] [DEBUG] [HRBC] Cluster leaders elected: {0: 'node_5009', 1: 'node_5003', 2: 'node_5008'}
[2024-11-19 16:11:49,798] [DEBUG] [HRBC] Super node elected: node_5008
[2024-11-19 16:11:49,798] [ERROR] Invalid block received.
[2024-11-19 16:11:49,798] [INFO] 127.0.0.1 - - [19/Nov/2024 16:11:49] "[31m[1mPOST /receive_block HTTP/1.1[0m" 400 -
[2024-11-19 16:11:49,803] [DEBUG] Entered /receive_block endpoint
[2024-11-19 16:11:49,803] [DEBUG] Received block data: {'user_id': '8374846', 'previous_hash': 'cc656f2edb330258fb9aacf9a8a966f63769eae020ab57493668ef4aca5ceccf', 'transaction': {'action': 'register'}, 'nonce': 0, 'commitment': None, 'timestamp': 1732012909.6657073, 'consensus_node': 'node_5006'}
[2024-11-19 16:11:49,803] [DEBUG] Constructed new block: {
    "user_id": "8374846",
    "previous_hash": "cc656f2edb330258fb9aacf9a8a966f63769eae020ab57493668ef4aca5ceccf",
    "transaction": {
        "action": "register"
    },
    "commitment": null,
    "timestamp": 1732012909.6657073,
    "nonce": 0,
    "hash": "fb0a727a0eb0ccc56b85b1adabfaccea19906be2f853b2074db3c017d556a320"
}
[2024-11-19 16:11:49,803] [DEBUG] [Blockchain] Last block retrieved: {
    "user_id": "genesis",
    "previous_hash": "0",
    "transaction": "Genesis Block",
    "commitment": "genesis_commitment",
    "timestamp": 1,
    "nonce": "nonce",
    "hash": "45c01128a000954fabe165f58e7f58c70fa5860f007c8f70eade6a8ac39a3b66"
}
[2024-11-19 16:11:49,803] [DEBUG] [HRBC] Cluster leaders elected: {0: 'node_5009', 1: 'node_5003', 2: 'node_5008'}
[2024-11-19 16:11:49,803] [DEBUG] [HRBC] Super node elected: node_5008
[2024-11-19 16:11:49,803] [ERROR] Invalid block received.
[2024-11-19 16:11:49,804] [INFO] 127.0.0.1 - - [19/Nov/2024 16:11:49] "[31m[1mPOST /receive_block HTTP/1.1[0m" 400 -
[2024-11-19 16:11:49,807] [DEBUG] Entered /receive_block endpoint
[2024-11-19 16:11:49,808] [DEBUG] Received block data: {'user_id': '8374846', 'previous_hash': '0a2b32a3937b8309e47a765371deeb99402051c62d5bc88efa0371e1dd3ed5b9', 'transaction': {'action': 'register'}, 'nonce': 0, 'commitment': None, 'timestamp': 1732012909.6677077, 'consensus_node': 'node_5003'}
[2024-11-19 16:11:49,808] [DEBUG] Constructed new block: {
    "user_id": "8374846",
    "previous_hash": "0a2b32a3937b8309e47a765371deeb99402051c62d5bc88efa0371e1dd3ed5b9",
    "transaction": {
        "action": "register"
    },
    "commitment": null,
    "timestamp": 1732012909.6677077,
    "nonce": 0,
    "hash": "0430d0f37678ca32cd971a75994d13cffbfbe08de1014fcc79b70cd1bcd010f6"
}
[2024-11-19 16:11:49,808] [DEBUG] [Blockchain] Last block retrieved: {
    "user_id": "genesis",
    "previous_hash": "0",
    "transaction": "Genesis Block",
    "commitment": "genesis_commitment",
    "timestamp": 1,
    "nonce": "nonce",
    "hash": "45c01128a000954fabe165f58e7f58c70fa5860f007c8f70eade6a8ac39a3b66"
}
[2024-11-19 16:11:49,808] [DEBUG] [HRBC] Cluster leaders elected: {0: 'node_5009', 1: 'node_5003', 2: 'node_5008'}
[2024-11-19 16:11:49,808] [DEBUG] [HRBC] Super node elected: node_5008
[2024-11-19 16:11:49,808] [ERROR] Invalid block received.
[2024-11-19 16:11:49,808] [INFO] 127.0.0.1 - - [19/Nov/2024 16:11:49] "[31m[1mPOST /receive_block HTTP/1.1[0m" 400 -
[2024-11-19 16:11:49,832] [DEBUG] Entered /initiate_zkp endpoint
[2024-11-19 16:11:49,832] [DEBUG] Received initiate_zkp data: {'userId': '8374846', 'T': 16}
[2024-11-19 16:11:49,832] [INFO] Commitment T stored for user 8374846.
[2024-11-19 16:11:49,832] [INFO] 127.0.0.1 - - [19/Nov/2024 16:11:49] "POST /initiate_zkp HTTP/1.1" 200 -
[2024-11-19 16:11:49,855] [DEBUG] Entered /verify_zkp endpoint
[2024-11-19 16:11:49,856] [DEBUG] Received verify_zkp data: {'userId': '8374846', 's': 16, 'challenge': 26}
[2024-11-19 16:11:49,856] [INFO] ZKP verified for user 8374846. Token issued: {'user_id': '8374846', 'node_id': '127.0.0.1:5008', 'exp': datetime.datetime(2024, 11, 19, 10, 46, 49, 856708)}
[2024-11-19 16:11:49,856] [INFO] 127.0.0.1 - - [19/Nov/2024 16:11:49] "POST /verify_zkp HTTP/1.1" 200 -
