[2024-11-19 16:08:12,817] [DEBUG] [Blockchain] Initialized reputation_tokens with random values: {'node_5002': 97, 'node_5000': 96, 'node_5001': 67, 'node_5003': 55, 'node_5004': 57, 'node_5005': 55, 'node_5006': 84, 'node_5007': 51, 'node_5008': 75, 'node_5009': 50}
[2024-11-19 16:08:12,818] [INFO] [Blockchain] Creating genesis block.
[2024-11-19 16:08:12,818] [DEBUG] [Blockchain] Genesis block created: {
    "user_id": "genesis",
    "previous_hash": "0",
    "transaction": "Genesis Block",
    "commitment": "genesis_commitment",
    "timestamp": 1,
    "nonce": "nonce",
    "hash": "45c01128a000954fabe165f58e7f58c70fa5860f007c8f70eade6a8ac39a3b66"
}
[2024-11-19 16:08:12,818] [DEBUG] [Blockchain] Retrieving peer nodes for 'node_5002'.
[2024-11-19 16:08:12,818] [DEBUG] [Blockchain] Peer nodes from file: ['127.0.0.1:5000', '127.0.0.1:5001', '127.0.0.1:5003', '127.0.0.1:5004', '127.0.0.1:5005', '127.0.0.1:5006', '127.0.0.1:5007', '127.0.0.1:5008', '127.0.0.1:5009']
[2024-11-19 16:08:12,818] [DEBUG] [Blockchain] Loading consensus algorithm: HRBC
[2024-11-19 16:08:12,820] [DEBUG] [HRBC] Node properties initialized: {'node_5002': {'uptime': 0.9707932889926111, 'network_proximity': 0.3520180130692663}, 'node_5000': {'uptime': 0.9705716408961382, 'network_proximity': 0.11483699323424768}, 'node_5001': {'uptime': 0.908491008291683, 'network_proximity': 0.09344295209301823}, 'node_5003': {'uptime': 0.9065349076064276, 'network_proximity': 0.923621351414281}, 'node_5004': {'uptime': 0.9532734347933859, 'network_proximity': 0.679856786135415}, 'node_5005': {'uptime': 0.9424710315126205, 'network_proximity': 0.5714369376794819}, 'node_5006': {'uptime': 0.9034401993643212, 'network_proximity': 0.9710919333723057}, 'node_5007': {'uptime': 0.98492201204615, 'network_proximity': 0.1457145461578928}, 'node_5008': {'uptime': 0.9791176209806801, 'network_proximity': 0.960581835450877}, 'node_5009': {'uptime': 0.9812698975980159, 'network_proximity': 0.6854369746488519}}
[2024-11-19 16:08:12,820] [DEBUG] [HRBC] Clusters formed based on network proximity: {0: ['node_5001', 'node_5000', 'node_5007'], 1: ['node_5002', 'node_5005', 'node_5004'], 2: ['node_5009', 'node_5003', 'node_5008', 'node_5006']}
[2024-11-19 16:08:12,820] [DEBUG] [HRBC] Cluster leaders elected: {0: 'node_5000', 1: 'node_5002', 2: 'node_5006'}
[2024-11-19 16:08:12,820] [DEBUG] [HRBC] Super node elected: node_5002
[2024-11-19 16:08:12,820] [DEBUG] [Blockchain] Initialized with node_id: node_5002, data_dir: node_data\node_node_5002
[2024-11-19 16:08:12,820] [DEBUG] [Blockchain] Peer nodes: ['127.0.0.1:5000', '127.0.0.1:5001', '127.0.0.1:5003', '127.0.0.1:5004', '127.0.0.1:5005', '127.0.0.1:5006', '127.0.0.1:5007', '127.0.0.1:5008', '127.0.0.1:5009']
[2024-11-19 16:08:12,820] [DEBUG] [Blockchain] Consensus algorithm: HRBC
[2024-11-19 16:08:12,824] [INFO] Starting Flask server on port 5002
 * Serving Flask app 'app'
 * Debug mode: on
[2024-11-19 16:08:12,842] [INFO] [31m[1mWARNING: This is a development server. Do not use it in a production deployment. Use a production WSGI server instead.[0m
 * Running on http://127.0.0.1:5002
[2024-11-19 16:08:12,842] [INFO] [33mPress CTRL+C to quit[0m
[2024-11-19 16:08:25,009] [DEBUG] Entered /register endpoint
[2024-11-19 16:08:25,009] [DEBUG] Received registration data: {'userId': '9046513', 'hashedPassword': 6779112}
[2024-11-19 16:08:25,010] [INFO] User 9046513 registered successfully.
[2024-11-19 16:08:25,010] [DEBUG] [Blockchain] Last block retrieved: {
    "user_id": "genesis",
    "previous_hash": "0",
    "transaction": "Genesis Block",
    "commitment": "genesis_commitment",
    "timestamp": 1,
    "nonce": "nonce",
    "hash": "45c01128a000954fabe165f58e7f58c70fa5860f007c8f70eade6a8ac39a3b66"
}
[2024-11-19 16:08:25,010] [DEBUG] [HRBC] initiate_consensus called: node_id=node_5002, cluster_id=1, transactions={'action': 'register'}
[2024-11-19 16:08:25,010] [DEBUG] [HRBC] Proposed block created: {
    "user_id": "9046513",
    "previous_hash": "45c01128a000954fabe165f58e7f58c70fa5860f007c8f70eade6a8ac39a3b66",
    "transaction": {
        "action": "register"
    },
    "commitment": null,
    "timestamp": 1732012705.0105338,
    "nonce": 0,
    "hash": "89537ea4cb18e73b58a94256e6de21910218908f182d11afa8fafd295c18a098"
}
[2024-11-19 16:08:25,016] [DEBUG] Starting new HTTP connection (1): 127.0.0.1:5000
[2024-11-19 16:08:25,020] [DEBUG] http://127.0.0.1:5000 "POST /vote_on_block HTTP/1.1" 200 19
[2024-11-19 16:08:25,021] [DEBUG] [HRBC] Vote received from node_5000: True
[2024-11-19 16:08:25,023] [DEBUG] Starting new HTTP connection (1): 127.0.0.1:5006
[2024-11-19 16:08:25,037] [DEBUG] http://127.0.0.1:5006 "POST /vote_on_block HTTP/1.1" 200 20
[2024-11-19 16:08:25,038] [DEBUG] [HRBC] Vote received from node_5006: False
[2024-11-19 16:08:25,038] [INFO] [HRBC] Inter-cluster consensus achieved.
[2024-11-19 16:08:25,038] [INFO] [HRBC] Consensus achieved. Block: {
    "user_id": "9046513",
    "previous_hash": "45c01128a000954fabe165f58e7f58c70fa5860f007c8f70eade6a8ac39a3b66",
    "transaction": {
        "action": "register"
    },
    "commitment": null,
    "timestamp": 1732012705.0105338,
    "nonce": 0,
    "hash": "89537ea4cb18e73b58a94256e6de21910218908f182d11afa8fafd295c18a098"
}
[2024-11-19 16:08:25,038] [INFO] [HRBC Consensus] Block added to blockchain: {
    "user_id": "9046513",
    "previous_hash": "45c01128a000954fabe165f58e7f58c70fa5860f007c8f70eade6a8ac39a3b66",
    "transaction": {
        "action": "register"
    },
    "commitment": null,
    "timestamp": 1732012705.0105338,
    "nonce": 0,
    "hash": "89537ea4cb18e73b58a94256e6de21910218908f182d11afa8fafd295c18a098"
}
[2024-11-19 16:08:25,038] [DEBUG] [Blockchain] Updating metrics with new block: {
    "user_id": "9046513",
    "previous_hash": "45c01128a000954fabe165f58e7f58c70fa5860f007c8f70eade6a8ac39a3b66",
    "transaction": {
        "action": "register"
    },
    "commitment": null,
    "timestamp": 1732012705.0105338,
    "nonce": 0,
    "hash": "89537ea4cb18e73b58a94256e6de21910218908f182d11afa8fafd295c18a098"
}
[2024-11-19 16:08:25,038] [DEBUG] [Blockchain] Block time: 1732012704.0105338 seconds.
[2024-11-19 16:08:25,039] [DEBUG] [Blockchain] Transactions per block updated: [1]
[2024-11-19 16:08:25,039] [DEBUG] [Blockchain] Block size: 287 bytes.
[2024-11-19 16:08:25,039] [DEBUG] [Blockchain] Total blockchain size: 287 bytes.
[2024-11-19 16:08:25,039] [DEBUG] [Blockchain] Current difficulty: 0
[2024-11-19 16:08:25,039] [DEBUG] {
    "user_id": "9046513",
    "previous_hash": "45c01128a000954fabe165f58e7f58c70fa5860f007c8f70eade6a8ac39a3b66",
    "transaction": {
        "action": "register"
    },
    "commitment": null,
    "timestamp": 1732012705.0105338,
    "nonce": 0,
    "hash": "89537ea4cb18e73b58a94256e6de21910218908f182d11afa8fafd295c18a098"
}
[2024-11-19 16:08:25,039] [INFO] New block created: {
    "user_id": "9046513",
    "previous_hash": "45c01128a000954fabe165f58e7f58c70fa5860f007c8f70eade6a8ac39a3b66",
    "transaction": {
        "action": "register"
    },
    "commitment": null,
    "timestamp": 1732012705.0105338,
    "nonce": 0,
    "hash": "89537ea4cb18e73b58a94256e6de21910218908f182d11afa8fafd295c18a098"
}
[2024-11-19 16:08:25,039] [DEBUG] Broadcasting block to peers: ['127.0.0.1:5000', '127.0.0.1:5001', '127.0.0.1:5003', '127.0.0.1:5004', '127.0.0.1:5005', '127.0.0.1:5006', '127.0.0.1:5007', '127.0.0.1:5008', '127.0.0.1:5009'] with consensus_id: node_5002
[2024-11-19 16:08:25,041] [DEBUG] Starting new HTTP connection (1): 127.0.0.1:5000
[2024-11-19 16:08:25,046] [DEBUG] [HRBC] Node node_5002 voted YES on block 7e647d904c968882c3c604dbe6dd037a7a001008280805923bde22451909be5c
[2024-11-19 16:08:25,046] [DEBUG] Vote requested for block: 7e647d904c968882c3c604dbe6dd037a7a001008280805923bde22451909be5c, Vote: True
[2024-11-19 16:08:25,047] [INFO] 127.0.0.1 - - [19/Nov/2024 16:08:25] "POST /vote_on_block HTTP/1.1" 200 -
[2024-11-19 16:08:25,052] [DEBUG] http://127.0.0.1:5000 "POST /receive_block HTTP/1.1" 400 33
[2024-11-19 16:08:25,053] [WARNING] Failed to broadcast block to 127.0.0.1:5000. HTTP Error: 400 - BAD REQUEST
[2024-11-19 16:08:25,055] [DEBUG] Starting new HTTP connection (1): 127.0.0.1:5001
[2024-11-19 16:08:25,061] [DEBUG] http://127.0.0.1:5001 "POST /receive_block HTTP/1.1" 400 33
[2024-11-19 16:08:25,061] [WARNING] Failed to broadcast block to 127.0.0.1:5001. HTTP Error: 400 - BAD REQUEST
[2024-11-19 16:08:25,064] [DEBUG] Entered /receive_block endpoint
[2024-11-19 16:08:25,064] [DEBUG] Starting new HTTP connection (1): 127.0.0.1:5003
[2024-11-19 16:08:25,065] [DEBUG] Entered /receive_block endpoint
[2024-11-19 16:08:25,065] [DEBUG] Received block data: {'user_id': '9046513', 'previous_hash': '45c01128a000954fabe165f58e7f58c70fa5860f007c8f70eade6a8ac39a3b66', 'transaction': {'action': 'register'}, 'nonce': 0, 'commitment': None, 'timestamp': 1732012705.0085354, 'consensus_node': 'node_5000'}
[2024-11-19 16:08:25,066] [DEBUG] Received block data: {'user_id': '9046513', 'previous_hash': '45c01128a000954fabe165f58e7f58c70fa5860f007c8f70eade6a8ac39a3b66', 'transaction': {'action': 'register'}, 'nonce': 0, 'commitment': None, 'timestamp': 1732012705.009533, 'consensus_node': 'node_5001'}
[2024-11-19 16:08:25,066] [DEBUG] Constructed new block: {
    "user_id": "9046513",
    "previous_hash": "45c01128a000954fabe165f58e7f58c70fa5860f007c8f70eade6a8ac39a3b66",
    "transaction": {
        "action": "register"
    },
    "commitment": null,
    "timestamp": 1732012705.0085354,
    "nonce": 0,
    "hash": "36cdd76db9e71fc12df1430acee37bccf3a663b0a26046be0f7f63c84a6789ec"
}
[2024-11-19 16:08:25,067] [DEBUG] Constructed new block: {
    "user_id": "9046513",
    "previous_hash": "45c01128a000954fabe165f58e7f58c70fa5860f007c8f70eade6a8ac39a3b66",
    "transaction": {
        "action": "register"
    },
    "commitment": null,
    "timestamp": 1732012705.009533,
    "nonce": 0,
    "hash": "0155cc01153525f569f72e96a702e3cfa43052ccd690ffe6009b5df3dc9f9ddc"
}
[2024-11-19 16:08:25,067] [DEBUG] [Blockchain] Last block retrieved: {
    "user_id": "9046513",
    "previous_hash": "45c01128a000954fabe165f58e7f58c70fa5860f007c8f70eade6a8ac39a3b66",
    "transaction": {
        "action": "register"
    },
    "commitment": null,
    "timestamp": 1732012705.0105338,
    "nonce": 0,
    "hash": "89537ea4cb18e73b58a94256e6de21910218908f182d11afa8fafd295c18a098"
}
[2024-11-19 16:08:25,067] [DEBUG] [Blockchain] Last block retrieved: {
    "user_id": "9046513",
    "previous_hash": "45c01128a000954fabe165f58e7f58c70fa5860f007c8f70eade6a8ac39a3b66",
    "transaction": {
        "action": "register"
    },
    "commitment": null,
    "timestamp": 1732012705.0105338,
    "nonce": 0,
    "hash": "89537ea4cb18e73b58a94256e6de21910218908f182d11afa8fafd295c18a098"
}
[2024-11-19 16:08:25,068] [DEBUG] [HRBC] Cluster leaders elected: {0: 'node_5000', 1: 'node_5002', 2: 'node_5006'}
[2024-11-19 16:08:25,068] [DEBUG] [HRBC] Cluster leaders elected: {0: 'node_5000', 1: 'node_5002', 2: 'node_5006'}
[2024-11-19 16:08:25,068] [DEBUG] [HRBC] Super node elected: node_5002
[2024-11-19 16:08:25,068] [DEBUG] [HRBC] Super node elected: node_5002
[2024-11-19 16:08:25,068] [ERROR] Invalid block received.
[2024-11-19 16:08:25,068] [ERROR] Invalid block received.
[2024-11-19 16:08:25,069] [INFO] 127.0.0.1 - - [19/Nov/2024 16:08:25] "[31m[1mPOST /receive_block HTTP/1.1[0m" 400 -
[2024-11-19 16:08:25,069] [INFO] 127.0.0.1 - - [19/Nov/2024 16:08:25] "[31m[1mPOST /receive_block HTTP/1.1[0m" 400 -
[2024-11-19 16:08:25,070] [DEBUG] http://127.0.0.1:5003 "POST /receive_block HTTP/1.1" 400 33
[2024-11-19 16:08:25,071] [WARNING] Failed to broadcast block to 127.0.0.1:5003. HTTP Error: 400 - BAD REQUEST
[2024-11-19 16:08:25,073] [DEBUG] Starting new HTTP connection (1): 127.0.0.1:5004
[2024-11-19 16:08:25,078] [DEBUG] http://127.0.0.1:5004 "POST /receive_block HTTP/1.1" 400 33
[2024-11-19 16:08:25,079] [WARNING] Failed to broadcast block to 127.0.0.1:5004. HTTP Error: 400 - BAD REQUEST
[2024-11-19 16:08:25,081] [DEBUG] Starting new HTTP connection (1): 127.0.0.1:5005
[2024-11-19 16:08:25,084] [DEBUG] Entered /receive_block endpoint
[2024-11-19 16:08:25,084] [DEBUG] Received block data: {'user_id': '9046513', 'previous_hash': '45c01128a000954fabe165f58e7f58c70fa5860f007c8f70eade6a8ac39a3b66', 'transaction': {'action': 'register'}, 'nonce': 0, 'commitment': None, 'timestamp': 1732012705.035536, 'consensus_node': 'node_5006'}
[2024-11-19 16:08:25,084] [DEBUG] Constructed new block: {
    "user_id": "9046513",
    "previous_hash": "45c01128a000954fabe165f58e7f58c70fa5860f007c8f70eade6a8ac39a3b66",
    "transaction": {
        "action": "register"
    },
    "commitment": null,
    "timestamp": 1732012705.035536,
    "nonce": 0,
    "hash": "7e647d904c968882c3c604dbe6dd037a7a001008280805923bde22451909be5c"
}
[2024-11-19 16:08:25,084] [DEBUG] [Blockchain] Last block retrieved: {
    "user_id": "9046513",
    "previous_hash": "45c01128a000954fabe165f58e7f58c70fa5860f007c8f70eade6a8ac39a3b66",
    "transaction": {
        "action": "register"
    },
    "commitment": null,
    "timestamp": 1732012705.0105338,
    "nonce": 0,
    "hash": "89537ea4cb18e73b58a94256e6de21910218908f182d11afa8fafd295c18a098"
}
[2024-11-19 16:08:25,084] [DEBUG] [HRBC] Cluster leaders elected: {0: 'node_5000', 1: 'node_5002', 2: 'node_5008'}
[2024-11-19 16:08:25,085] [DEBUG] [HRBC] Super node elected: node_5002
[2024-11-19 16:08:25,085] [ERROR] Invalid block received.
[2024-11-19 16:08:25,085] [INFO] 127.0.0.1 - - [19/Nov/2024 16:08:25] "[31m[1mPOST /receive_block HTTP/1.1[0m" 400 -
[2024-11-19 16:08:25,087] [DEBUG] http://127.0.0.1:5005 "POST /receive_block HTTP/1.1" 400 33
[2024-11-19 16:08:25,087] [WARNING] Failed to broadcast block to 127.0.0.1:5005. HTTP Error: 400 - BAD REQUEST
[2024-11-19 16:08:25,091] [DEBUG] Starting new HTTP connection (1): 127.0.0.1:5006
[2024-11-19 16:08:25,096] [DEBUG] Entered /receive_block endpoint
[2024-11-19 16:08:25,097] [DEBUG] Received block data: {'user_id': '9046513', 'previous_hash': '45c01128a000954fabe165f58e7f58c70fa5860f007c8f70eade6a8ac39a3b66', 'transaction': {'action': 'register'}, 'nonce': 0, 'commitment': None, 'timestamp': 1732012705.028533, 'consensus_node': 'node_5007'}
[2024-11-19 16:08:25,097] [DEBUG] Constructed new block: {
    "user_id": "9046513",
    "previous_hash": "45c01128a000954fabe165f58e7f58c70fa5860f007c8f70eade6a8ac39a3b66",
    "transaction": {
        "action": "register"
    },
    "commitment": null,
    "timestamp": 1732012705.028533,
    "nonce": 0,
    "hash": "b0f91b70c53061f586322bdbd68ac214d669e0b291c3aac4addf999c0ce4defe"
}
[2024-11-19 16:08:25,097] [DEBUG] [Blockchain] Last block retrieved: {
    "user_id": "9046513",
    "previous_hash": "45c01128a000954fabe165f58e7f58c70fa5860f007c8f70eade6a8ac39a3b66",
    "transaction": {
        "action": "register"
    },
    "commitment": null,
    "timestamp": 1732012705.0105338,
    "nonce": 0,
    "hash": "89537ea4cb18e73b58a94256e6de21910218908f182d11afa8fafd295c18a098"
}
[2024-11-19 16:08:25,097] [DEBUG] [HRBC] Cluster leaders elected: {0: 'node_5000', 1: 'node_5002', 2: 'node_5008'}
[2024-11-19 16:08:25,097] [DEBUG] [HRBC] Super node elected: node_5002
[2024-11-19 16:08:25,097] [ERROR] Invalid block received.
[2024-11-19 16:08:25,098] [INFO] 127.0.0.1 - - [19/Nov/2024 16:08:25] "[31m[1mPOST /receive_block HTTP/1.1[0m" 400 -
[2024-11-19 16:08:25,115] [DEBUG] http://127.0.0.1:5006 "POST /receive_block HTTP/1.1" 400 33
[2024-11-19 16:08:25,116] [WARNING] Failed to broadcast block to 127.0.0.1:5006. HTTP Error: 400 - BAD REQUEST
[2024-11-19 16:08:25,118] [DEBUG] Starting new HTTP connection (1): 127.0.0.1:5007
[2024-11-19 16:08:25,125] [DEBUG] http://127.0.0.1:5007 "POST /receive_block HTTP/1.1" 400 33
[2024-11-19 16:08:25,126] [WARNING] Failed to broadcast block to 127.0.0.1:5007. HTTP Error: 400 - BAD REQUEST
[2024-11-19 16:08:25,128] [DEBUG] Starting new HTTP connection (1): 127.0.0.1:5008
[2024-11-19 16:08:25,136] [DEBUG] http://127.0.0.1:5008 "POST /receive_block HTTP/1.1" 400 33
[2024-11-19 16:08:25,137] [WARNING] Failed to broadcast block to 127.0.0.1:5008. HTTP Error: 400 - BAD REQUEST
[2024-11-19 16:08:25,139] [DEBUG] Starting new HTTP connection (1): 127.0.0.1:5009
[2024-11-19 16:08:25,146] [DEBUG] http://127.0.0.1:5009 "POST /receive_block HTTP/1.1" 400 33
[2024-11-19 16:08:25,146] [WARNING] Failed to broadcast block to 127.0.0.1:5009. HTTP Error: 400 - BAD REQUEST
[2024-11-19 16:08:25,147] [INFO] 127.0.0.1 - - [19/Nov/2024 16:08:25] "POST /register HTTP/1.1" 200 -
[2024-11-19 16:08:25,188] [DEBUG] Entered /initiate_zkp endpoint
[2024-11-19 16:08:25,188] [DEBUG] Received initiate_zkp data: {'userId': '9046513', 'T': 28}
[2024-11-19 16:08:25,189] [INFO] Commitment T stored for user 9046513.
[2024-11-19 16:08:25,189] [INFO] 127.0.0.1 - - [19/Nov/2024 16:08:25] "POST /initiate_zkp HTTP/1.1" 200 -
[2024-11-19 16:08:25,223] [DEBUG] Entered /verify_zkp endpoint
[2024-11-19 16:08:25,228] [DEBUG] Received verify_zkp data: {'userId': '9046513', 's': 3, 'challenge': 6}
[2024-11-19 16:08:25,228] [INFO] ZKP verified for user 9046513. Token issued: {'user_id': '9046513', 'node_id': '127.0.0.1:5002', 'exp': datetime.datetime(2024, 11, 19, 10, 43, 25, 228532)}
[2024-11-19 16:08:25,228] [INFO] 127.0.0.1 - - [19/Nov/2024 16:08:25] "POST /verify_zkp HTTP/1.1" 200 -
[2024-11-19 16:09:32,717] [DEBUG] Entered /register endpoint
[2024-11-19 16:09:32,717] [DEBUG] Received registration data: {'userId': '4550692', 'hashedPassword': 3746812}
[2024-11-19 16:09:32,718] [INFO] User 4550692 registered successfully.
[2024-11-19 16:09:32,718] [DEBUG] [Blockchain] Last block retrieved: {
    "user_id": "9046513",
    "previous_hash": "45c01128a000954fabe165f58e7f58c70fa5860f007c8f70eade6a8ac39a3b66",
    "transaction": {
        "action": "register"
    },
    "commitment": null,
    "timestamp": 1732012705.0105338,
    "nonce": 0,
    "hash": "89537ea4cb18e73b58a94256e6de21910218908f182d11afa8fafd295c18a098"
}
[2024-11-19 16:09:32,718] [DEBUG] [HRBC] initiate_consensus called: node_id=node_5002, cluster_id=1, transactions={'action': 'register'}
[2024-11-19 16:09:32,718] [DEBUG] [HRBC] Proposed block created: {
    "user_id": "4550692",
    "previous_hash": "89537ea4cb18e73b58a94256e6de21910218908f182d11afa8fafd295c18a098",
    "transaction": {
        "action": "register"
    },
    "commitment": null,
    "timestamp": 1732012772.718238,
    "nonce": 0,
    "hash": "c00ac4a60b92e26d19299fa2351c601479dd41029f7825e7fc36a4ca32a04c52"
}
[2024-11-19 16:09:32,720] [DEBUG] Starting new HTTP connection (1): 127.0.0.1:5000
[2024-11-19 16:09:32,723] [DEBUG] http://127.0.0.1:5000 "POST /vote_on_block HTTP/1.1" 200 20
[2024-11-19 16:09:32,723] [DEBUG] [HRBC] Vote received from node_5000: False
[2024-11-19 16:09:32,725] [DEBUG] Starting new HTTP connection (1): 127.0.0.1:5008
[2024-11-19 16:09:32,730] [DEBUG] http://127.0.0.1:5008 "POST /vote_on_block HTTP/1.1" 200 19
[2024-11-19 16:09:32,731] [DEBUG] [HRBC] Vote received from node_5008: True
[2024-11-19 16:09:32,731] [INFO] [HRBC] Inter-cluster consensus achieved.
[2024-11-19 16:09:32,731] [INFO] [HRBC] Consensus achieved. Block: {
    "user_id": "4550692",
    "previous_hash": "89537ea4cb18e73b58a94256e6de21910218908f182d11afa8fafd295c18a098",
    "transaction": {
        "action": "register"
    },
    "commitment": null,
    "timestamp": 1732012772.718238,
    "nonce": 0,
    "hash": "c00ac4a60b92e26d19299fa2351c601479dd41029f7825e7fc36a4ca32a04c52"
}
[2024-11-19 16:09:32,731] [INFO] [HRBC Consensus] Block added to blockchain: {
    "user_id": "4550692",
    "previous_hash": "89537ea4cb18e73b58a94256e6de21910218908f182d11afa8fafd295c18a098",
    "transaction": {
        "action": "register"
    },
    "commitment": null,
    "timestamp": 1732012772.718238,
    "nonce": 0,
    "hash": "c00ac4a60b92e26d19299fa2351c601479dd41029f7825e7fc36a4ca32a04c52"
}
[2024-11-19 16:09:32,731] [DEBUG] [Blockchain] Updating metrics with new block: {
    "user_id": "4550692",
    "previous_hash": "89537ea4cb18e73b58a94256e6de21910218908f182d11afa8fafd295c18a098",
    "transaction": {
        "action": "register"
    },
    "commitment": null,
    "timestamp": 1732012772.718238,
    "nonce": 0,
    "hash": "c00ac4a60b92e26d19299fa2351c601479dd41029f7825e7fc36a4ca32a04c52"
}
[2024-11-19 16:09:32,731] [DEBUG] [Blockchain] Block time: 67.7077043056488 seconds.
[2024-11-19 16:09:32,731] [DEBUG] [Blockchain] Transactions per block updated: [1, 1]
[2024-11-19 16:09:32,731] [DEBUG] [Blockchain] Block size: 286 bytes.
[2024-11-19 16:09:32,731] [DEBUG] [Blockchain] Total blockchain size: 573 bytes.
[2024-11-19 16:09:32,731] [DEBUG] [Blockchain] Current difficulty: 0
[2024-11-19 16:09:32,731] [DEBUG] {
    "user_id": "4550692",
    "previous_hash": "89537ea4cb18e73b58a94256e6de21910218908f182d11afa8fafd295c18a098",
    "transaction": {
        "action": "register"
    },
    "commitment": null,
    "timestamp": 1732012772.718238,
    "nonce": 0,
    "hash": "c00ac4a60b92e26d19299fa2351c601479dd41029f7825e7fc36a4ca32a04c52"
}
[2024-11-19 16:09:32,731] [INFO] New block created: {
    "user_id": "4550692",
    "previous_hash": "89537ea4cb18e73b58a94256e6de21910218908f182d11afa8fafd295c18a098",
    "transaction": {
        "action": "register"
    },
    "commitment": null,
    "timestamp": 1732012772.718238,
    "nonce": 0,
    "hash": "c00ac4a60b92e26d19299fa2351c601479dd41029f7825e7fc36a4ca32a04c52"
}
[2024-11-19 16:09:32,731] [DEBUG] Broadcasting block to peers: ['127.0.0.1:5000', '127.0.0.1:5001', '127.0.0.1:5003', '127.0.0.1:5004', '127.0.0.1:5005', '127.0.0.1:5006', '127.0.0.1:5007', '127.0.0.1:5008', '127.0.0.1:5009'] with consensus_id: node_5002
[2024-11-19 16:09:32,733] [DEBUG] Starting new HTTP connection (1): 127.0.0.1:5000
[2024-11-19 16:09:32,736] [DEBUG] http://127.0.0.1:5000 "POST /receive_block HTTP/1.1" 400 33
[2024-11-19 16:09:32,736] [WARNING] Failed to broadcast block to 127.0.0.1:5000. HTTP Error: 400 - BAD REQUEST
[2024-11-19 16:09:32,738] [DEBUG] Starting new HTTP connection (1): 127.0.0.1:5001
[2024-11-19 16:09:32,753] [DEBUG] http://127.0.0.1:5001 "POST /receive_block HTTP/1.1" 400 33
[2024-11-19 16:09:32,753] [WARNING] Failed to broadcast block to 127.0.0.1:5001. HTTP Error: 400 - BAD REQUEST
[2024-11-19 16:09:32,754] [DEBUG] Starting new HTTP connection (1): 127.0.0.1:5003
[2024-11-19 16:09:32,759] [DEBUG] Entered /receive_block endpoint
[2024-11-19 16:09:32,760] [DEBUG] Received block data: {'user_id': '4550692', 'previous_hash': '0155cc01153525f569f72e96a702e3cfa43052ccd690ffe6009b5df3dc9f9ddc', 'transaction': {'action': 'register'}, 'nonce': 0, 'commitment': None, 'timestamp': 1732012772.7162378, 'consensus_node': 'node_5001'}
[2024-11-19 16:09:32,760] [DEBUG] Constructed new block: {
    "user_id": "4550692",
    "previous_hash": "0155cc01153525f569f72e96a702e3cfa43052ccd690ffe6009b5df3dc9f9ddc",
    "transaction": {
        "action": "register"
    },
    "commitment": null,
    "timestamp": 1732012772.7162378,
    "nonce": 0,
    "hash": "269dce6739a60f55cc81f868352e898391fae6281053a8c68685fdf810e94741"
}
[2024-11-19 16:09:32,760] [DEBUG] [Blockchain] Last block retrieved: {
    "user_id": "4550692",
    "previous_hash": "89537ea4cb18e73b58a94256e6de21910218908f182d11afa8fafd295c18a098",
    "transaction": {
        "action": "register"
    },
    "commitment": null,
    "timestamp": 1732012772.718238,
    "nonce": 0,
    "hash": "c00ac4a60b92e26d19299fa2351c601479dd41029f7825e7fc36a4ca32a04c52"
}
[2024-11-19 16:09:32,760] [DEBUG] [HRBC] Cluster leaders elected: {0: 'node_5000', 1: 'node_5002', 2: 'node_5008'}
[2024-11-19 16:09:32,760] [DEBUG] [HRBC] Super node elected: node_5002
[2024-11-19 16:09:32,760] [ERROR] Invalid block received.
[2024-11-19 16:09:32,760] [INFO] 127.0.0.1 - - [19/Nov/2024 16:09:32] "[31m[1mPOST /receive_block HTTP/1.1[0m" 400 -
[2024-11-19 16:09:32,761] [DEBUG] http://127.0.0.1:5003 "POST /receive_block HTTP/1.1" 400 33
[2024-11-19 16:09:32,761] [WARNING] Failed to broadcast block to 127.0.0.1:5003. HTTP Error: 400 - BAD REQUEST
[2024-11-19 16:09:32,762] [DEBUG] Starting new HTTP connection (1): 127.0.0.1:5004
[2024-11-19 16:09:32,766] [DEBUG] http://127.0.0.1:5004 "POST /receive_block HTTP/1.1" 400 33
[2024-11-19 16:09:32,766] [WARNING] Failed to broadcast block to 127.0.0.1:5004. HTTP Error: 400 - BAD REQUEST
[2024-11-19 16:09:32,768] [DEBUG] Starting new HTTP connection (1): 127.0.0.1:5005
[2024-11-19 16:09:32,769] [DEBUG] Entered /receive_block endpoint
[2024-11-19 16:09:32,769] [DEBUG] Received block data: {'user_id': '4550692', 'previous_hash': '36cdd76db9e71fc12df1430acee37bccf3a663b0a26046be0f7f63c84a6789ec', 'transaction': {'action': 'register'}, 'nonce': 0, 'commitment': None, 'timestamp': 1732012772.713237, 'consensus_node': 'node_5000'}
[2024-11-19 16:09:32,769] [DEBUG] Constructed new block: {
    "user_id": "4550692",
    "previous_hash": "36cdd76db9e71fc12df1430acee37bccf3a663b0a26046be0f7f63c84a6789ec",
    "transaction": {
        "action": "register"
    },
    "commitment": null,
    "timestamp": 1732012772.713237,
    "nonce": 0,
    "hash": "6e582b9420a17f808a631f55d9a877f2fbb857c7e8df3ff8883dc0bcf7a91dc7"
}
[2024-11-19 16:09:32,770] [DEBUG] [Blockchain] Last block retrieved: {
    "user_id": "4550692",
    "previous_hash": "89537ea4cb18e73b58a94256e6de21910218908f182d11afa8fafd295c18a098",
    "transaction": {
        "action": "register"
    },
    "commitment": null,
    "timestamp": 1732012772.718238,
    "nonce": 0,
    "hash": "c00ac4a60b92e26d19299fa2351c601479dd41029f7825e7fc36a4ca32a04c52"
}
[2024-11-19 16:09:32,770] [DEBUG] [HRBC] Cluster leaders elected: {0: 'node_5000', 1: 'node_5002', 2: 'node_5008'}
[2024-11-19 16:09:32,770] [DEBUG] [HRBC] Super node elected: node_5002
[2024-11-19 16:09:32,770] [ERROR] Invalid block received.
[2024-11-19 16:09:32,770] [INFO] 127.0.0.1 - - [19/Nov/2024 16:09:32] "[31m[1mPOST /receive_block HTTP/1.1[0m" 400 -
[2024-11-19 16:09:32,772] [DEBUG] http://127.0.0.1:5005 "POST /receive_block HTTP/1.1" 400 33
[2024-11-19 16:09:32,772] [WARNING] Failed to broadcast block to 127.0.0.1:5005. HTTP Error: 400 - BAD REQUEST
[2024-11-19 16:09:32,774] [DEBUG] Starting new HTTP connection (1): 127.0.0.1:5006
[2024-11-19 16:09:32,778] [DEBUG] Entered /receive_block endpoint
[2024-11-19 16:09:32,778] [DEBUG] Received block data: {'user_id': '4550692', 'previous_hash': 'b0f91b70c53061f586322bdbd68ac214d669e0b291c3aac4addf999c0ce4defe', 'transaction': {'action': 'register'}, 'nonce': 0, 'commitment': None, 'timestamp': 1732012772.713237, 'consensus_node': 'node_5007'}
[2024-11-19 16:09:32,778] [DEBUG] http://127.0.0.1:5006 "POST /receive_block HTTP/1.1" 400 33
[2024-11-19 16:09:32,778] [DEBUG] Constructed new block: {
    "user_id": "4550692",
    "previous_hash": "b0f91b70c53061f586322bdbd68ac214d669e0b291c3aac4addf999c0ce4defe",
    "transaction": {
        "action": "register"
    },
    "commitment": null,
    "timestamp": 1732012772.713237,
    "nonce": 0,
    "hash": "6be55a15c76955f1a14eaa059de7ed0cf36063ab2fa4c11daeae1b002515afa3"
}
[2024-11-19 16:09:32,779] [WARNING] Failed to broadcast block to 127.0.0.1:5006. HTTP Error: 400 - BAD REQUEST
[2024-11-19 16:09:32,779] [DEBUG] [Blockchain] Last block retrieved: {
    "user_id": "4550692",
    "previous_hash": "89537ea4cb18e73b58a94256e6de21910218908f182d11afa8fafd295c18a098",
    "transaction": {
        "action": "register"
    },
    "commitment": null,
    "timestamp": 1732012772.718238,
    "nonce": 0,
    "hash": "c00ac4a60b92e26d19299fa2351c601479dd41029f7825e7fc36a4ca32a04c52"
}
[2024-11-19 16:09:32,781] [DEBUG] Starting new HTTP connection (1): 127.0.0.1:5007
[2024-11-19 16:09:32,781] [DEBUG] [HRBC] Cluster leaders elected: {0: 'node_5000', 1: 'node_5002', 2: 'node_5008'}
[2024-11-19 16:09:32,782] [DEBUG] [HRBC] Super node elected: node_5002
[2024-11-19 16:09:32,782] [ERROR] Invalid block received.
[2024-11-19 16:09:32,782] [INFO] 127.0.0.1 - - [19/Nov/2024 16:09:32] "[31m[1mPOST /receive_block HTTP/1.1[0m" 400 -
[2024-11-19 16:09:32,784] [DEBUG] Entered /receive_block endpoint
[2024-11-19 16:09:32,784] [DEBUG] Received block data: {'user_id': '4550692', 'previous_hash': '7e647d904c968882c3c604dbe6dd037a7a001008280805923bde22451909be5c', 'transaction': {'action': 'register'}, 'nonce': 0, 'commitment': None, 'timestamp': 1732012772.718238, 'consensus_node': 'node_5006'}
[2024-11-19 16:09:32,784] [DEBUG] Constructed new block: {
    "user_id": "4550692",
    "previous_hash": "7e647d904c968882c3c604dbe6dd037a7a001008280805923bde22451909be5c",
    "transaction": {
        "action": "register"
    },
    "commitment": null,
    "timestamp": 1732012772.718238,
    "nonce": 0,
    "hash": "cc656f2edb330258fb9aacf9a8a966f63769eae020ab57493668ef4aca5ceccf"
}
[2024-11-19 16:09:32,784] [DEBUG] [Blockchain] Last block retrieved: {
    "user_id": "4550692",
    "previous_hash": "89537ea4cb18e73b58a94256e6de21910218908f182d11afa8fafd295c18a098",
    "transaction": {
        "action": "register"
    },
    "commitment": null,
    "timestamp": 1732012772.718238,
    "nonce": 0,
    "hash": "c00ac4a60b92e26d19299fa2351c601479dd41029f7825e7fc36a4ca32a04c52"
}
[2024-11-19 16:09:32,784] [DEBUG] [HRBC] Cluster leaders elected: {0: 'node_5000', 1: 'node_5002', 2: 'node_5008'}
[2024-11-19 16:09:32,784] [DEBUG] [HRBC] Super node elected: node_5002
[2024-11-19 16:09:32,784] [ERROR] Invalid block received.
[2024-11-19 16:09:32,785] [INFO] 127.0.0.1 - - [19/Nov/2024 16:09:32] "[31m[1mPOST /receive_block HTTP/1.1[0m" 400 -
[2024-11-19 16:09:32,787] [DEBUG] http://127.0.0.1:5007 "POST /receive_block HTTP/1.1" 400 33
[2024-11-19 16:09:32,789] [WARNING] Failed to broadcast block to 127.0.0.1:5007. HTTP Error: 400 - BAD REQUEST
[2024-11-19 16:09:32,790] [DEBUG] Entered /receive_block endpoint
[2024-11-19 16:09:32,791] [DEBUG] Received block data: {'user_id': '4550692', 'previous_hash': '45c01128a000954fabe165f58e7f58c70fa5860f007c8f70eade6a8ac39a3b66', 'transaction': {'action': 'register'}, 'nonce': 0, 'commitment': None, 'timestamp': 1732012772.717239, 'consensus_node': 'node_5003'}
[2024-11-19 16:09:32,791] [DEBUG] Constructed new block: {
    "user_id": "4550692",
    "previous_hash": "45c01128a000954fabe165f58e7f58c70fa5860f007c8f70eade6a8ac39a3b66",
    "transaction": {
        "action": "register"
    },
    "commitment": null,
    "timestamp": 1732012772.717239,
    "nonce": 0,
    "hash": "0a2b32a3937b8309e47a765371deeb99402051c62d5bc88efa0371e1dd3ed5b9"
}
[2024-11-19 16:09:32,792] [DEBUG] [Blockchain] Last block retrieved: {
    "user_id": "4550692",
    "previous_hash": "89537ea4cb18e73b58a94256e6de21910218908f182d11afa8fafd295c18a098",
    "transaction": {
        "action": "register"
    },
    "commitment": null,
    "timestamp": 1732012772.718238,
    "nonce": 0,
    "hash": "c00ac4a60b92e26d19299fa2351c601479dd41029f7825e7fc36a4ca32a04c52"
}
[2024-11-19 16:09:32,792] [DEBUG] Starting new HTTP connection (1): 127.0.0.1:5008
[2024-11-19 16:09:32,792] [DEBUG] [HRBC] Cluster leaders elected: {0: 'node_5000', 1: 'node_5002', 2: 'node_5008'}
[2024-11-19 16:09:32,793] [DEBUG] [HRBC] Super node elected: node_5002
[2024-11-19 16:09:32,793] [ERROR] Invalid block received.
[2024-11-19 16:09:32,793] [INFO] 127.0.0.1 - - [19/Nov/2024 16:09:32] "[31m[1mPOST /receive_block HTTP/1.1[0m" 400 -
[2024-11-19 16:09:32,796] [DEBUG] http://127.0.0.1:5008 "POST /receive_block HTTP/1.1" 400 33
[2024-11-19 16:09:32,796] [WARNING] Failed to broadcast block to 127.0.0.1:5008. HTTP Error: 400 - BAD REQUEST
[2024-11-19 16:09:32,798] [DEBUG] Starting new HTTP connection (1): 127.0.0.1:5009
[2024-11-19 16:09:32,800] [DEBUG] Entered /receive_block endpoint
[2024-11-19 16:09:32,800] [DEBUG] Received block data: {'user_id': '4550692', 'previous_hash': '45c01128a000954fabe165f58e7f58c70fa5860f007c8f70eade6a8ac39a3b66', 'transaction': {'action': 'register'}, 'nonce': 0, 'commitment': None, 'timestamp': 1732012772.718238, 'consensus_node': 'node_5004'}
[2024-11-19 16:09:32,801] [DEBUG] Constructed new block: {
    "user_id": "4550692",
    "previous_hash": "45c01128a000954fabe165f58e7f58c70fa5860f007c8f70eade6a8ac39a3b66",
    "transaction": {
        "action": "register"
    },
    "commitment": null,
    "timestamp": 1732012772.718238,
    "nonce": 0,
    "hash": "a0d3f91a3ba4af9bd226415015d693456e6baff8802307e40b9b2b87493bcb18"
}
[2024-11-19 16:09:32,801] [DEBUG] [Blockchain] Last block retrieved: {
    "user_id": "4550692",
    "previous_hash": "89537ea4cb18e73b58a94256e6de21910218908f182d11afa8fafd295c18a098",
    "transaction": {
        "action": "register"
    },
    "commitment": null,
    "timestamp": 1732012772.718238,
    "nonce": 0,
    "hash": "c00ac4a60b92e26d19299fa2351c601479dd41029f7825e7fc36a4ca32a04c52"
}
[2024-11-19 16:09:32,801] [DEBUG] [HRBC] Cluster leaders elected: {0: 'node_5000', 1: 'node_5002', 2: 'node_5008'}
[2024-11-19 16:09:32,801] [DEBUG] [HRBC] Super node elected: node_5002
[2024-11-19 16:09:32,801] [ERROR] Invalid block received.
[2024-11-19 16:09:32,801] [INFO] 127.0.0.1 - - [19/Nov/2024 16:09:32] "[31m[1mPOST /receive_block HTTP/1.1[0m" 400 -
[2024-11-19 16:09:32,803] [DEBUG] http://127.0.0.1:5009 "POST /receive_block HTTP/1.1" 400 33
[2024-11-19 16:09:32,804] [WARNING] Failed to broadcast block to 127.0.0.1:5009. HTTP Error: 400 - BAD REQUEST
[2024-11-19 16:09:32,805] [INFO] 127.0.0.1 - - [19/Nov/2024 16:09:32] "POST /register HTTP/1.1" 200 -
[2024-11-19 16:09:32,886] [DEBUG] Entered /initiate_zkp endpoint
[2024-11-19 16:09:32,889] [DEBUG] Received initiate_zkp data: {'userId': '4550692', 'T': 5}
[2024-11-19 16:09:32,889] [INFO] Commitment T stored for user 4550692.
[2024-11-19 16:09:32,889] [INFO] 127.0.0.1 - - [19/Nov/2024 16:09:32] "POST /initiate_zkp HTTP/1.1" 200 -
[2024-11-19 16:09:32,909] [DEBUG] Entered /verify_zkp endpoint
[2024-11-19 16:09:32,909] [DEBUG] Received verify_zkp data: {'userId': '4550692', 's': 5, 'challenge': 10}
[2024-11-19 16:09:32,909] [INFO] ZKP verified for user 4550692. Token issued: {'user_id': '4550692', 'node_id': '127.0.0.1:5002', 'exp': datetime.datetime(2024, 11, 19, 10, 44, 32, 909239)}
[2024-11-19 16:09:32,910] [INFO] 127.0.0.1 - - [19/Nov/2024 16:09:32] "POST /verify_zkp HTTP/1.1" 200 -
[2024-11-19 16:11:49,665] [DEBUG] Entered /register endpoint
[2024-11-19 16:11:49,665] [DEBUG] Received registration data: {'userId': '8374846', 'hashedPassword': 6585755}
[2024-11-19 16:11:49,665] [INFO] User 8374846 registered successfully.
[2024-11-19 16:11:49,665] [DEBUG] [Blockchain] Last block retrieved: {
    "user_id": "4550692",
    "previous_hash": "89537ea4cb18e73b58a94256e6de21910218908f182d11afa8fafd295c18a098",
    "transaction": {
        "action": "register"
    },
    "commitment": null,
    "timestamp": 1732012772.718238,
    "nonce": 0,
    "hash": "c00ac4a60b92e26d19299fa2351c601479dd41029f7825e7fc36a4ca32a04c52"
}
[2024-11-19 16:11:49,665] [DEBUG] [HRBC] initiate_consensus called: node_id=node_5002, cluster_id=1, transactions={'action': 'register'}
[2024-11-19 16:11:49,665] [DEBUG] [HRBC] Proposed block created: {
    "user_id": "8374846",
    "previous_hash": "c00ac4a60b92e26d19299fa2351c601479dd41029f7825e7fc36a4ca32a04c52",
    "transaction": {
        "action": "register"
    },
    "commitment": null,
    "timestamp": 1732012909.6657073,
    "nonce": 0,
    "hash": "acb5f8c4f1eff61a1d66975a1e046ec6d8a74d0732ded110af95c3e02fb074e6"
}
[2024-11-19 16:11:49,667] [DEBUG] Starting new HTTP connection (1): 127.0.0.1:5000
[2024-11-19 16:11:49,670] [DEBUG] http://127.0.0.1:5000 "POST /vote_on_block HTTP/1.1" 200 19
[2024-11-19 16:11:49,671] [DEBUG] [HRBC] Vote received from node_5000: True
[2024-11-19 16:11:49,673] [DEBUG] Starting new HTTP connection (1): 127.0.0.1:5008
[2024-11-19 16:11:49,682] [DEBUG] http://127.0.0.1:5008 "POST /vote_on_block HTTP/1.1" 200 19
[2024-11-19 16:11:49,683] [DEBUG] [HRBC] Vote received from node_5008: True
[2024-11-19 16:11:49,683] [INFO] [HRBC] Inter-cluster consensus achieved.
[2024-11-19 16:11:49,683] [INFO] [HRBC] Consensus achieved. Block: {
    "user_id": "8374846",
    "previous_hash": "c00ac4a60b92e26d19299fa2351c601479dd41029f7825e7fc36a4ca32a04c52",
    "transaction": {
        "action": "register"
    },
    "commitment": null,
    "timestamp": 1732012909.6657073,
    "nonce": 0,
    "hash": "acb5f8c4f1eff61a1d66975a1e046ec6d8a74d0732ded110af95c3e02fb074e6"
}
[2024-11-19 16:11:49,683] [INFO] [HRBC Consensus] Block added to blockchain: {
    "user_id": "8374846",
    "previous_hash": "c00ac4a60b92e26d19299fa2351c601479dd41029f7825e7fc36a4ca32a04c52",
    "transaction": {
        "action": "register"
    },
    "commitment": null,
    "timestamp": 1732012909.6657073,
    "nonce": 0,
    "hash": "acb5f8c4f1eff61a1d66975a1e046ec6d8a74d0732ded110af95c3e02fb074e6"
}
[2024-11-19 16:11:49,683] [DEBUG] [Blockchain] Updating metrics with new block: {
    "user_id": "8374846",
    "previous_hash": "c00ac4a60b92e26d19299fa2351c601479dd41029f7825e7fc36a4ca32a04c52",
    "transaction": {
        "action": "register"
    },
    "commitment": null,
    "timestamp": 1732012909.6657073,
    "nonce": 0,
    "hash": "acb5f8c4f1eff61a1d66975a1e046ec6d8a74d0732ded110af95c3e02fb074e6"
}
[2024-11-19 16:11:49,683] [DEBUG] [Blockchain] Block time: 136.94746923446655 seconds.
[2024-11-19 16:11:49,683] [DEBUG] [Blockchain] Transactions per block updated: [1, 1, 1]
[2024-11-19 16:11:49,683] [DEBUG] [Blockchain] Block size: 287 bytes.
[2024-11-19 16:11:49,683] [DEBUG] [Blockchain] Total blockchain size: 860 bytes.
[2024-11-19 16:11:49,684] [DEBUG] [Blockchain] Current difficulty: 0
[2024-11-19 16:11:49,684] [DEBUG] {
    "user_id": "8374846",
    "previous_hash": "c00ac4a60b92e26d19299fa2351c601479dd41029f7825e7fc36a4ca32a04c52",
    "transaction": {
        "action": "register"
    },
    "commitment": null,
    "timestamp": 1732012909.6657073,
    "nonce": 0,
    "hash": "acb5f8c4f1eff61a1d66975a1e046ec6d8a74d0732ded110af95c3e02fb074e6"
}
[2024-11-19 16:11:49,684] [INFO] New block created: {
    "user_id": "8374846",
    "previous_hash": "c00ac4a60b92e26d19299fa2351c601479dd41029f7825e7fc36a4ca32a04c52",
    "transaction": {
        "action": "register"
    },
    "commitment": null,
    "timestamp": 1732012909.6657073,
    "nonce": 0,
    "hash": "acb5f8c4f1eff61a1d66975a1e046ec6d8a74d0732ded110af95c3e02fb074e6"
}
[2024-11-19 16:11:49,684] [DEBUG] Broadcasting block to peers: ['127.0.0.1:5000', '127.0.0.1:5001', '127.0.0.1:5003', '127.0.0.1:5004', '127.0.0.1:5005', '127.0.0.1:5006', '127.0.0.1:5007', '127.0.0.1:5008', '127.0.0.1:5009'] with consensus_id: node_5002
[2024-11-19 16:11:49,685] [DEBUG] Starting new HTTP connection (1): 127.0.0.1:5000
[2024-11-19 16:11:49,697] [DEBUG] http://127.0.0.1:5000 "POST /receive_block HTTP/1.1" 400 33
[2024-11-19 16:11:49,698] [WARNING] Failed to broadcast block to 127.0.0.1:5000. HTTP Error: 400 - BAD REQUEST
[2024-11-19 16:11:49,700] [DEBUG] Starting new HTTP connection (1): 127.0.0.1:5001
[2024-11-19 16:11:49,708] [DEBUG] Entered /receive_block endpoint
[2024-11-19 16:11:49,708] [DEBUG] Received block data: {'user_id': '8374846', 'previous_hash': '269dce6739a60f55cc81f868352e898391fae6281053a8c68685fdf810e94741', 'transaction': {'action': 'register'}, 'nonce': 0, 'commitment': None, 'timestamp': 1732012909.6657073, 'consensus_node': 'node_5001'}
[2024-11-19 16:11:49,708] [DEBUG] Constructed new block: {
    "user_id": "8374846",
    "previous_hash": "269dce6739a60f55cc81f868352e898391fae6281053a8c68685fdf810e94741",
    "transaction": {
        "action": "register"
    },
    "commitment": null,
    "timestamp": 1732012909.6657073,
    "nonce": 0,
    "hash": "46b7a600cb159a31d400cd230920368b1c46b89741e9aa11de9175e1f3b46429"
}
[2024-11-19 16:11:49,708] [DEBUG] [Blockchain] Last block retrieved: {
    "user_id": "8374846",
    "previous_hash": "c00ac4a60b92e26d19299fa2351c601479dd41029f7825e7fc36a4ca32a04c52",
    "transaction": {
        "action": "register"
    },
    "commitment": null,
    "timestamp": 1732012909.6657073,
    "nonce": 0,
    "hash": "acb5f8c4f1eff61a1d66975a1e046ec6d8a74d0732ded110af95c3e02fb074e6"
}
[2024-11-19 16:11:49,708] [DEBUG] [HRBC] Cluster leaders elected: {0: 'node_5000', 1: 'node_5002', 2: 'node_5008'}
[2024-11-19 16:11:49,708] [DEBUG] [HRBC] Super node elected: node_5002
[2024-11-19 16:11:49,708] [ERROR] Invalid block received.
[2024-11-19 16:11:49,709] [INFO] 127.0.0.1 - - [19/Nov/2024 16:11:49] "[31m[1mPOST /receive_block HTTP/1.1[0m" 400 -
[2024-11-19 16:11:49,714] [DEBUG] Entered /receive_block endpoint
[2024-11-19 16:11:49,715] [DEBUG] Received block data: {'user_id': '8374846', 'previous_hash': '45c01128a000954fabe165f58e7f58c70fa5860f007c8f70eade6a8ac39a3b66', 'transaction': {'action': 'register'}, 'nonce': 0, 'commitment': None, 'timestamp': 1732012909.6677077, 'consensus_node': 'node_5005'}
[2024-11-19 16:11:49,715] [DEBUG] Entered /receive_block endpoint
[2024-11-19 16:11:49,715] [DEBUG] Constructed new block: {
    "user_id": "8374846",
    "previous_hash": "45c01128a000954fabe165f58e7f58c70fa5860f007c8f70eade6a8ac39a3b66",
    "transaction": {
        "action": "register"
    },
    "commitment": null,
    "timestamp": 1732012909.6677077,
    "nonce": 0,
    "hash": "61435c546885e6254b36587d18e716c8d619065d066a67fe84c2dd3c9b0070d3"
}
[2024-11-19 16:11:49,715] [DEBUG] Received block data: {'user_id': '8374846', 'previous_hash': '6e582b9420a17f808a631f55d9a877f2fbb857c7e8df3ff8883dc0bcf7a91dc7', 'transaction': {'action': 'register'}, 'nonce': 0, 'commitment': None, 'timestamp': 1732012909.6607087, 'consensus_node': 'node_5000'}
[2024-11-19 16:11:49,716] [DEBUG] [Blockchain] Last block retrieved: {
    "user_id": "8374846",
    "previous_hash": "c00ac4a60b92e26d19299fa2351c601479dd41029f7825e7fc36a4ca32a04c52",
    "transaction": {
        "action": "register"
    },
    "commitment": null,
    "timestamp": 1732012909.6657073,
    "nonce": 0,
    "hash": "acb5f8c4f1eff61a1d66975a1e046ec6d8a74d0732ded110af95c3e02fb074e6"
}
[2024-11-19 16:11:49,716] [DEBUG] Constructed new block: {
    "user_id": "8374846",
    "previous_hash": "6e582b9420a17f808a631f55d9a877f2fbb857c7e8df3ff8883dc0bcf7a91dc7",
    "transaction": {
        "action": "register"
    },
    "commitment": null,
    "timestamp": 1732012909.6607087,
    "nonce": 0,
    "hash": "40058b6b2dca3f61281fdfbbfa50e1569380a61e79bc4daa017534a97ab7c4a0"
}
[2024-11-19 16:11:49,716] [DEBUG] [HRBC] Cluster leaders elected: {0: 'node_5000', 1: 'node_5002', 2: 'node_5008'}
[2024-11-19 16:11:49,716] [DEBUG] [Blockchain] Last block retrieved: {
    "user_id": "8374846",
    "previous_hash": "c00ac4a60b92e26d19299fa2351c601479dd41029f7825e7fc36a4ca32a04c52",
    "transaction": {
        "action": "register"
    },
    "commitment": null,
    "timestamp": 1732012909.6657073,
    "nonce": 0,
    "hash": "acb5f8c4f1eff61a1d66975a1e046ec6d8a74d0732ded110af95c3e02fb074e6"
}
[2024-11-19 16:11:49,716] [DEBUG] [HRBC] Super node elected: node_5002
[2024-11-19 16:11:49,716] [DEBUG] [HRBC] Cluster leaders elected: {0: 'node_5000', 1: 'node_5002', 2: 'node_5008'}
[2024-11-19 16:11:49,716] [ERROR] Invalid block received.
[2024-11-19 16:11:49,717] [DEBUG] [HRBC] Super node elected: node_5002
[2024-11-19 16:11:49,717] [INFO] 127.0.0.1 - - [19/Nov/2024 16:11:49] "[31m[1mPOST /receive_block HTTP/1.1[0m" 400 -
[2024-11-19 16:11:49,717] [ERROR] Invalid block received.
[2024-11-19 16:11:49,718] [INFO] 127.0.0.1 - - [19/Nov/2024 16:11:49] "[31m[1mPOST /receive_block HTTP/1.1[0m" 400 -
[2024-11-19 16:11:49,721] [DEBUG] Entered /receive_block endpoint
[2024-11-19 16:11:49,721] [DEBUG] Received block data: {'user_id': '8374846', 'previous_hash': '6be55a15c76955f1a14eaa059de7ed0cf36063ab2fa4c11daeae1b002515afa3', 'transaction': {'action': 'register'}, 'nonce': 0, 'commitment': None, 'timestamp': 1732012909.6677077, 'consensus_node': 'node_5007'}
[2024-11-19 16:11:49,721] [DEBUG] Constructed new block: {
    "user_id": "8374846",
    "previous_hash": "6be55a15c76955f1a14eaa059de7ed0cf36063ab2fa4c11daeae1b002515afa3",
    "transaction": {
        "action": "register"
    },
    "commitment": null,
    "timestamp": 1732012909.6677077,
    "nonce": 0,
    "hash": "d72bcd3b72724a71ebe7d76637c31b172f032a71736a81ba6842e97e77a5f0a7"
}
[2024-11-19 16:11:49,722] [DEBUG] [Blockchain] Last block retrieved: {
    "user_id": "8374846",
    "previous_hash": "c00ac4a60b92e26d19299fa2351c601479dd41029f7825e7fc36a4ca32a04c52",
    "transaction": {
        "action": "register"
    },
    "commitment": null,
    "timestamp": 1732012909.6657073,
    "nonce": 0,
    "hash": "acb5f8c4f1eff61a1d66975a1e046ec6d8a74d0732ded110af95c3e02fb074e6"
}
[2024-11-19 16:11:49,722] [DEBUG] [HRBC] Cluster leaders elected: {0: 'node_5000', 1: 'node_5002', 2: 'node_5008'}
[2024-11-19 16:11:49,722] [DEBUG] [HRBC] Super node elected: node_5002
[2024-11-19 16:11:49,722] [ERROR] Invalid block received.
[2024-11-19 16:11:49,722] [INFO] 127.0.0.1 - - [19/Nov/2024 16:11:49] "[31m[1mPOST /receive_block HTTP/1.1[0m" 400 -
[2024-11-19 16:11:49,726] [DEBUG] http://127.0.0.1:5001 "POST /receive_block HTTP/1.1" 400 33
[2024-11-19 16:11:49,728] [WARNING] Failed to broadcast block to 127.0.0.1:5001. HTTP Error: 400 - BAD REQUEST
[2024-11-19 16:11:49,730] [DEBUG] Starting new HTTP connection (1): 127.0.0.1:5003
[2024-11-19 16:11:49,731] [DEBUG] Entered /receive_block endpoint
[2024-11-19 16:11:49,731] [DEBUG] Received block data: {'user_id': '8374846', 'previous_hash': 'a0d3f91a3ba4af9bd226415015d693456e6baff8802307e40b9b2b87493bcb18', 'transaction': {'action': 'register'}, 'nonce': 0, 'commitment': None, 'timestamp': 1732012909.6677077, 'consensus_node': 'node_5004'}
[2024-11-19 16:11:49,732] [DEBUG] Constructed new block: {
    "user_id": "8374846",
    "previous_hash": "a0d3f91a3ba4af9bd226415015d693456e6baff8802307e40b9b2b87493bcb18",
    "transaction": {
        "action": "register"
    },
    "commitment": null,
    "timestamp": 1732012909.6677077,
    "nonce": 0,
    "hash": "f81b8c262aa0dba6a974e63096ed9abb4a616fefe24605b17590fc6e08767289"
}
[2024-11-19 16:11:49,732] [DEBUG] [Blockchain] Last block retrieved: {
    "user_id": "8374846",
    "previous_hash": "c00ac4a60b92e26d19299fa2351c601479dd41029f7825e7fc36a4ca32a04c52",
    "transaction": {
        "action": "register"
    },
    "commitment": null,
    "timestamp": 1732012909.6657073,
    "nonce": 0,
    "hash": "acb5f8c4f1eff61a1d66975a1e046ec6d8a74d0732ded110af95c3e02fb074e6"
}
[2024-11-19 16:11:49,732] [DEBUG] [HRBC] Cluster leaders elected: {0: 'node_5000', 1: 'node_5002', 2: 'node_5008'}
[2024-11-19 16:11:49,732] [DEBUG] [HRBC] Super node elected: node_5002
[2024-11-19 16:11:49,732] [ERROR] Invalid block received.
[2024-11-19 16:11:49,732] [INFO] 127.0.0.1 - - [19/Nov/2024 16:11:49] "[31m[1mPOST /receive_block HTTP/1.1[0m" 400 -
[2024-11-19 16:11:49,733] [DEBUG] http://127.0.0.1:5003 "POST /receive_block HTTP/1.1" 400 33
[2024-11-19 16:11:49,734] [WARNING] Failed to broadcast block to 127.0.0.1:5003. HTTP Error: 400 - BAD REQUEST
[2024-11-19 16:11:49,735] [DEBUG] Starting new HTTP connection (1): 127.0.0.1:5004
[2024-11-19 16:11:49,742] [DEBUG] http://127.0.0.1:5004 "POST /receive_block HTTP/1.1" 400 33
[2024-11-19 16:11:49,742] [WARNING] Failed to broadcast block to 127.0.0.1:5004. HTTP Error: 400 - BAD REQUEST
[2024-11-19 16:11:49,744] [DEBUG] Starting new HTTP connection (1): 127.0.0.1:5005
[2024-11-19 16:11:49,748] [DEBUG] http://127.0.0.1:5005 "POST /receive_block HTTP/1.1" 400 33
[2024-11-19 16:11:49,749] [WARNING] Failed to broadcast block to 127.0.0.1:5005. HTTP Error: 400 - BAD REQUEST
[2024-11-19 16:11:49,750] [DEBUG] Starting new HTTP connection (1): 127.0.0.1:5006
[2024-11-19 16:11:49,752] [DEBUG] Entered /receive_block endpoint
[2024-11-19 16:11:49,752] [DEBUG] Received block data: {'user_id': '8374846', 'previous_hash': 'cc656f2edb330258fb9aacf9a8a966f63769eae020ab57493668ef4aca5ceccf', 'transaction': {'action': 'register'}, 'nonce': 0, 'commitment': None, 'timestamp': 1732012909.6657073, 'consensus_node': 'node_5006'}
[2024-11-19 16:11:49,753] [DEBUG] Constructed new block: {
    "user_id": "8374846",
    "previous_hash": "cc656f2edb330258fb9aacf9a8a966f63769eae020ab57493668ef4aca5ceccf",
    "transaction": {
        "action": "register"
    },
    "commitment": null,
    "timestamp": 1732012909.6657073,
    "nonce": 0,
    "hash": "fb0a727a0eb0ccc56b85b1adabfaccea19906be2f853b2074db3c017d556a320"
}
[2024-11-19 16:11:49,753] [DEBUG] [Blockchain] Last block retrieved: {
    "user_id": "8374846",
    "previous_hash": "c00ac4a60b92e26d19299fa2351c601479dd41029f7825e7fc36a4ca32a04c52",
    "transaction": {
        "action": "register"
    },
    "commitment": null,
    "timestamp": 1732012909.6657073,
    "nonce": 0,
    "hash": "acb5f8c4f1eff61a1d66975a1e046ec6d8a74d0732ded110af95c3e02fb074e6"
}
[2024-11-19 16:11:49,753] [DEBUG] [HRBC] Cluster leaders elected: {0: 'node_5000', 1: 'node_5002', 2: 'node_5008'}
[2024-11-19 16:11:49,753] [DEBUG] [HRBC] Super node elected: node_5002
[2024-11-19 16:11:49,753] [ERROR] Invalid block received.
[2024-11-19 16:11:49,753] [INFO] 127.0.0.1 - - [19/Nov/2024 16:11:49] "[31m[1mPOST /receive_block HTTP/1.1[0m" 400 -
[2024-11-19 16:11:49,758] [DEBUG] Entered /receive_block endpoint
[2024-11-19 16:11:49,758] [DEBUG] Received block data: {'user_id': '8374846', 'previous_hash': '0a2b32a3937b8309e47a765371deeb99402051c62d5bc88efa0371e1dd3ed5b9', 'transaction': {'action': 'register'}, 'nonce': 0, 'commitment': None, 'timestamp': 1732012909.6677077, 'consensus_node': 'node_5003'}
[2024-11-19 16:11:49,758] [DEBUG] Constructed new block: {
    "user_id": "8374846",
    "previous_hash": "0a2b32a3937b8309e47a765371deeb99402051c62d5bc88efa0371e1dd3ed5b9",
    "transaction": {
        "action": "register"
    },
    "commitment": null,
    "timestamp": 1732012909.6677077,
    "nonce": 0,
    "hash": "0430d0f37678ca32cd971a75994d13cffbfbe08de1014fcc79b70cd1bcd010f6"
}
[2024-11-19 16:11:49,758] [DEBUG] [Blockchain] Last block retrieved: {
    "user_id": "8374846",
    "previous_hash": "c00ac4a60b92e26d19299fa2351c601479dd41029f7825e7fc36a4ca32a04c52",
    "transaction": {
        "action": "register"
    },
    "commitment": null,
    "timestamp": 1732012909.6657073,
    "nonce": 0,
    "hash": "acb5f8c4f1eff61a1d66975a1e046ec6d8a74d0732ded110af95c3e02fb074e6"
}
[2024-11-19 16:11:49,758] [DEBUG] [HRBC] Cluster leaders elected: {0: 'node_5000', 1: 'node_5002', 2: 'node_5008'}
[2024-11-19 16:11:49,758] [DEBUG] [HRBC] Super node elected: node_5002
[2024-11-19 16:11:49,758] [ERROR] Invalid block received.
[2024-11-19 16:11:49,759] [INFO] 127.0.0.1 - - [19/Nov/2024 16:11:49] "[31m[1mPOST /receive_block HTTP/1.1[0m" 400 -
[2024-11-19 16:11:49,770] [DEBUG] http://127.0.0.1:5006 "POST /receive_block HTTP/1.1" 400 33
[2024-11-19 16:11:49,771] [WARNING] Failed to broadcast block to 127.0.0.1:5006. HTTP Error: 400 - BAD REQUEST
[2024-11-19 16:11:49,772] [DEBUG] Starting new HTTP connection (1): 127.0.0.1:5007
[2024-11-19 16:11:49,777] [DEBUG] http://127.0.0.1:5007 "POST /receive_block HTTP/1.1" 400 33
[2024-11-19 16:11:49,778] [WARNING] Failed to broadcast block to 127.0.0.1:5007. HTTP Error: 400 - BAD REQUEST
[2024-11-19 16:11:49,779] [DEBUG] Starting new HTTP connection (1): 127.0.0.1:5008
[2024-11-19 16:11:49,782] [DEBUG] http://127.0.0.1:5008 "POST /receive_block HTTP/1.1" 400 33
[2024-11-19 16:11:49,782] [WARNING] Failed to broadcast block to 127.0.0.1:5008. HTTP Error: 400 - BAD REQUEST
[2024-11-19 16:11:49,784] [DEBUG] Starting new HTTP connection (1): 127.0.0.1:5009
[2024-11-19 16:11:49,788] [DEBUG] http://127.0.0.1:5009 "POST /receive_block HTTP/1.1" 400 33
[2024-11-19 16:11:49,788] [WARNING] Failed to broadcast block to 127.0.0.1:5009. HTTP Error: 400 - BAD REQUEST
[2024-11-19 16:11:49,789] [INFO] 127.0.0.1 - - [19/Nov/2024 16:11:49] "POST /register HTTP/1.1" 200 -
[2024-11-19 16:11:49,822] [DEBUG] Entered /initiate_zkp endpoint
[2024-11-19 16:11:49,822] [DEBUG] Received initiate_zkp data: {'userId': '8374846', 'T': 16}
[2024-11-19 16:11:49,822] [INFO] Commitment T stored for user 8374846.
[2024-11-19 16:11:49,822] [INFO] 127.0.0.1 - - [19/Nov/2024 16:11:49] "POST /initiate_zkp HTTP/1.1" 200 -
[2024-11-19 16:11:49,843] [DEBUG] Entered /verify_zkp endpoint
[2024-11-19 16:11:49,844] [DEBUG] Received verify_zkp data: {'userId': '8374846', 's': 16, 'challenge': 26}
[2024-11-19 16:11:49,844] [INFO] ZKP verified for user 8374846. Token issued: {'user_id': '8374846', 'node_id': '127.0.0.1:5002', 'exp': datetime.datetime(2024, 11, 19, 10, 46, 49, 844710)}
[2024-11-19 16:11:49,844] [INFO] 127.0.0.1 - - [19/Nov/2024 16:11:49] "POST /verify_zkp HTTP/1.1" 200 -
